[3.322s] Invoking command in '/home/ros/workspace/src/rover_camera': PYTHONPATH=/home/ros/workspace/build/rover_camera/prefix_override:/usr/lib/python3/dist-packages/colcon_core/task/python/colcon_distutils_commands:/home/ros/workspace/install/rover_camera/lib/python3.10/site-packages:${PYTHONPATH} /usr/bin/python3 -W ignore:setup.py install is deprecated setup.py egg_info --egg-base ../../build/rover_camera build --build-base /home/ros/workspace/build/rover_camera/build install --record /home/ros/workspace/build/rover_camera/install.log --single-version-externally-managed install_data
[4.284s] running egg_info
[4.288s] writing ../../build/rover_camera/rover_camera.egg-info/PKG-INFO
[4.289s] writing dependency_links to ../../build/rover_camera/rover_camera.egg-info/dependency_links.txt
[4.290s] writing entry points to ../../build/rover_camera/rover_camera.egg-info/entry_points.txt
[4.290s] writing requirements to ../../build/rover_camera/rover_camera.egg-info/requires.txt
[4.295s] writing top-level names to ../../build/rover_camera/rover_camera.egg-info/top_level.txt
[4.300s] reading manifest file '../../build/rover_camera/rover_camera.egg-info/SOURCES.txt'
[4.303s] writing manifest file '../../build/rover_camera/rover_camera.egg-info/SOURCES.txt'
[4.308s] running build
[4.308s] running build_py
[4.309s] running install
[4.309s] running install_lib
[4.313s] running install_data
[4.319s] running install_egg_info
[4.324s] removing '/home/ros/workspace/install/rover_camera/lib/python3.10/site-packages/rover_camera-0.0.0-py3.10.egg-info' (and everything under it)
[4.325s] Copying ../../build/rover_camera/rover_camera.egg-info to /home/ros/workspace/install/rover_camera/lib/python3.10/site-packages/rover_camera-0.0.0-py3.10.egg-info
[4.328s] running install_scripts
[4.416s] writing list of installed files to '/home/ros/workspace/build/rover_camera/install.log'
[4.632s] Invoked command in '/home/ros/workspace/src/rover_camera' returned '0': PYTHONPATH=/home/ros/workspace/build/rover_camera/prefix_override:/usr/lib/python3/dist-packages/colcon_core/task/python/colcon_distutils_commands:/home/ros/workspace/install/rover_camera/lib/python3.10/site-packages:${PYTHONPATH} /usr/bin/python3 -W ignore:setup.py install is deprecated setup.py egg_info --egg-base ../../build/rover_camera build --build-base /home/ros/workspace/build/rover_camera/build install --record /home/ros/workspace/build/rover_camera/install.log --single-version-externally-managed install_data
