Added Component: Designator=C1(SMD Capacitor [1210])
Add component (AddParameter): Name = "Capacitance"; Value = "100nF"; VariantName = "[No Variations]"
Add component (AddParameter): Name = "JLC Part #"; Value = ""; VariantName = "[No Variations]"
Add component (AddParameter): Name = "Mouser Part #"; Value = ""; VariantName = "[No Variations]"
Add component (AddParameter): Name = "Size Package"; Value = "1210"; VariantName = "[No Variations]"
Added Component: Designator=C2(SMD Cap - Polarized, 4mm)
Add component (AddParameter): Name = "Capacitance"; Value = "22uF"; VariantName = "[No Variations]"
Add component (AddParameter): Name = "Diameter"; Value = "4mm"; VariantName = "[No Variations]"
Add component (AddParameter): Name = "JLC Part #"; Value = ""; VariantName = "[No Variations]"
Add component (AddParameter): Name = "Mouser Part #"; Value = "667-EEE-FN1C220R"; VariantName = "[No Variations]"
Added Component: Designator=C3(SMD Capacitor [1210])
Add component (AddParameter): Name = "Capacitance"; Value = "10nF (0.01uF)"; VariantName = "[No Variations]"
Add component (AddParameter): Name = "JLC Part #"; Value = ""; VariantName = "[No Variations]"
Add component (AddParameter): Name = "Mouser Part #"; Value = "810-CGA6P1C0G3B103G2"; VariantName = "[No Variations]"
Add component (AddParameter): Name = "Size Package"; Value = "1210"; VariantName = "[No Variations]"
Added Component: Designator=C4(SMD Cap - Polarized, 4mm)
Add component (AddParameter): Name = "Capacitance"; Value = "1uF"; VariantName = "[No Variations]"
Add component (AddParameter): Name = "Diameter"; Value = "4mm"; VariantName = "[No Variations]"
Add component (AddParameter): Name = "JLC Part #"; Value = ""; VariantName = "[No Variations]"
Add component (AddParameter): Name = "Mouser Part #"; Value = "80-EXV105M050A9BAA"; VariantName = "[No Variations]"
Added Component: Designator=C5(SMD Capacitor [1210])
Add component (AddParameter): Name = "Capacitance"; Value = "100nF"; VariantName = "[No Variations]"
Add component (AddParameter): Name = "JLC Part #"; Value = ""; VariantName = "[No Variations]"
Add component (AddParameter): Name = "Mouser Part #"; Value = "581-12107C104KAT2A"; VariantName = "[No Variations]"
Add component (AddParameter): Name = "Size Package"; Value = "1210"; VariantName = "[No Variations]"
Added Component: Designator=C6(SMD Capacitor [1210])
Add component (AddParameter): Name = "Capacitance"; Value = "100nF"; VariantName = "[No Variations]"
Add component (AddParameter): Name = "JLC Part #"; Value = ""; VariantName = "[No Variations]"
Add component (AddParameter): Name = "Mouser Part #"; Value = "581-12107C104KAT2A"; VariantName = "[No Variations]"
Add component (AddParameter): Name = "Size Package"; Value = "1210"; VariantName = "[No Variations]"
Added Component: Designator=C7(HDR2X3)
Add component (AddParameter): Name = "LatestRevisionDate"; Value = "17-Jul-2002"; VariantName = "[No Variations]"
Add component (AddParameter): Name = "LatestRevisionNote"; Value = "Re-released for DXP Platform."; VariantName = "[No Variations]"
Add component (AddParameter): Name = "Publisher"; Value = "Altium Limited"; VariantName = "[No Variations]"
Added Component: Designator=C8(SMD Capacitor [1210])
Add component (AddParameter): Name = "Capacitance"; Value = "100nF"; VariantName = "[No Variations]"
Add component (AddParameter): Name = "JLC Part #"; Value = ""; VariantName = "[No Variations]"
Add component (AddParameter): Name = "Mouser Part #"; Value = "581-12107C104KAT2A"; VariantName = "[No Variations]"
Add component (AddParameter): Name = "Size Package"; Value = "1210"; VariantName = "[No Variations]"
Added Component: Designator=C9(SMD Capacitor [1210])
Add component (AddParameter): Name = "Capacitance"; Value = "100nF"; VariantName = "[No Variations]"
Add component (AddParameter): Name = "JLC Part #"; Value = ""; VariantName = "[No Variations]"
Add component (AddParameter): Name = "Mouser Part #"; Value = "581-12107C104KAT2A"; VariantName = "[No Variations]"
Add component (AddParameter): Name = "Size Package"; Value = "1210"; VariantName = "[No Variations]"
Added Component: Designator=C10(SMD Capacitor [1210])
Add component (AddParameter): Name = "Capacitance"; Value = "100nF"; VariantName = "[No Variations]"
Add component (AddParameter): Name = "JLC Part #"; Value = ""; VariantName = "[No Variations]"
Add component (AddParameter): Name = "Mouser Part #"; Value = "581-12107C104KAT2A"; VariantName = "[No Variations]"
Add component (AddParameter): Name = "Size Package"; Value = "1210"; VariantName = "[No Variations]"
Added Component: Designator=C11(SMD Capacitor [1210])
Add component (AddParameter): Name = "Capacitance"; Value = "100nF"; VariantName = "[No Variations]"
Add component (AddParameter): Name = "JLC Part #"; Value = ""; VariantName = "[No Variations]"
Add component (AddParameter): Name = "Mouser Part #"; Value = "581-12107C104KAT2A"; VariantName = "[No Variations]"
Add component (AddParameter): Name = "Size Package"; Value = "1210"; VariantName = "[No Variations]"
Added Component: Designator=C12(SMD Capacitor [1210])
Add component (AddParameter): Name = "Capacitance"; Value = "100nF"; VariantName = "[No Variations]"
Add component (AddParameter): Name = "JLC Part #"; Value = ""; VariantName = "[No Variations]"
Add component (AddParameter): Name = "Mouser Part #"; Value = "581-12107C104KAT2A"; VariantName = "[No Variations]"
Add component (AddParameter): Name = "Size Package"; Value = "1210"; VariantName = "[No Variations]"
Added Component: Designator=C13(SMD Capacitor [1210])
Add component (AddParameter): Name = "Capacitance"; Value = "100nF"; VariantName = "[No Variations]"
Add component (AddParameter): Name = "JLC Part #"; Value = ""; VariantName = "[No Variations]"
Add component (AddParameter): Name = "Mouser Part #"; Value = "581-12107C104KAT2A"; VariantName = "[No Variations]"
Add component (AddParameter): Name = "Size Package"; Value = "1210"; VariantName = "[No Variations]"
Added Component: Designator=C14(SMD Capacitor [1210])
Add component (AddParameter): Name = "Capacitance"; Value = "22pF"; VariantName = "[No Variations]"
Add component (AddParameter): Name = "JLC Part #"; Value = ""; VariantName = "[No Variations]"
Add component (AddParameter): Name = "Mouser Part #"; Value = "77-VJ1210A220JXGAT5Z"; VariantName = "[No Variations]"
Add component (AddParameter): Name = "Size Package"; Value = "1210"; VariantName = "[No Variations]"
Added Component: Designator=C15(SMD Capacitor [1210])
Add component (AddParameter): Name = "Capacitance"; Value = "22pF"; VariantName = "[No Variations]"
Add component (AddParameter): Name = "JLC Part #"; Value = ""; VariantName = "[No Variations]"
Add component (AddParameter): Name = "Mouser Part #"; Value = "77-VJ1210A220JXGAT5Z"; VariantName = "[No Variations]"
Add component (AddParameter): Name = "Size Package"; Value = "1210"; VariantName = "[No Variations]"
Added Component: Designator=C16(SMD Capacitor [1210])
Add component (AddParameter): Name = "Capacitance"; Value = "22pF"; VariantName = "[No Variations]"
Add component (AddParameter): Name = "JLC Part #"; Value = ""; VariantName = "[No Variations]"
Add component (AddParameter): Name = "Mouser Part #"; Value = "77-VJ1210A220JXGAT5Z"; VariantName = "[No Variations]"
Add component (AddParameter): Name = "Size Package"; Value = "1210"; VariantName = "[No Variations]"
Added Component: Designator=C17(SMD Capacitor [1210])
Add component (AddParameter): Name = "Capacitance"; Value = "100nF"; VariantName = "[No Variations]"
Add component (AddParameter): Name = "JLC Part #"; Value = ""; VariantName = "[No Variations]"
Add component (AddParameter): Name = "Mouser Part #"; Value = "581-12107C104KAT2A"; VariantName = "[No Variations]"
Add component (AddParameter): Name = "Size Package"; Value = "1210"; VariantName = "[No Variations]"
Added Component: Designator=C18(SMD Capacitor [1210])
Add component (AddParameter): Name = "Capacitance"; Value = "100nF"; VariantName = "[No Variations]"
Add component (AddParameter): Name = "JLC Part #"; Value = ""; VariantName = "[No Variations]"
Add component (AddParameter): Name = "Mouser Part #"; Value = "581-12107C104KAT2A"; VariantName = "[No Variations]"
Add component (AddParameter): Name = "Size Package"; Value = "1210"; VariantName = "[No Variations]"
Added Component: Designator=C19(SMD Capacitor [1210])
Add component (AddParameter): Name = "Capacitance"; Value = "100nF"; VariantName = "[No Variations]"
Add component (AddParameter): Name = "JLC Part #"; Value = ""; VariantName = "[No Variations]"
Add component (AddParameter): Name = "Mouser Part #"; Value = "581-12107C104KAT2A"; VariantName = "[No Variations]"
Add component (AddParameter): Name = "Size Package"; Value = "1210"; VariantName = "[No Variations]"
Added Component: Designator=C20(SMD Capacitor [1210])
Add component (AddParameter): Name = "Capacitance"; Value = "1uF"; VariantName = "[No Variations]"
Add component (AddParameter): Name = "JLC Part #"; Value = ""; VariantName = "[No Variations]"
Add component (AddParameter): Name = "Mouser Part #"; Value = "581-12107C104KAT2A"; VariantName = "[No Variations]"
Add component (AddParameter): Name = "Size Package"; Value = "1210"; VariantName = "[No Variations]"
Added Component: Designator=C21(SMD Capacitor [1210])
Add component (AddParameter): Name = "Capacitance"; Value = "1uF"; VariantName = "[No Variations]"
Add component (AddParameter): Name = "JLC Part #"; Value = ""; VariantName = "[No Variations]"
Add component (AddParameter): Name = "Mouser Part #"; Value = "581-12107C104KAT2A"; VariantName = "[No Variations]"
Add component (AddParameter): Name = "Size Package"; Value = "1210"; VariantName = "[No Variations]"
Added Component: Designator=C22(SMD Capacitor [1210])
Add component (AddParameter): Name = "Capacitance"; Value = "0.47uF (470nF)"; VariantName = "[No Variations]"
Add component (AddParameter): Name = "JLC Part #"; Value = ""; VariantName = "[No Variations]"
Add component (AddParameter): Name = "Mouser Part #"; Value = "581-KAF32GR71H105KU"; VariantName = "[No Variations]"
Add component (AddParameter): Name = "Size Package"; Value = "1210"; VariantName = "[No Variations]"
Added Component: Designator=C23(SMD Capacitor [1210])
Add component (AddParameter): Name = "Capacitance"; Value = "100nF"; VariantName = "[No Variations]"
Add component (AddParameter): Name = "JLC Part #"; Value = ""; VariantName = "[No Variations]"
Add component (AddParameter): Name = "Mouser Part #"; Value = "581-12107C104KAT2A"; VariantName = "[No Variations]"
Add component (AddParameter): Name = "Size Package"; Value = "1210"; VariantName = "[No Variations]"
Added Component: Designator=C24(SMD Cap - Polarized, 4mm)
Add component (AddParameter): Name = "Capacitance"; Value = "100uF"; VariantName = "[No Variations]"
Add component (AddParameter): Name = "Diameter"; Value = "4mm"; VariantName = "[No Variations]"
Add component (AddParameter): Name = "JLC Part #"; Value = ""; VariantName = "[No Variations]"
Add component (AddParameter): Name = "Mouser Part #"; Value = "667-EEE-FT0J101AR"; VariantName = "[No Variations]"
Added Component: Designator=C25(Thru-Hole Polarized Cap [3.5mm])
Add component (AddParameter): Name = "Capacitance"; Value = "1000uF"; VariantName = "[No Variations]"
Add component (AddParameter): Name = "JLC Part #"; Value = ""; VariantName = "[No Variations]"
Add component (AddParameter): Name = "Mouser Part #"; Value = "594-MAL214236102E3"; VariantName = "[No Variations]"
Add component (AddParameter): Name = "Pin Spacing"; Value = "5mm"; VariantName = "[No Variations]"
Added Component: Designator=D1(Small Yellow LED)
Add component (AddParameter): Name = "Color"; Value = "Yellow"; VariantName = "[No Variations]"
Added Component: Designator=D2(Small Green LED)
Add component (AddParameter): Name = "Color"; Value = "Green"; VariantName = "[No Variations]"
Added Component: Designator=D3(SMD Diode [1206])
Add component (AddParameter): Name = "JLC Part #"; Value = "C75465"; VariantName = "[No Variations]"
Add component (AddParameter): Name = "Size Package"; Value = "1206"; VariantName = "[No Variations]"
Added Component: Designator=D4(Small Yellow LED)
Add component (AddParameter): Name = "Color"; Value = "Yellow"; VariantName = "[No Variations]"
Added Component: Designator=D5(Small Yellow LED)
Add component (AddParameter): Name = "Color"; Value = "Yellow"; VariantName = "[No Variations]"
Added Component: Designator=D6(SMD Diode [1206])
Add component (AddParameter): Name = "JLC Part #"; Value = "C75465"; VariantName = "[No Variations]"
Add component (AddParameter): Name = "Size Package"; Value = "1206"; VariantName = "[No Variations]"
Added Component: Designator=D7(SMD M7 Rectifier)
Add component (AddParameter): Name = "JLC Part #"; Value = "C95872"; VariantName = "[No Variations]"
Added Component: Designator=D8(1N5822 Schottky Diode)
Add component (AddParameter): Name = "Mouser Part #"; Value = "511-1N5822"; VariantName = "[No Variations]"
Added Component: Designator=F1(SMD 500mA Resetable Fuse)
Add component (AddParameter): Name = "JLC Part #"; Value = "C17313"; VariantName = "[No Variations]"
Add component (AddParameter): Name = "Size Package"; Value = "1812"; VariantName = "[No Variations]"
Added Component: Designator=J1(Solderable Jumper)
Added Component: Designator=J2(Solderable Jumper)
Added Component: Designator=J3(Solderable Jumper)
Added Component: Designator=L1(SMD Inductor [0603])
Add component (AddParameter): Name = "Inductance"; Value = "10uH"; VariantName = "[No Variations]"
Add component (AddParameter): Name = "JLC Part #"; Value = ""; VariantName = "[No Variations]"
Add component (AddParameter): Name = "Mouser Part #"; Value = "963-LBC3225T100KR"; VariantName = "[No Variations]"
Add component (AddParameter): Name = "Size Package"; Value = "1210"; VariantName = "[No Variations]"
Added Component: Designator=L2(SMD Ferrite Bead [0805])
Add component (AddParameter): Name = "JLC Part #"; Value = "C840593"; VariantName = "[No Variations]"
Add component (AddParameter): Name = "Res @ Freq"; Value = "30 @ 100MHz"; VariantName = "[No Variations]"
Add component (AddParameter): Name = "Size Package"; Value = "0805"; VariantName = "[No Variations]"
Added Component: Designator=L3(SMD Inductor [1812])
Add component (AddParameter): Name = "Inductance"; Value = "100uH"; VariantName = "[No Variations]"
Add component (AddParameter): Name = "JLC Part #"; Value = ""; VariantName = "[No Variations]"
Add component (AddParameter): Name = "Mouser Part #"; Value = "70-ISC1812ER101J"; VariantName = "[No Variations]"
Add component (AddParameter): Name = "Size Package"; Value = "1812"; VariantName = "[No Variations]"
Added Component: Designator=O1(SMD 16MHz Oscillator [1])
Add component (AddParameter): Name = "JLC Part #"; Value = "C341521"; VariantName = "[No Variations]"
Added Component: Designator=O2(Thru-Hole 16MHz Oscillator)
Add component (AddParameter): Name = "JLC Part #"; Value = "C6873445"; VariantName = "[No Variations]"
Added Component: Designator=P1(HDR2X3)
Add component (AddParameter): Name = "LatestRevisionDate"; Value = "17-Jul-2002"; VariantName = "[No Variations]"
Add component (AddParameter): Name = "LatestRevisionNote"; Value = "Re-released for DXP Platform."; VariantName = "[No Variations]"
Add component (AddParameter): Name = "Publisher"; Value = "Altium Limited"; VariantName = "[No Variations]"
Added Component: Designator=P2(HDR1X2)
Add component (AddParameter): Name = "LatestRevisionDate"; Value = "17-Jul-2002"; VariantName = "[No Variations]"
Add component (AddParameter): Name = "LatestRevisionNote"; Value = "Re-released for DXP Platform."; VariantName = "[No Variations]"
Add component (AddParameter): Name = "Publisher"; Value = "Altium Limited"; VariantName = "[No Variations]"
Added Component: Designator=P3(HDR1X2)
Add component (AddParameter): Name = "LatestRevisionDate"; Value = "17-Jul-2002"; VariantName = "[No Variations]"
Add component (AddParameter): Name = "LatestRevisionNote"; Value = "Re-released for DXP Platform."; VariantName = "[No Variations]"
Add component (AddParameter): Name = "Publisher"; Value = "Altium Limited"; VariantName = "[No Variations]"
Added Component: Designator=Q1(SMD Mosfet (Part #: PMV48XP))
Add component (AddParameter): Name = "JLC Part #"; Value = "C2959854"; VariantName = "[No Variations]"
Added Component: Designator=R1(SMD Resistor [1210])
Add component (AddParameter): Name = "JLC Part #"; Value = ""; VariantName = "[No Variations]"
Add component (AddParameter): Name = "Mouser Part #"; Value = "71-CRCW1210220RJNEAH"; VariantName = "[No Variations]"
Add component (AddParameter): Name = "Resistance"; Value = "220"; VariantName = "[No Variations]"
Add component (AddParameter): Name = "Size Package"; Value = "1210"; VariantName = "[No Variations]"
Added Component: Designator=R2(SMD Resistor [1210])
Add component (AddParameter): Name = "JLC Part #"; Value = "C728401"; VariantName = "[No Variations]"
Add component (AddParameter): Name = "Mouser Part #"; Value = "71-CRCW12101M00FKEAH"; VariantName = "[No Variations]"
Add component (AddParameter): Name = "Resistance"; Value = "1M"; VariantName = "[No Variations]"
Add component (AddParameter): Name = "Size Package"; Value = "1210"; VariantName = "[No Variations]"
Added Component: Designator=R3(SMD Resistor [1210])
Add component (AddParameter): Name = "JLC Part #"; Value = ""; VariantName = "[No Variations]"
Add component (AddParameter): Name = "Mouser Part #"; Value = "71-CRCW121010K0JNAIF"; VariantName = "[No Variations]"
Add component (AddParameter): Name = "Resistance"; Value = "10k"; VariantName = "[No Variations]"
Add component (AddParameter): Name = "Size Package"; Value = "1210"; VariantName = "[No Variations]"
Added Component: Designator=R4(SMD Resistor [1210])
Add component (AddParameter): Name = "JLC Part #"; Value = ""; VariantName = "[No Variations]"
Add component (AddParameter): Name = "Mouser Part #"; Value = "71-CRCW121010K0JNAIF"; VariantName = "[No Variations]"
Add component (AddParameter): Name = "Resistance"; Value = "10k"; VariantName = "[No Variations]"
Add component (AddParameter): Name = "Size Package"; Value = "1210"; VariantName = "[No Variations]"
Added Component: Designator=R5(SMD Resistor [1210])
Add component (AddParameter): Name = "JLC Part #"; Value = ""; VariantName = "[No Variations]"
Add component (AddParameter): Name = "Mouser Part #"; Value = "71-CRCW1210220RJNEAH"; VariantName = "[No Variations]"
Add component (AddParameter): Name = "Resistance"; Value = "220"; VariantName = "[No Variations]"
Add component (AddParameter): Name = "Size Package"; Value = "1210"; VariantName = "[No Variations]"
Added Component: Designator=R6(SMD Resistor [1210])
Add component (AddParameter): Name = "JLC Part #"; Value = ""; VariantName = "[No Variations]"
Add component (AddParameter): Name = "Mouser Part #"; Value = "71-CRCW121010K0JNAIF"; VariantName = "[No Variations]"
Add component (AddParameter): Name = "Resistance"; Value = "10k"; VariantName = "[No Variations]"
Add component (AddParameter): Name = "Size Package"; Value = "1210"; VariantName = "[No Variations]"
Added Component: Designator=R7(SMD Resistor [1210])
Add component (AddParameter): Name = "JLC Part #"; Value = ""; VariantName = "[No Variations]"
Add component (AddParameter): Name = "Mouser Part #"; Value = "71-CRCW121010K0JNAIF"; VariantName = "[No Variations]"
Add component (AddParameter): Name = "Resistance"; Value = "10k"; VariantName = "[No Variations]"
Add component (AddParameter): Name = "Size Package"; Value = "1210"; VariantName = "[No Variations]"
Added Component: Designator=R8(SMD Resistor [1210])
Add component (AddParameter): Name = "JLC Part #"; Value = ""; VariantName = "[No Variations]"
Add component (AddParameter): Name = "Mouser Part #"; Value = "71-CRCW121010K0JNAIF"; VariantName = "[No Variations]"
Add component (AddParameter): Name = "Resistance"; Value = "10k"; VariantName = "[No Variations]"
Add component (AddParameter): Name = "Size Package"; Value = "1210"; VariantName = "[No Variations]"
Added Component: Designator=R9(SMD Resistor [1210])
Add component (AddParameter): Name = "JLC Part #"; Value = ""; VariantName = "[No Variations]"
Add component (AddParameter): Name = "Mouser Part #"; Value = "71-CRCW1210220RJNEAH"; VariantName = "[No Variations]"
Add component (AddParameter): Name = "Resistance"; Value = "220"; VariantName = "[No Variations]"
Add component (AddParameter): Name = "Size Package"; Value = "1210"; VariantName = "[No Variations]"
Added Component: Designator=R10(SMD Resistor [1210])
Add component (AddParameter): Name = "JLC Part #"; Value = "C728401"; VariantName = "[No Variations]"
Add component (AddParameter): Name = "Mouser Part #"; Value = "71-CRCW12101M00FKEAH"; VariantName = "[No Variations]"
Add component (AddParameter): Name = "Resistance"; Value = "1M"; VariantName = "[No Variations]"
Add component (AddParameter): Name = "Size Package"; Value = "1210"; VariantName = "[No Variations]"
Added Component: Designator=R11(SMD Resistor [1210])
Add component (AddParameter): Name = "JLC Part #"; Value = ""; VariantName = "[No Variations]"
Add component (AddParameter): Name = "Mouser Part #"; Value = "71-CRCW1210220RJNEAH"; VariantName = "[No Variations]"
Add component (AddParameter): Name = "Resistance"; Value = "220"; VariantName = "[No Variations]"
Add component (AddParameter): Name = "Size Package"; Value = "1210"; VariantName = "[No Variations]"
Added Component: Designator=R12(SMD Resistor [1210])
Add component (AddParameter): Name = "JLC Part #"; Value = ""; VariantName = "[No Variations]"
Add component (AddParameter): Name = "Mouser Part #"; Value = "71-CRCW12101K00JNAIF"; VariantName = "[No Variations]"
Add component (AddParameter): Name = "Resistance"; Value = "1K"; VariantName = "[No Variations]"
Add component (AddParameter): Name = "Size Package"; Value = "1210"; VariantName = "[No Variations]"
Added Component: Designator=R13(SMD Resistor [1210])
Add component (AddParameter): Name = "JLC Part #"; Value = ""; VariantName = "[No Variations]"
Add component (AddParameter): Name = "Mouser Part #"; Value = "71-CRCW12101K00JNAIF"; VariantName = "[No Variations]"
Add component (AddParameter): Name = "Resistance"; Value = "1K"; VariantName = "[No Variations]"
Add component (AddParameter): Name = "Size Package"; Value = "1210"; VariantName = "[No Variations]"
Added Component: Designator=R14(SMD Resistor [1210])
Add component (AddParameter): Name = "JLC Part #"; Value = ""; VariantName = "[No Variations]"
Add component (AddParameter): Name = "Mouser Part #"; Value = "71-CRCW12101K00JNAIF"; VariantName = "[No Variations]"
Add component (AddParameter): Name = "Resistance"; Value = "1K"; VariantName = "[No Variations]"
Add component (AddParameter): Name = "Size Package"; Value = "1210"; VariantName = "[No Variations]"
Added Component: Designator=R15(SMD Resistor [1210])
Add component (AddParameter): Name = "JLC Part #"; Value = ""; VariantName = "[No Variations]"
Add component (AddParameter): Name = "Mouser Part #"; Value = "71-CRCW121022R0JNEAH"; VariantName = "[No Variations]"
Add component (AddParameter): Name = "Resistance"; Value = "22"; VariantName = "[No Variations]"
Add component (AddParameter): Name = "Size Package"; Value = "1210"; VariantName = "[No Variations]"
Added Component: Designator=R16(SMD Resistor [1210])
Add component (AddParameter): Name = "JLC Part #"; Value = ""; VariantName = "[No Variations]"
Add component (AddParameter): Name = "Mouser Part #"; Value = "71-CRCW121022R0JNEAH"; VariantName = "[No Variations]"
Add component (AddParameter): Name = "Resistance"; Value = "22"; VariantName = "[No Variations]"
Add component (AddParameter): Name = "Size Package"; Value = "1210"; VariantName = "[No Variations]"
Added Component: Designator=R17(SMD Resistor [1210])
Add component (AddParameter): Name = "JLC Part #"; Value = ""; VariantName = "[No Variations]"
Add component (AddParameter): Name = "Mouser Part #"; Value = "71-CRCW121010K0JNAIF"; VariantName = "[No Variations]"
Add component (AddParameter): Name = "Resistance"; Value = "10k"; VariantName = "[No Variations]"
Add component (AddParameter): Name = "Size Package"; Value = "1210"; VariantName = "[No Variations]"
Added Component: Designator=R18(SMD Resistor [1210])
Add component (AddParameter): Name = "JLC Part #"; Value = ""; VariantName = "[No Variations]"
Add component (AddParameter): Name = "Mouser Part #"; Value = "71-CRCW121010K0JNAIF"; VariantName = "[No Variations]"
Add component (AddParameter): Name = "Resistance"; Value = "10k"; VariantName = "[No Variations]"
Add component (AddParameter): Name = "Size Package"; Value = "1210"; VariantName = "[No Variations]"
Added Component: Designator=S1(Thru-Hole Pushbutton)
Added Component: Designator=SR1(SMD Resistor [4527])
Add component (AddParameter): Name = "JLC Part #"; Value = ""; VariantName = "[No Variations]"
Add component (AddParameter): Name = "Mouser Part #"; Value = "71-WSR5R0500FEA"; VariantName = "[No Variations]"
Add component (AddParameter): Name = "Resistance"; Value = "50m"; VariantName = "[No Variations]"
Add component (AddParameter): Name = "Size Package"; Value = "4527"; VariantName = "[No Variations]"
Added Component: Designator=U1(SMD ATMega2560_AU)
Add component (AddParameter): Name = "JLC Part #"; Value = "C22460"; VariantName = "[No Variations]"
Added Component: Designator=U2(SMD ATMega16U2_AUR)
Add component (AddParameter): Name = "JLC Part #"; Value = "C507117"; VariantName = "[No Variations]"
Added Component: Designator=U3(SMD Dual Op-Ap (LMV358IDGKR))
Add component (AddParameter): Name = "JLC Part #"; Value = "C105242"; VariantName = "[No Variations]"
Added Component: Designator=U4(SMD 3V3 Regulator)
Add component (AddParameter): Name = "JLC Part #"; Value = "C95414"; VariantName = "[No Variations]"
Add component (AddParameter): Name = "Mouser Part #"; Value = "595-LP2985-33DBVR"; VariantName = "[No Variations]"
Added Component: Designator=U5(Battery Monitor IC)
Add component (AddParameter): Name = "Mouser Part #"; Value = "584-LTC2959IDDBTRMPB"; VariantName = "[No Variations]"
Added Component: Designator=U6(LM2576 Step Down Converter)
Added Component: Designator=U7(Dual 7seg Display)
Add component (AddParameter): Name = "Color"; Value = ""; VariantName = "[No Variations]"
Add component (AddParameter): Name = "Mouser Part #"; Value = ""; VariantName = "[No Variations]"
Added Component: Designator=U8(16PIN DIP IC)
Add component (AddParameter): Name = "Mouser Part #"; Value = "652-4116R-1LF-220"; VariantName = "[No Variations]"
Added Component: Designator=U9(16PIN DIP IC)
Add component (AddParameter): Name = "Mouser Part #"; Value = "652-4116R-1LF-220"; VariantName = "[No Variations]"
Added Component: Designator=U10(16PIN DIP IC)
Add component (AddParameter): Name = "Mouser Part #"; Value = "652-4116R-1LF-220"; VariantName = "[No Variations]"
Added Component: Designator=U11(16PIN DIP IC)
Add component (AddParameter): Name = "Mouser Part #"; Value = "652-4116R-1LF-220"; VariantName = "[No Variations]"
Added Component: Designator=U12(Dual 7seg Display)
Add component (AddParameter): Name = "Color"; Value = ""; VariantName = "[No Variations]"
Add component (AddParameter): Name = "Mouser Part #"; Value = ""; VariantName = "[No Variations]"
Added Component: Designator=U13(16PIN DIP IC)
Add component (AddParameter): Name = "Mouser Part #"; Value = "652-4116R-1LF-220"; VariantName = "[No Variations]"
Added Component: Designator=U14(16PIN DIP IC)
Add component (AddParameter): Name = "Mouser Part #"; Value = "652-4116R-1LF-220"; VariantName = "[No Variations]"
Added Component: Designator=U15(16PIN DIP IC)
Add component (AddParameter): Name = "Mouser Part #"; Value = "652-4116R-1LF-220"; VariantName = "[No Variations]"
Added Component: Designator=U16(16PIN DIP IC)
Add component (AddParameter): Name = "Mouser Part #"; Value = "652-4116R-1LF-220"; VariantName = "[No Variations]"
Added Component: Designator=X1(USB Type-B Female (Thru-Hole))
Add component (AddParameter): Name = "JLC Part #"; Value = "C5714571"; VariantName = "[No Variations]"
Added Component: Designator=Z1(SMD Varistor [0603])
Add component (AddParameter): Name = "JLC Part #"; Value = "C840634"; VariantName = "[No Variations]"
Add component (AddParameter): Name = "Size Package"; Value = "0603"; VariantName = "[No Variations]"
Added Component: Designator=Z2(SMD Varistor [0603])
Add component (AddParameter): Name = "JLC Part #"; Value = "C840634"; VariantName = "[No Variations]"
Add component (AddParameter): Name = "Size Package"; Value = "0603"; VariantName = "[No Variations]"
Added Pin To Net: NetName=+3V3 Pin=C2-1
Added Pin To Net: NetName=+3V3 Pin=U3-5
Added Pin To Net: NetName=+3V3 Pin=U4-5
Added Net: Name=+3V3
Added Pin To Net: NetName=3V3 Reg VIN Pin=C1-2
Added Pin To Net: NetName=3V3 Reg VIN Pin=C4-1
Added Pin To Net: NetName=3V3 Reg VIN Pin=C5-2
Added Pin To Net: NetName=3V3 Reg VIN Pin=C7-2
Added Pin To Net: NetName=3V3 Reg VIN Pin=C9-2
Added Pin To Net: NetName=3V3 Reg VIN Pin=C10-2
Added Pin To Net: NetName=3V3 Reg VIN Pin=C11-2
Added Pin To Net: NetName=3V3 Reg VIN Pin=C12-2
Added Pin To Net: NetName=3V3 Reg VIN Pin=C19-2
Added Pin To Net: NetName=3V3 Reg VIN Pin=C25-1
Added Pin To Net: NetName=3V3 Reg VIN Pin=D3-C
Added Pin To Net: NetName=3V3 Reg VIN Pin=D6-C
Added Pin To Net: NetName=3V3 Reg VIN Pin=L1-2
Added Pin To Net: NetName=3V3 Reg VIN Pin=L3-2
Added Pin To Net: NetName=3V3 Reg VIN Pin=P1-2
Added Pin To Net: NetName=3V3 Reg VIN Pin=Q1-2
Added Pin To Net: NetName=3V3 Reg VIN Pin=R3-2
Added Pin To Net: NetName=3V3 Reg VIN Pin=R4-2
Added Pin To Net: NetName=3V3 Reg VIN Pin=R5-2
Added Pin To Net: NetName=3V3 Reg VIN Pin=R6-2
Added Pin To Net: NetName=3V3 Reg VIN Pin=R8-2
Added Pin To Net: NetName=3V3 Reg VIN Pin=R9-2
Added Pin To Net: NetName=3V3 Reg VIN Pin=R11-2
Added Pin To Net: NetName=3V3 Reg VIN Pin=R17-2
Added Pin To Net: NetName=3V3 Reg VIN Pin=R18-1
Added Pin To Net: NetName=3V3 Reg VIN Pin=U1-10
Added Pin To Net: NetName=3V3 Reg VIN Pin=U1-31
Added Pin To Net: NetName=3V3 Reg VIN Pin=U1-61
Added Pin To Net: NetName=3V3 Reg VIN Pin=U1-80
Added Pin To Net: NetName=3V3 Reg VIN Pin=U2-4
Added Pin To Net: NetName=3V3 Reg VIN Pin=U2-32
Added Pin To Net: NetName=3V3 Reg VIN Pin=U3-8
Added Pin To Net: NetName=3V3 Reg VIN Pin=U4-1
Added Pin To Net: NetName=3V3 Reg VIN Pin=U4-3
Added Pin To Net: NetName=3V3 Reg VIN Pin=U6-4
Added Pin To Net: NetName=3V3 Reg VIN Pin=U7-13
Added Pin To Net: NetName=3V3 Reg VIN Pin=U7-14
Added Pin To Net: NetName=3V3 Reg VIN Pin=U9-10
Added Pin To Net: NetName=3V3 Reg VIN Pin=U9-16
Added Pin To Net: NetName=3V3 Reg VIN Pin=U11-10
Added Pin To Net: NetName=3V3 Reg VIN Pin=U11-16
Added Pin To Net: NetName=3V3 Reg VIN Pin=U12-13
Added Pin To Net: NetName=3V3 Reg VIN Pin=U12-14
Added Pin To Net: NetName=3V3 Reg VIN Pin=U14-10
Added Pin To Net: NetName=3V3 Reg VIN Pin=U14-16
Added Pin To Net: NetName=3V3 Reg VIN Pin=U16-10
Added Pin To Net: NetName=3V3 Reg VIN Pin=U16-16
Added Net: Name=3V3 Reg VIN
Added Pin To Net: NetName=16U2_UCAP Pin=C20-2
Added Pin To Net: NetName=16U2_UCAP Pin=U2-27
Added Net: Name=16U2_UCAP
Added Pin To Net: NetName=2959_GPIO Pin=R18-2
Added Pin To Net: NetName=2959_GPIO Pin=U1-7
Added Pin To Net: NetName=2959_GPIO Pin=U5-8
Added Net: Name=2959_GPIO
Added Pin To Net: NetName=AREF Pin=C13-2
Added Pin To Net: NetName=AREF Pin=U1-98
Added Net: Name=AREF
Added Pin To Net: NetName=AVCC Pin=C8-2
Added Pin To Net: NetName=AVCC Pin=L1-1
Added Pin To Net: NetName=AVCC Pin=U1-100
Added Net: Name=AVCC
Added Pin To Net: NetName=Battery+ Pin=D7-A
Added Pin To Net: NetName=Battery+ Pin=P2-1
Added Pin To Net: NetName=Battery+ Pin=SR1-1
Added Pin To Net: NetName=Battery+ Pin=U5-5
Added Net: Name=Battery+
Added Pin To Net: NetName=CF+ Pin=C22-1
Added Pin To Net: NetName=CF+ Pin=U5-3
Added Net: Name=CF+
Added Pin To Net: NetName=CF- Pin=C22-2
Added Pin To Net: NetName=CF- Pin=U5-4
Added Net: Name=CF-
Added Pin To Net: NetName=D+ Pin=R16-2
Added Pin To Net: NetName=D+ Pin=U2-30
Added Net: Name=D+
Added Pin To Net: NetName=D- Pin=R15-2
Added Pin To Net: NetName=D- Pin=U2-29
Added Net: Name=D-
Added Pin To Net: NetName=LM2576_OUTPUT Pin=D8-1
Added Pin To Net: NetName=LM2576_OUTPUT Pin=L3-1
Added Pin To Net: NetName=LM2576_OUTPUT Pin=U6-2
Added Net: Name=LM2576_OUTPUT
Added Pin To Net: NetName=LM2576_VIN Pin=C24-1
Added Pin To Net: NetName=LM2576_VIN Pin=D7-C
Added Pin To Net: NetName=LM2576_VIN Pin=U6-1
Added Net: Name=LM2576_VIN
Added Pin To Net: NetName=Load+ Pin=C23-2
Added Pin To Net: NetName=Load+ Pin=P3-1
Added Pin To Net: NetName=Load+ Pin=SR1-2
Added Pin To Net: NetName=Load+ Pin=U5-1
Added Pin To Net: NetName=Load+ Pin=U5-2
Added Net: Name=Load+
Added Pin To Net: NetName=NetC3_2 Pin=C3-2
Added Pin To Net: NetName=NetC3_2 Pin=U4-4
Added Net: Name=NetC3_2
Added Pin To Net: NetName=NetC17_2 Pin=C17-2
Added Pin To Net: NetName=NetC17_2 Pin=J1-1
Added Pin To Net: NetName=NetC17_2 Pin=J2-1
Added Net: Name=NetC17_2
Added Pin To Net: NetName=NetD1_1 Pin=D1-1
Added Pin To Net: NetName=NetD1_1 Pin=R1-1
Added Net: Name=NetD1_1
Added Pin To Net: NetName=NetD2_1 Pin=D2-1
Added Pin To Net: NetName=NetD2_1 Pin=R5-1
Added Net: Name=NetD2_1
Added Pin To Net: NetName=NetD4_1 Pin=D4-1
Added Pin To Net: NetName=NetD4_1 Pin=R9-1
Added Net: Name=NetD4_1
Added Pin To Net: NetName=NetD5_1 Pin=D5-1
Added Pin To Net: NetName=NetD5_1 Pin=R11-1
Added Net: Name=NetD5_1
Added Pin To Net: NetName=NetF1_1 Pin=F1-1
Added Pin To Net: NetName=NetF1_1 Pin=X1-1
Added Net: Name=NetF1_1
Added Pin To Net: NetName=NetL2_1 Pin=L2-1
Added Pin To Net: NetName=NetL2_1 Pin=X1-S1
Added Pin To Net: NetName=NetL2_1 Pin=X1-S2
Added Pin To Net: NetName=NetL2_1 Pin=Z1-1
Added Pin To Net: NetName=NetL2_1 Pin=Z2-1
Added Net: Name=NetL2_1
Added Pin To Net: NetName=NetR15_1 Pin=R15-1
Added Pin To Net: NetName=NetR15_1 Pin=X1-2
Added Pin To Net: NetName=NetR15_1 Pin=Z2-2
Added Net: Name=NetR15_1
Added Pin To Net: NetName=NetR16_1 Pin=R16-1
Added Pin To Net: NetName=NetR16_1 Pin=X1-3
Added Pin To Net: NetName=NetR16_1 Pin=Z1-2
Added Net: Name=NetR16_1
Added Pin To Net: NetName=Op A (+) Input Pin=U1-26
Added Pin To Net: NetName=Op A (+) Input Pin=U3-3
Added Net: Name=Op A (+) Input
Added Pin To Net: NetName=Op A Output Pin=R1-2
Added Pin To Net: NetName=Op A Output Pin=U3-1
Added Pin To Net: NetName=Op A Output Pin=U3-2
Added Net: Name=Op A Output
Added Pin To Net: NetName=Op B (-) Input Pin=C6-2
Added Pin To Net: NetName=Op B (-) Input Pin=R6-1
Added Pin To Net: NetName=Op B (-) Input Pin=R7-2
Added Pin To Net: NetName=Op B (-) Input Pin=U3-6
Added Net: Name=Op B (-) Input
Added Pin To Net: NetName=Op B Output Pin=Q1-1
Added Pin To Net: NetName=Op B Output Pin=U3-7
Added Net: Name=Op B Output
Added Pin To Net: NetName=PA0 Pin=U1-78
Added Pin To Net: NetName=PA0 Pin=U9-14
Added Net: Name=PA0
Added Pin To Net: NetName=PA1 Pin=U1-77
Added Pin To Net: NetName=PA1 Pin=U9-12
Added Net: Name=PA1
Added Pin To Net: NetName=PA2 Pin=U1-76
Added Pin To Net: NetName=PA2 Pin=U9-11
Added Net: Name=PA2
Added Pin To Net: NetName=PA3 Pin=U1-75
Added Pin To Net: NetName=PA3 Pin=U11-14
Added Net: Name=PA3
Added Pin To Net: NetName=PA4 Pin=U1-74
Added Pin To Net: NetName=PA4 Pin=U11-12
Added Net: Name=PA4
Added Pin To Net: NetName=PA5 Pin=U1-73
Added Pin To Net: NetName=PA5 Pin=U11-11
Added Net: Name=PA5
Added Pin To Net: NetName=PA6 Pin=U1-72
Added Pin To Net: NetName=PA6 Pin=U14-14
Added Net: Name=PA6
Added Pin To Net: NetName=PA7 Pin=U1-71
Added Pin To Net: NetName=PA7 Pin=U14-12
Added Net: Name=PA7
Added Pin To Net: NetName=PB1_16U2 Pin=P1-3
Added Pin To Net: NetName=PB1_16U2 Pin=U2-15
Added Net: Name=PB1_16U2
Added Pin To Net: NetName=PB1 Pin=C7-3
Added Pin To Net: NetName=PB1 Pin=U1-20
Added Net: Name=PB1
Added Pin To Net: NetName=PB2_16U2 Pin=P1-4
Added Pin To Net: NetName=PB2_16U2 Pin=U2-16
Added Net: Name=PB2_16U2
Added Pin To Net: NetName=PB2 Pin=C7-4
Added Pin To Net: NetName=PB2 Pin=U1-21
Added Net: Name=PB2
Added Pin To Net: NetName=PB3_16U2 Pin=P1-1
Added Pin To Net: NetName=PB3_16U2 Pin=U2-17
Added Net: Name=PB3_16U2
Added Pin To Net: NetName=PB3 Pin=C7-1
Added Pin To Net: NetName=PB3 Pin=U1-22
Added Net: Name=PB3
Added Pin To Net: NetName=PC4 Pin=U1-57
Added Pin To Net: NetName=PC4 Pin=U16-11
Added Net: Name=PC4
Added Pin To Net: NetName=PC5 Pin=U1-58
Added Pin To Net: NetName=PC5 Pin=U16-12
Added Net: Name=PC5
Added Pin To Net: NetName=PC6 Pin=U1-59
Added Pin To Net: NetName=PC6 Pin=U16-14
Added Net: Name=PC6
Added Pin To Net: NetName=PC7 Pin=U1-60
Added Pin To Net: NetName=PC7 Pin=U14-11
Added Net: Name=PC7
Added Pin To Net: NetName=PD2_16U2 Pin=R13-2
Added Pin To Net: NetName=PD2_16U2 Pin=U2-8
Added Net: Name=PD2_16U2
Added Pin To Net: NetName=PD3_16U2 Pin=R14-2
Added Pin To Net: NetName=PD3_16U2 Pin=U2-9
Added Net: Name=PD3_16U2
Added Pin To Net: NetName=PD4_16U2 Pin=D5-2
Added Pin To Net: NetName=PD4_16U2 Pin=U2-10
Added Net: Name=PD4_16U2
Added Pin To Net: NetName=PD5_16U2 Pin=D4-2
Added Pin To Net: NetName=PD5_16U2 Pin=U2-11
Added Net: Name=PD5_16U2
Added Pin To Net: NetName=PD7_16U2 Pin=C17-1
Added Pin To Net: NetName=PD7_16U2 Pin=R12-1
Added Pin To Net: NetName=PD7_16U2 Pin=U2-13
Added Net: Name=PD7_16U2
Added Pin To Net: NetName=Reset2 Pin=D6-A
Added Pin To Net: NetName=Reset2 Pin=J1-2
Added Pin To Net: NetName=Reset2 Pin=P1-5
Added Pin To Net: NetName=Reset2 Pin=R17-1
Added Pin To Net: NetName=Reset2 Pin=U2-24
Added Net: Name=Reset2
Added Pin To Net: NetName=Reset Pin=C7-5
Added Pin To Net: NetName=Reset Pin=C14-2
Added Pin To Net: NetName=Reset Pin=D3-A
Added Pin To Net: NetName=Reset Pin=J2-2
Added Pin To Net: NetName=Reset Pin=R8-1
Added Pin To Net: NetName=Reset Pin=S1-1
Added Pin To Net: NetName=Reset Pin=U1-30
Added Net: Name=Reset
Added Pin To Net: NetName=RXD0 Pin=R14-1
Added Pin To Net: NetName=RXD0 Pin=U1-2
Added Net: Name=RXD0
Added Pin To Net: NetName=SCL Pin=R4-1
Added Pin To Net: NetName=SCL Pin=U1-43
Added Pin To Net: NetName=SCL Pin=U5-6
Added Net: Name=SCL
Added Pin To Net: NetName=SDA Pin=R3-1
Added Pin To Net: NetName=SDA Pin=U1-44
Added Pin To Net: NetName=SDA Pin=U5-7
Added Net: Name=SDA
Added Pin To Net: NetName=Seg1_A_NR Pin=U8-3
Added Pin To Net: NetName=Seg1_A_NR Pin=U9-3
Added Net: Name=Seg1_A_NR
Added Pin To Net: NetName=Seg1_A Pin=U7-16
Added Pin To Net: NetName=Seg1_A Pin=U8-14
Added Net: Name=Seg1_A
Added Pin To Net: NetName=Seg1_B_NR Pin=U8-4
Added Pin To Net: NetName=Seg1_B_NR Pin=U9-4
Added Net: Name=Seg1_B_NR
Added Pin To Net: NetName=Seg1_B Pin=U7-15
Added Pin To Net: NetName=Seg1_B Pin=U8-13
Added Net: Name=Seg1_B
Added Pin To Net: NetName=Seg1_C_NR Pin=U8-7
Added Pin To Net: NetName=Seg1_C_NR Pin=U9-7
Added Net: Name=Seg1_C_NR
Added Pin To Net: NetName=Seg1_C Pin=U7-3
Added Pin To Net: NetName=Seg1_C Pin=U8-10
Added Net: Name=Seg1_C
Added Pin To Net: NetName=Seg1_D_NR Pin=U8-6
Added Pin To Net: NetName=Seg1_D_NR Pin=U9-6
Added Net: Name=Seg1_D_NR
Added Pin To Net: NetName=Seg1_DP_NR Pin=U8-8
Added Pin To Net: NetName=Seg1_DP_NR Pin=U9-15
Added Net: Name=Seg1_DP_NR
Added Pin To Net: NetName=Seg1_DP Pin=U7-4
Added Pin To Net: NetName=Seg1_DP Pin=U8-9
Added Net: Name=Seg1_DP
Added Pin To Net: NetName=Seg1_D Pin=U7-2
Added Pin To Net: NetName=Seg1_D Pin=U8-11
Added Net: Name=Seg1_D
Added Pin To Net: NetName=Seg1_E_NR Pin=U8-5
Added Pin To Net: NetName=Seg1_E_NR Pin=U9-5
Added Net: Name=Seg1_E_NR
Added Pin To Net: NetName=Seg1_E Pin=U7-1
Added Pin To Net: NetName=Seg1_E Pin=U8-12
Added Net: Name=Seg1_E
Added Pin To Net: NetName=Seg1_F_NR Pin=U8-1
Added Pin To Net: NetName=Seg1_F_NR Pin=U9-1
Added Net: Name=Seg1_F_NR
Added Pin To Net: NetName=Seg1_F Pin=U7-18
Added Pin To Net: NetName=Seg1_F Pin=U8-16
Added Net: Name=Seg1_F
Added Pin To Net: NetName=Seg1_G_NR Pin=U8-2
Added Pin To Net: NetName=Seg1_G_NR Pin=U9-2
Added Net: Name=Seg1_G_NR
Added Pin To Net: NetName=Seg1_G Pin=U7-17
Added Pin To Net: NetName=Seg1_G Pin=U8-15
Added Net: Name=Seg1_G
Added Pin To Net: NetName=Seg2_A_NR Pin=U10-2
Added Pin To Net: NetName=Seg2_A_NR Pin=U11-2
Added Net: Name=Seg2_A_NR
Added Pin To Net: NetName=Seg2_A Pin=U7-11
Added Pin To Net: NetName=Seg2_A Pin=U10-15
Added Net: Name=Seg2_A
Added Pin To Net: NetName=Seg2_B_NR Pin=U10-3
Added Pin To Net: NetName=Seg2_B_NR Pin=U11-3
Added Net: Name=Seg2_B_NR
Added Pin To Net: NetName=Seg2_B Pin=U7-10
Added Pin To Net: NetName=Seg2_B Pin=U10-14
Added Net: Name=Seg2_B
Added Pin To Net: NetName=Seg2_C_NR Pin=U10-7
Added Pin To Net: NetName=Seg2_C_NR Pin=U11-7
Added Net: Name=Seg2_C_NR
Added Pin To Net: NetName=Seg2_C Pin=U7-8
Added Pin To Net: NetName=Seg2_C Pin=U10-10
Added Net: Name=Seg2_C
Added Pin To Net: NetName=Seg2_D_NR Pin=U10-5
Added Pin To Net: NetName=Seg2_D_NR Pin=U11-5
Added Net: Name=Seg2_D_NR
Added Pin To Net: NetName=Seg2_DP_NR Pin=U10-8
Added Pin To Net: NetName=Seg2_DP_NR Pin=U11-15
Added Net: Name=Seg2_DP_NR
Added Pin To Net: NetName=Seg2_DP Pin=U7-9
Added Pin To Net: NetName=Seg2_DP Pin=U10-9
Added Net: Name=Seg2_DP
Added Pin To Net: NetName=Seg2_D Pin=U7-6
Added Pin To Net: NetName=Seg2_D Pin=U10-12
Added Net: Name=Seg2_D
Added Pin To Net: NetName=Seg2_E_NR Pin=U10-4
Added Pin To Net: NetName=Seg2_E_NR Pin=U11-4
Added Net: Name=Seg2_E_NR
Added Pin To Net: NetName=Seg2_E Pin=U7-5
Added Pin To Net: NetName=Seg2_E Pin=U10-13
Added Net: Name=Seg2_E
Added Pin To Net: NetName=Seg2_F_NR Pin=U10-1
Added Pin To Net: NetName=Seg2_F_NR Pin=U11-1
Added Net: Name=Seg2_F_NR
Added Pin To Net: NetName=Seg2_F Pin=U7-12
Added Pin To Net: NetName=Seg2_F Pin=U10-16
Added Net: Name=Seg2_F
Added Pin To Net: NetName=Seg2_G_NR Pin=U10-6
Added Pin To Net: NetName=Seg2_G_NR Pin=U11-6
Added Net: Name=Seg2_G_NR
Added Pin To Net: NetName=Seg2_G Pin=U7-7
Added Pin To Net: NetName=Seg2_G Pin=U10-11
Added Net: Name=Seg2_G
Added Pin To Net: NetName=Seg3_A_NR Pin=U13-3
Added Pin To Net: NetName=Seg3_A_NR Pin=U14-3
Added Net: Name=Seg3_A_NR
Added Pin To Net: NetName=Seg3_A Pin=U12-16
Added Pin To Net: NetName=Seg3_A Pin=U13-14
Added Net: Name=Seg3_A
Added Pin To Net: NetName=Seg3_B_NR Pin=U13-4
Added Pin To Net: NetName=Seg3_B_NR Pin=U14-4
Added Net: Name=Seg3_B_NR
Added Pin To Net: NetName=Seg3_B Pin=U12-15
Added Pin To Net: NetName=Seg3_B Pin=U13-13
Added Net: Name=Seg3_B
Added Pin To Net: NetName=Seg3_C_NR Pin=U13-7
Added Pin To Net: NetName=Seg3_C_NR Pin=U14-7
Added Net: Name=Seg3_C_NR
Added Pin To Net: NetName=Seg3_C Pin=U12-3
Added Pin To Net: NetName=Seg3_C Pin=U13-10
Added Net: Name=Seg3_C
Added Pin To Net: NetName=Seg3_D_NR Pin=U13-6
Added Pin To Net: NetName=Seg3_D_NR Pin=U14-6
Added Net: Name=Seg3_D_NR
Added Pin To Net: NetName=Seg3_DP_NR Pin=U13-8
Added Pin To Net: NetName=Seg3_DP_NR Pin=U14-15
Added Net: Name=Seg3_DP_NR
Added Pin To Net: NetName=Seg3_DP Pin=U12-4
Added Pin To Net: NetName=Seg3_DP Pin=U13-9
Added Net: Name=Seg3_DP
Added Pin To Net: NetName=Seg3_D Pin=U12-2
Added Pin To Net: NetName=Seg3_D Pin=U13-11
Added Net: Name=Seg3_D
Added Pin To Net: NetName=Seg3_E_NR Pin=U13-5
Added Pin To Net: NetName=Seg3_E_NR Pin=U14-5
Added Net: Name=Seg3_E_NR
Added Pin To Net: NetName=Seg3_E Pin=U12-1
Added Pin To Net: NetName=Seg3_E Pin=U13-12
Added Net: Name=Seg3_E
Added Pin To Net: NetName=Seg3_F_NR Pin=U13-1
Added Pin To Net: NetName=Seg3_F_NR Pin=U14-1
Added Net: Name=Seg3_F_NR
Added Pin To Net: NetName=Seg3_F Pin=U12-18
Added Pin To Net: NetName=Seg3_F Pin=U13-16
Added Net: Name=Seg3_F
Added Pin To Net: NetName=Seg3_G_NR Pin=U13-2
Added Pin To Net: NetName=Seg3_G_NR Pin=U14-2
Added Net: Name=Seg3_G_NR
Added Pin To Net: NetName=Seg3_G Pin=U12-17
Added Pin To Net: NetName=Seg3_G Pin=U13-15
Added Net: Name=Seg3_G
Added Pin To Net: NetName=Seg4_A_NR Pin=U15-2
Added Pin To Net: NetName=Seg4_A_NR Pin=U16-2
Added Net: Name=Seg4_A_NR
Added Pin To Net: NetName=Seg4_A Pin=U12-11
Added Pin To Net: NetName=Seg4_A Pin=U15-15
Added Net: Name=Seg4_A
Added Pin To Net: NetName=Seg4_B_NR Pin=U15-3
Added Pin To Net: NetName=Seg4_B_NR Pin=U16-3
Added Net: Name=Seg4_B_NR
Added Pin To Net: NetName=Seg4_B Pin=U12-10
Added Pin To Net: NetName=Seg4_B Pin=U15-14
Added Net: Name=Seg4_B
Added Pin To Net: NetName=Seg4_C_NR Pin=U15-7
Added Pin To Net: NetName=Seg4_C_NR Pin=U16-7
Added Net: Name=Seg4_C_NR
Added Pin To Net: NetName=Seg4_C Pin=U12-8
Added Pin To Net: NetName=Seg4_C Pin=U15-10
Added Net: Name=Seg4_C
Added Pin To Net: NetName=Seg4_D_NR Pin=U15-5
Added Pin To Net: NetName=Seg4_D_NR Pin=U16-5
Added Net: Name=Seg4_D_NR
Added Pin To Net: NetName=Seg4_DP_NR Pin=U15-8
Added Pin To Net: NetName=Seg4_DP_NR Pin=U16-15
Added Net: Name=Seg4_DP_NR
Added Pin To Net: NetName=Seg4_DP Pin=U12-9
Added Pin To Net: NetName=Seg4_DP Pin=U15-9
Added Net: Name=Seg4_DP
Added Pin To Net: NetName=Seg4_D Pin=U12-6
Added Pin To Net: NetName=Seg4_D Pin=U15-12
Added Net: Name=Seg4_D
Added Pin To Net: NetName=Seg4_E_NR Pin=U15-4
Added Pin To Net: NetName=Seg4_E_NR Pin=U16-4
Added Net: Name=Seg4_E_NR
Added Pin To Net: NetName=Seg4_E Pin=U12-5
Added Pin To Net: NetName=Seg4_E Pin=U15-13
Added Net: Name=Seg4_E
Added Pin To Net: NetName=Seg4_F_NR Pin=U15-1
Added Pin To Net: NetName=Seg4_F_NR Pin=U16-1
Added Net: Name=Seg4_F_NR
Added Pin To Net: NetName=Seg4_F Pin=U12-12
Added Pin To Net: NetName=Seg4_F Pin=U15-16
Added Net: Name=Seg4_F
Added Pin To Net: NetName=Seg4_G_NR Pin=U15-6
Added Pin To Net: NetName=Seg4_G_NR Pin=U16-6
Added Net: Name=Seg4_G_NR
Added Pin To Net: NetName=Seg4_G Pin=U12-7
Added Pin To Net: NetName=Seg4_G Pin=U15-11
Added Net: Name=Seg4_G
Added Pin To Net: NetName=TXD0 Pin=R13-1
Added Pin To Net: NetName=TXD0 Pin=U1-3
Added Net: Name=TXD0
Added Pin To Net: NetName=U3 GND Pin=C1-1
Added Pin To Net: NetName=U3 GND Pin=C2-2
Added Pin To Net: NetName=U3 GND Pin=C3-1
Added Pin To Net: NetName=U3 GND Pin=C4-2
Added Pin To Net: NetName=U3 GND Pin=C5-1
Added Pin To Net: NetName=U3 GND Pin=C6-1
Added Pin To Net: NetName=U3 GND Pin=C7-6
Added Pin To Net: NetName=U3 GND Pin=C8-1
Added Pin To Net: NetName=U3 GND Pin=C9-1
Added Pin To Net: NetName=U3 GND Pin=C10-1
Added Pin To Net: NetName=U3 GND Pin=C11-1
Added Pin To Net: NetName=U3 GND Pin=C12-1
Added Pin To Net: NetName=U3 GND Pin=C13-1
Added Pin To Net: NetName=U3 GND Pin=C14-1
Added Pin To Net: NetName=U3 GND Pin=C15-2
Added Pin To Net: NetName=U3 GND Pin=C16-2
Added Pin To Net: NetName=U3 GND Pin=C18-2
Added Pin To Net: NetName=U3 GND Pin=C19-1
Added Pin To Net: NetName=U3 GND Pin=C21-2
Added Pin To Net: NetName=U3 GND Pin=C23-1
Added Pin To Net: NetName=U3 GND Pin=C24-2
Added Pin To Net: NetName=U3 GND Pin=C25-2
Added Pin To Net: NetName=U3 GND Pin=D1-2
Added Pin To Net: NetName=U3 GND Pin=D2-2
Added Pin To Net: NetName=U3 GND Pin=D8-2
Added Pin To Net: NetName=U3 GND Pin=J3-1
Added Pin To Net: NetName=U3 GND Pin=O1-2
Added Pin To Net: NetName=U3 GND Pin=P1-6
Added Pin To Net: NetName=U3 GND Pin=P2-2
Added Pin To Net: NetName=U3 GND Pin=P3-2
Added Pin To Net: NetName=U3 GND Pin=R7-1
Added Pin To Net: NetName=U3 GND Pin=R12-2
Added Pin To Net: NetName=U3 GND Pin=S1-3
Added Pin To Net: NetName=U3 GND Pin=U1-11
Added Pin To Net: NetName=U3 GND Pin=U1-32
Added Pin To Net: NetName=U3 GND Pin=U1-62
Added Pin To Net: NetName=U3 GND Pin=U1-81
Added Pin To Net: NetName=U3 GND Pin=U1-99
Added Pin To Net: NetName=U3 GND Pin=U2-3
Added Pin To Net: NetName=U3 GND Pin=U3-4
Added Pin To Net: NetName=U3 GND Pin=U4-2
Added Pin To Net: NetName=U3 GND Pin=U5-10
Added Pin To Net: NetName=U3 GND Pin=U6-3
Added Pin To Net: NetName=U3 GND Pin=U6-5
Added Pin To Net: NetName=U3 GND Pin=U6-6
Added Pin To Net: NetName=U3 GND Pin=U9-8
Added Pin To Net: NetName=U3 GND Pin=U9-13
Added Pin To Net: NetName=U3 GND Pin=U11-8
Added Pin To Net: NetName=U3 GND Pin=U11-13
Added Pin To Net: NetName=U3 GND Pin=U14-8
Added Pin To Net: NetName=U3 GND Pin=U14-13
Added Pin To Net: NetName=U3 GND Pin=U16-8
Added Pin To Net: NetName=U3 GND Pin=U16-13
Added Net: Name=U3 GND
Added Pin To Net: NetName=USBGND Pin=C20-1
Added Pin To Net: NetName=USBGND Pin=J3-2
Added Pin To Net: NetName=USBGND Pin=L2-2
Added Pin To Net: NetName=USBGND Pin=U2-28
Added Pin To Net: NetName=USBGND Pin=X1-4
Added Net: Name=USBGND
Added Pin To Net: NetName=USBVCC Pin=C18-1
Added Pin To Net: NetName=USBVCC Pin=F1-2
Added Pin To Net: NetName=USBVCC Pin=Q1-3
Added Pin To Net: NetName=USBVCC Pin=U2-31
Added Net: Name=USBVCC
Added Pin To Net: NetName=VREG Pin=C21-1
Added Pin To Net: NetName=VREG Pin=U5-9
Added Net: Name=VREG
Added Pin To Net: NetName=XTAL1_16U2 Pin=C16-1
Added Pin To Net: NetName=XTAL1_16U2 Pin=O2-1
Added Pin To Net: NetName=XTAL1_16U2 Pin=R10-1
Added Pin To Net: NetName=XTAL1_16U2 Pin=U2-1
Added Net: Name=XTAL1_16U2
Added Pin To Net: NetName=XTAL1 Pin=O1-3
Added Pin To Net: NetName=XTAL1 Pin=R2-2
Added Pin To Net: NetName=XTAL1 Pin=U1-34
Added Net: Name=XTAL1
Added Pin To Net: NetName=XTAL2_16U2 Pin=C15-1
Added Pin To Net: NetName=XTAL2_16U2 Pin=O2-2
Added Pin To Net: NetName=XTAL2_16U2 Pin=R10-2
Added Pin To Net: NetName=XTAL2_16U2 Pin=U2-2
Added Net: Name=XTAL2_16U2
Added Pin To Net: NetName=XTAL2 Pin=O1-1
Added Pin To Net: NetName=XTAL2 Pin=R2-1
Added Pin To Net: NetName=XTAL2 Pin=U1-33
Added Net: Name=XTAL2
Added Class: Name=Battery Monitoring
Added Class: Name=DC Step-Down Converter
Added Class: Name=Primary MCU
Added Class: Name=Seven-Seg Displays
Added Class: Name=USB Programmer
Added Rule: Name=Schematic Supply Nets
Added Rule: Name=Schematic Supply Nets_1
Added Rule: Name=Schematic Supply Nets_2
