Removed Pin From Net: NetName=Battery+ Pin=P2-1
Removed Pin From Net: NetName=U3 GND Pin=P2-2
Removed Pin From Net: NetName=Load+ Pin=P3-1
Removed Pin From Net: NetName=U3 GND Pin=P3-2
Removed Member From Class: ClassName=Battery Monitoring Member=P2
Removed Member From Class: ClassName=Battery Monitoring Member=P3
Added Component: Designator=X2(1708828 Screw Terminal)
Add component (AddParameter): Name = "Mouser Part #"; Value = "651-1708828"; VariantName = "[No Variations]"
Added Component: Designator=X3(1708828 Screw Terminal)
Add component (AddParameter): Name = "Mouser Part #"; Value = "651-1708828"; VariantName = "[No Variations]"
Added Pin To Net: NetName=Battery+ Pin=X2-1
Added Pin To Net: NetName=Battery+ Pin=X2-2
Added Pin To Net: NetName=Battery+ Pin=X2-3
Added Pin To Net: NetName=U3 GND Pin=X2-4
Added Pin To Net: NetName=U3 GND Pin=X2-5
Added Pin To Net: NetName=U3 GND Pin=X2-6
Added Pin To Net: NetName=Load+ Pin=X3-1
Added Pin To Net: NetName=Load+ Pin=X3-2
Added Pin To Net: NetName=Load+ Pin=X3-3
Added Pin To Net: NetName=U3 GND Pin=X3-4
Added Pin To Net: NetName=U3 GND Pin=X3-5
Added Pin To Net: NetName=U3 GND Pin=X3-6
Added Member To Class: ClassName=Battery Monitoring Member=Component X2 1708828
Added Member To Class: ClassName=Battery Monitoring Member=Component X3 1708828
