[0.454s] DEBUG:colcon:Command line arguments: ['/usr/bin/colcon', 'build']
[0.455s] DEBUG:colcon:Parsed command line arguments: Namespace(log_base=None, log_level=None, verb_name='build', build_base='build', install_base='install', merge_install=False, symlink_install=False, test_result_base=None, continue_on_error=False, executor='parallel', parallel_workers=4, event_handlers=None, ignore_user_meta=False, metas=['./colcon.meta'], base_paths=['.'], packages_ignore=None, packages_ignore_regex=None, paths=None, packages_up_to=None, packages_up_to_regex=None, packages_above=None, packages_above_and_dependencies=None, packages_above_depth=None, packages_select_by_dep=None, packages_skip_by_dep=None, packages_skip_up_to=None, packages_select_build_failed=False, packages_skip_build_finished=False, packages_select_test_failures=False, packages_skip_test_passed=False, packages_select=None, packages_skip=None, packages_select_regex=None, packages_skip_regex=None, packages_start=None, packages_end=None, allow_overriding=[], cmake_args=None, cmake_target=None, cmake_target_skip_unavailable=False, cmake_clean_cache=False, cmake_clean_first=False, cmake_force_configure=False, ament_cmake_args=None, catkin_cmake_args=None, catkin_skip_building_tests=False, mixin_files=None, mixin=None, verb_parser=<colcon_mixin.mixin.mixin_argument.MixinArgumentDecorator object at 0xffffae32fc20>, verb_extension=<colcon_core.verb.build.BuildVerb object at 0xffffae4c4380>, main=<bound method BuildVerb.main of <colcon_core.verb.build.BuildVerb object at 0xffffae4c4380>>, mixin_verb=('build',))
[0.620s] Level 1:colcon.colcon_core.package_discovery:discover_packages(colcon_meta) check parameters
[0.621s] Level 1:colcon.colcon_core.package_discovery:discover_packages(recursive) check parameters
[0.621s] Level 1:colcon.colcon_core.package_discovery:discover_packages(ignore) check parameters
[0.621s] Level 1:colcon.colcon_core.package_discovery:discover_packages(path) check parameters
[0.621s] Level 1:colcon.colcon_core.package_discovery:discover_packages(colcon_meta) discover
[0.621s] Level 1:colcon.colcon_core.package_discovery:discover_packages(recursive) discover
[0.622s] INFO:colcon.colcon_core.package_discovery:Crawling recursively for packages in '/home/reptilerover/ReptileRover/NewCode2025/my_joy_listener'
[0.622s] Level 1:colcon.colcon_core.package_identification:_identify(.) by extensions ['ignore', 'ignore_ament_install']
[0.622s] Level 1:colcon.colcon_core.package_identification:_identify(.) by extension 'ignore'
[0.622s] Level 1:colcon.colcon_core.package_identification:_identify(.) by extension 'ignore_ament_install'
[0.623s] Level 1:colcon.colcon_core.package_identification:_identify(.) by extensions ['colcon_pkg']
[0.623s] Level 1:colcon.colcon_core.package_identification:_identify(.) by extension 'colcon_pkg'
[0.623s] Level 1:colcon.colcon_core.package_identification:_identify(.) by extensions ['colcon_meta']
[0.623s] Level 1:colcon.colcon_core.package_identification:_identify(.) by extension 'colcon_meta'
[0.623s] Level 1:colcon.colcon_core.package_identification:_identify(.) by extensions ['ros']
[0.623s] Level 1:colcon.colcon_core.package_identification:_identify(.) by extension 'ros'
[0.735s] DEBUG:colcon.colcon_core.package_identification:Package '.' with type 'ros.ament_python' and name 'my_joy_listener'
[0.735s] Level 1:colcon.colcon_core.package_discovery:discover_packages(recursive) using defaults
[0.736s] Level 1:colcon.colcon_core.package_discovery:discover_packages(ignore) discover
[0.736s] Level 1:colcon.colcon_core.package_discovery:discover_packages(ignore) using defaults
[0.736s] Level 1:colcon.colcon_core.package_discovery:discover_packages(path) discover
[0.736s] Level 1:colcon.colcon_core.package_discovery:discover_packages(path) using defaults
[0.803s] Level 1:colcon.colcon_core.package_discovery:discover_packages(prefix_path) check parameters
[0.803s] Level 1:colcon.colcon_core.package_discovery:discover_packages(prefix_path) discover
[0.811s] DEBUG:colcon.colcon_installed_package_information.package_discovery:Found 1 installed packages in /home/reptilerover/ReptileRover/NewCode2025/my_joy_listener/install
[0.823s] DEBUG:colcon.colcon_installed_package_information.package_discovery:Found 334 installed packages in /opt/ros/jazzy
[0.831s] Level 1:colcon.colcon_core.package_discovery:discover_packages(prefix_path) using defaults
[1.040s] Level 5:colcon.colcon_core.verb:set package 'my_joy_listener' build argument 'cmake_args' from command line to 'None'
[1.040s] Level 5:colcon.colcon_core.verb:set package 'my_joy_listener' build argument 'cmake_target' from command line to 'None'
[1.040s] Level 5:colcon.colcon_core.verb:set package 'my_joy_listener' build argument 'cmake_target_skip_unavailable' from command line to 'False'
[1.040s] Level 5:colcon.colcon_core.verb:set package 'my_joy_listener' build argument 'cmake_clean_cache' from command line to 'False'
[1.040s] Level 5:colcon.colcon_core.verb:set package 'my_joy_listener' build argument 'cmake_clean_first' from command line to 'False'
[1.040s] Level 5:colcon.colcon_core.verb:set package 'my_joy_listener' build argument 'cmake_force_configure' from command line to 'False'
[1.041s] Level 5:colcon.colcon_core.verb:set package 'my_joy_listener' build argument 'ament_cmake_args' from command line to 'None'
[1.041s] Level 5:colcon.colcon_core.verb:set package 'my_joy_listener' build argument 'catkin_cmake_args' from command line to 'None'
[1.041s] Level 5:colcon.colcon_core.verb:set package 'my_joy_listener' build argument 'catkin_skip_building_tests' from command line to 'False'
[1.041s] DEBUG:colcon.colcon_core.verb:Building package 'my_joy_listener' with the following arguments: {'ament_cmake_args': None, 'build_base': '/home/reptilerover/ReptileRover/NewCode2025/my_joy_listener/build/my_joy_listener', 'catkin_cmake_args': None, 'catkin_skip_building_tests': False, 'cmake_args': None, 'cmake_clean_cache': False, 'cmake_clean_first': False, 'cmake_force_configure': False, 'cmake_target': None, 'cmake_target_skip_unavailable': False, 'install_base': '/home/reptilerover/ReptileRover/NewCode2025/my_joy_listener/install/my_joy_listener', 'merge_install': False, 'path': '/home/reptilerover/ReptileRover/NewCode2025/my_joy_listener', 'symlink_install': False, 'test_result_base': None}
[1.041s] INFO:colcon.colcon_core.executor:Executing jobs using 'parallel' executor
[1.044s] DEBUG:colcon.colcon_parallel_executor.executor.parallel:run_until_complete
[1.045s] INFO:colcon.colcon_ros.task.ament_python.build:Building ROS package in '/home/reptilerover/ReptileRover/NewCode2025/my_joy_listener' with build type 'ament_python'
[1.046s] Level 1:colcon.colcon_core.shell:create_environment_hook('my_joy_listener', 'ament_prefix_path')
[1.053s] INFO:colcon.colcon_core.plugin_system:Skipping extension 'colcon_core.shell.bat': Not used on non-Windows systems
[1.054s] INFO:colcon.colcon_core.shell:Creating environment hook '/home/reptilerover/ReptileRover/NewCode2025/my_joy_listener/install/my_joy_listener/share/my_joy_listener/hook/ament_prefix_path.ps1'
[1.056s] INFO:colcon.colcon_core.shell:Creating environment descriptor '/home/reptilerover/ReptileRover/NewCode2025/my_joy_listener/install/my_joy_listener/share/my_joy_listener/hook/ament_prefix_path.dsv'
[1.059s] INFO:colcon.colcon_core.shell:Creating environment hook '/home/reptilerover/ReptileRover/NewCode2025/my_joy_listener/install/my_joy_listener/share/my_joy_listener/hook/ament_prefix_path.sh'
[1.061s] INFO:colcon.colcon_core.shell:Skip shell extension 'powershell' for command environment: Not usable outside of PowerShell
[1.062s] DEBUG:colcon.colcon_core.shell:Skip shell extension 'dsv' for command environment
[2.025s] INFO:colcon.colcon_core.task.python.build:Building Python package in '/home/reptilerover/ReptileRover/NewCode2025/my_joy_listener'
[2.026s] INFO:colcon.colcon_core.shell:Skip shell extension 'powershell' for command environment: Not usable outside of PowerShell
[2.026s] DEBUG:colcon.colcon_core.shell:Skip shell extension 'dsv' for command environment
[4.697s] DEBUG:colcon.colcon_core.event_handler.log_command:Invoking command in '/home/reptilerover/ReptileRover/NewCode2025/my_joy_listener': DEBUGINFOD_URLS=https://debuginfod.ubuntu.com PYTHONPATH=/home/reptilerover/ReptileRover/NewCode2025/my_joy_listener/build/my_joy_listener/prefix_override:/usr/lib/python3/dist-packages/colcon_core/task/python/colcon_distutils_commands:/home/reptilerover/ReptileRover/NewCode2025/my_joy_listener/install/my_joy_listener/lib/python3.12/site-packages:${PYTHONPATH} /usr/bin/python3 -W ignore:setup.py install is deprecated -W ignore:easy_install command is deprecated setup.py egg_info --egg-base build/my_joy_listener build --build-base /home/reptilerover/ReptileRover/NewCode2025/my_joy_listener/build/my_joy_listener/build install --record /home/reptilerover/ReptileRover/NewCode2025/my_joy_listener/build/my_joy_listener/install.log --single-version-externally-managed install_data
[7.192s] DEBUG:colcon.colcon_core.event_handler.log_command:Invoked command in '/home/reptilerover/ReptileRover/NewCode2025/my_joy_listener' returned '0': DEBUGINFOD_URLS=https://debuginfod.ubuntu.com PYTHONPATH=/home/reptilerover/ReptileRover/NewCode2025/my_joy_listener/build/my_joy_listener/prefix_override:/usr/lib/python3/dist-packages/colcon_core/task/python/colcon_distutils_commands:/home/reptilerover/ReptileRover/NewCode2025/my_joy_listener/install/my_joy_listener/lib/python3.12/site-packages:${PYTHONPATH} /usr/bin/python3 -W ignore:setup.py install is deprecated -W ignore:easy_install command is deprecated setup.py egg_info --egg-base build/my_joy_listener build --build-base /home/reptilerover/ReptileRover/NewCode2025/my_joy_listener/build/my_joy_listener/build install --record /home/reptilerover/ReptileRover/NewCode2025/my_joy_listener/build/my_joy_listener/install.log --single-version-externally-managed install_data
[7.201s] Level 1:colcon.colcon_core.environment:checking '/home/reptilerover/ReptileRover/NewCode2025/my_joy_listener/install/my_joy_listener' for CMake module files
[7.204s] Level 1:colcon.colcon_core.environment:checking '/home/reptilerover/ReptileRover/NewCode2025/my_joy_listener/install/my_joy_listener' for CMake config files
[7.207s] Level 1:colcon.colcon_core.environment:checking '/home/reptilerover/ReptileRover/NewCode2025/my_joy_listener/install/my_joy_listener/lib'
[7.208s] Level 1:colcon.colcon_core.environment:checking '/home/reptilerover/ReptileRover/NewCode2025/my_joy_listener/install/my_joy_listener/bin'
[7.208s] Level 1:colcon.colcon_core.environment:checking '/home/reptilerover/ReptileRover/NewCode2025/my_joy_listener/install/my_joy_listener/lib/pkgconfig/my_joy_listener.pc'
[7.209s] Level 1:colcon.colcon_core.environment:checking '/home/reptilerover/ReptileRover/NewCode2025/my_joy_listener/install/my_joy_listener/lib/python3.12/site-packages'
[7.209s] Level 1:colcon.colcon_core.shell:create_environment_hook('my_joy_listener', 'pythonpath')
[7.210s] INFO:colcon.colcon_core.shell:Creating environment hook '/home/reptilerover/ReptileRover/NewCode2025/my_joy_listener/install/my_joy_listener/share/my_joy_listener/hook/pythonpath.ps1'
[7.212s] INFO:colcon.colcon_core.shell:Creating environment descriptor '/home/reptilerover/ReptileRover/NewCode2025/my_joy_listener/install/my_joy_listener/share/my_joy_listener/hook/pythonpath.dsv'
[7.214s] INFO:colcon.colcon_core.shell:Creating environment hook '/home/reptilerover/ReptileRover/NewCode2025/my_joy_listener/install/my_joy_listener/share/my_joy_listener/hook/pythonpath.sh'
[7.217s] Level 1:colcon.colcon_core.environment:checking '/home/reptilerover/ReptileRover/NewCode2025/my_joy_listener/install/my_joy_listener/bin'
[7.217s] Level 1:colcon.colcon_core.environment:create_environment_scripts_only(my_joy_listener)
[7.218s] INFO:colcon.colcon_core.shell:Creating package script '/home/reptilerover/ReptileRover/NewCode2025/my_joy_listener/install/my_joy_listener/share/my_joy_listener/package.ps1'
[7.221s] INFO:colcon.colcon_core.shell:Creating package descriptor '/home/reptilerover/ReptileRover/NewCode2025/my_joy_listener/install/my_joy_listener/share/my_joy_listener/package.dsv'
[7.223s] INFO:colcon.colcon_core.shell:Creating package script '/home/reptilerover/ReptileRover/NewCode2025/my_joy_listener/install/my_joy_listener/share/my_joy_listener/package.sh'
[7.226s] INFO:colcon.colcon_core.shell:Creating package script '/home/reptilerover/ReptileRover/NewCode2025/my_joy_listener/install/my_joy_listener/share/my_joy_listener/package.bash'
[7.229s] INFO:colcon.colcon_core.shell:Creating package script '/home/reptilerover/ReptileRover/NewCode2025/my_joy_listener/install/my_joy_listener/share/my_joy_listener/package.zsh'
[7.231s] Level 1:colcon.colcon_core.environment:create_file_with_runtime_dependencies(/home/reptilerover/ReptileRover/NewCode2025/my_joy_listener/install/my_joy_listener/share/colcon-core/packages/my_joy_listener)
[7.232s] DEBUG:colcon.colcon_parallel_executor.executor.parallel:closing loop
[7.234s] DEBUG:colcon.colcon_parallel_executor.executor.parallel:loop closed
[7.234s] DEBUG:colcon.colcon_parallel_executor.executor.parallel:run_until_complete finished with '0'
[7.234s] DEBUG:colcon.colcon_core.event_reactor:joining thread
[7.258s] INFO:colcon.colcon_core.plugin_system:Skipping extension 'colcon_notification.desktop_notification.terminal_notifier': Not used on non-Darwin systems
[7.259s] INFO:colcon.colcon_core.plugin_system:Skipping extension 'colcon_notification.desktop_notification.win32': Not used on non-Windows systems
[7.259s] INFO:colcon.colcon_notification.desktop_notification:Sending desktop notification using 'notify2'
[7.311s] DEBUG:colcon.colcon_core.event_reactor:joined thread
[7.312s] INFO:colcon.colcon_core.shell:Creating prefix script '/home/reptilerover/ReptileRover/NewCode2025/my_joy_listener/install/local_setup.ps1'
[7.316s] INFO:colcon.colcon_core.shell:Creating prefix util module '/home/reptilerover/ReptileRover/NewCode2025/my_joy_listener/install/_local_setup_util_ps1.py'
[7.321s] INFO:colcon.colcon_core.shell:Creating prefix chain script '/home/reptilerover/ReptileRover/NewCode2025/my_joy_listener/install/setup.ps1'
[7.327s] INFO:colcon.colcon_core.shell:Creating prefix script '/home/reptilerover/ReptileRover/NewCode2025/my_joy_listener/install/local_setup.sh'
[7.329s] INFO:colcon.colcon_core.shell:Creating prefix util module '/home/reptilerover/ReptileRover/NewCode2025/my_joy_listener/install/_local_setup_util_sh.py'
[7.332s] INFO:colcon.colcon_core.shell:Creating prefix chain script '/home/reptilerover/ReptileRover/NewCode2025/my_joy_listener/install/setup.sh'
[7.336s] INFO:colcon.colcon_core.shell:Creating prefix script '/home/reptilerover/ReptileRover/NewCode2025/my_joy_listener/install/local_setup.bash'
[7.338s] INFO:colcon.colcon_core.shell:Creating prefix chain script '/home/reptilerover/ReptileRover/NewCode2025/my_joy_listener/install/setup.bash'
[7.343s] INFO:colcon.colcon_core.shell:Creating prefix script '/home/reptilerover/ReptileRover/NewCode2025/my_joy_listener/install/local_setup.zsh'
[7.345s] INFO:colcon.colcon_core.shell:Creating prefix chain script '/home/reptilerover/ReptileRover/NewCode2025/my_joy_listener/install/setup.zsh'
