Change Component Designator: Old Designator=C1 New Designator=C?
Change Component Designator: Old Designator=C2 New Designator=C?
Change Component Designator: Old Designator=C3 New Designator=C?
Change Component Designator: Old Designator=C4 New Designator=C?
Change Component Designator: Old Designator=C5 New Designator=C?
Change Component Designator: Old Designator=C6 New Designator=C?
Change Component Designator: Old Designator=C7 New Designator=C?
Change Component Designator: Old Designator=D1 New Designator=D?
Change Component Designator: Old Designator=D2 New Designator=D?
Change Component Designator: Old Designator=D3 New Designator=D?
Change Component Designator: Old Designator=D4 New Designator=D?
Change Component Designator: Old Designator=D6 New Designator=D?
Change Component Designator: Old Designator=D7 New Designator=D?
Change Component Designator: Old Designator=D8 New Designator=D?
Change Component Designator: Old Designator=D9 New Designator=D?
Change Component Designator: Old Designator=D10 New Designator=D?
Change Component Designator: Old Designator=D11 New Designator=D?
Change Component Designator: Old Designator=D12 New Designator=D?
Change Component Designator: Old Designator=D13 New Designator=D?
Change Component Designator: Old Designator=D15 New Designator=D?
Change Component Designator: Old Designator=D16 New Designator=D?
Change Component Designator: Old Designator=D17 New Designator=D?
Change Component Designator: Old Designator=D18 New Designator=D?
Change Component Designator: Old Designator=D19 New Designator=D?
Change Component Designator: Old Designator=D20 New Designator=D?
Change Component Designator: Old Designator=D21 New Designator=D?
Change Component Designator: Old Designator=D22 New Designator=D?
Change Component Designator: Old Designator=D24 New Designator=D?
Change Component Designator: Old Designator=D25 New Designator=D?
Change Component Designator: Old Designator=D26 New Designator=D?
Change Component Designator: Old Designator=D27 New Designator=D?
Change Component Designator: Old Designator=J1 New Designator=J?
Change Component Designator: Old Designator=J2 New Designator=J?
Change Component Designator: Old Designator=J3 New Designator=J?
Change Component Designator: Old Designator=J4 New Designator=J?
Change Component Designator: Old Designator=J5 New Designator=J?
Change Component Designator: Old Designator=J6 New Designator=J?
Change Component Designator: Old Designator=J8 New Designator=J?
Change Component Designator: Old Designator=J9 New Designator=J?
Change Component Designator: Old Designator=J10 New Designator=J?
Change Component Designator: Old Designator=J11 New Designator=J?
Change Component Designator: Old Designator=J15 New Designator=J?
Change Component Designator: Old Designator=J17 New Designator=J?
Change Component Designator: Old Designator=R1 New Designator=R?
Change Component Designator: Old Designator=R2 New Designator=R?
Change Component Designator: Old Designator=R3 New Designator=R?
Change Component Designator: Old Designator=R4 New Designator=R?
Change Component Designator: Old Designator=R5 New Designator=R?
Change Component Designator: Old Designator=R6 New Designator=R?
Change Component Designator: Old Designator=U2 New Designator=U?
Change Component Designator: Old Designator=U4 New Designator=U?
Change Component Designator: Old Designator=U5 New Designator=U?
Change Component Designator: Old Designator=U6 New Designator=U?
Change Component Designator: Old Designator=U7 New Designator=U?
Change Component Designator: Old Designator=U7 New Designator=U?
Change Component Designator: Old Designator=U7 New Designator=U?
Change Component Designator: Old Designator=U7 New Designator=U?
Change Component Designator: Old Designator=U7 New Designator=U?
Change Component Designator: Old Designator=U8 New Designator=U?
Change Component Designator: Old Designator=U8 New Designator=U?
Change Component Designator: Old Designator=U8 New Designator=U?
Change Component Designator: Old Designator=U8 New Designator=U?
Change Component Designator: Old Designator=U8 New Designator=U?
