-- The C compiler identification is GNU 13.3.0
-- The CXX compiler identification is GNU 13.3.0
-- Detecting C compiler ABI info
-- Detecting C compiler ABI info - done
-- Check for working C compiler: /usr/bin/cc - skipped
-- Detecting C compile features
-- Detecting C compile features - done
-- Detecting CXX compiler ABI info
-- Detecting CXX compiler ABI info - done
-- Check for working CXX compiler: /usr/bin/c++ - skipped
-- Detecting CXX compile features
-- Detecting CXX compile features - done
-- Found ament_cmake: 2.5.3 (/opt/ros/jazzy/share/ament_cmake/cmake)
-- Found Python3: /usr/bin/python3 (found version "3.12.3") found components: Interpreter 
-- Found ament_lint_auto: 0.17.1 (/opt/ros/jazzy/share/ament_lint_auto/cmake)
-- Added test 'cppcheck' to perform static code analysis on C / C++ code
-- Configured cppcheck include dirs: $<BUILD_INTERFACE:/home/reptilerover/ReptileRover/NewCode2025/stim300/include>
-- Configured cppcheck exclude dirs and/or files: 
-- Added test 'lint_cmake' to check CMake code style
-- Added test 'uncrustify' to check C / C++ code style
-- Configured uncrustify additional arguments: 
-- Added test 'xmllint' to check XML markup files
-- Configuring done (5.9s)
-- Generating done (0.0s)
-- Build files have been written to: /home/reptilerover/ReptileRover/NewCode2025/stim300/build/stim300
[ 50%] [32mBuilding CXX object CMakeFiles/stim300_node.dir/src/stim300_node.cpp.o[0m
[100%] [32m[1mLinking CXX executable stim300_node[0m
[100%] Built target stim300_node
-- Install configuration: ""
-- Installing: /home/reptilerover/ReptileRover/NewCode2025/stim300/install/stim300/lib/stim300/stim300_node
-- Installing: /home/reptilerover/ReptileRover/NewCode2025/stim300/install/stim300/share/ament_index/resource_index/package_run_dependencies/stim300
-- Installing: /home/reptilerover/ReptileRover/NewCode2025/stim300/install/stim300/share/ament_index/resource_index/parent_prefix_path/stim300
-- Installing: /home/reptilerover/ReptileRover/NewCode2025/stim300/install/stim300/share/stim300/environment/ament_prefix_path.sh
-- Installing: /home/reptilerover/ReptileRover/NewCode2025/stim300/install/stim300/share/stim300/environment/ament_prefix_path.dsv
-- Installing: /home/reptilerover/ReptileRover/NewCode2025/stim300/install/stim300/share/stim300/environment/path.sh
-- Installing: /home/reptilerover/ReptileRover/NewCode2025/stim300/install/stim300/share/stim300/environment/path.dsv
-- Installing: /home/reptilerover/ReptileRover/NewCode2025/stim300/install/stim300/share/stim300/local_setup.bash
-- Installing: /home/reptilerover/ReptileRover/NewCode2025/stim300/install/stim300/share/stim300/local_setup.sh
-- Installing: /home/reptilerover/ReptileRover/NewCode2025/stim300/install/stim300/share/stim300/local_setup.zsh
-- Installing: /home/reptilerover/ReptileRover/NewCode2025/stim300/install/stim300/share/stim300/local_setup.dsv
-- Installing: /home/reptilerover/ReptileRover/NewCode2025/stim300/install/stim300/share/stim300/package.dsv
-- Installing: /home/reptilerover/ReptileRover/NewCode2025/stim300/install/stim300/share/ament_index/resource_index/packages/stim300
-- Installing: /home/reptilerover/ReptileRover/NewCode2025/stim300/install/stim300/share/stim300/cmake/stim300Config.cmake
-- Installing: /home/reptilerover/ReptileRover/NewCode2025/stim300/install/stim300/share/stim300/cmake/stim300Config-version.cmake
-- Installing: /home/reptilerover/ReptileRover/NewCode2025/stim300/install/stim300/share/stim300/package.xml
