[0.057s] Invoking command in '/home/reptilerover/ReptileRover/NewCode2025/stim300/build/stim300': CMAKE_PREFIX_PATH=${CMAKE_PREFIX_PATH}:/opt/ros/jazzy DEBUGINFOD_URLS=https://debuginfod.ubuntu.com /usr/bin/cmake /home/reptilerover/ReptileRover/NewCode2025/stim300 -DCMAKE_INSTALL_PREFIX=/home/reptilerover/ReptileRover/NewCode2025/stim300/install/stim300
[1.208s] -- The C compiler identification is GNU 13.3.0
[2.028s] -- The CXX compiler identification is GNU 13.3.0
[2.125s] -- Detecting C compiler ABI info
[2.653s] -- Detecting C compiler ABI info - done
[2.688s] -- Check for working C compiler: /usr/bin/cc - skipped
[2.692s] -- Detecting C compile features
[2.695s] -- Detecting C compile features - done
[2.743s] -- Detecting CXX compiler ABI info
[3.268s] -- Detecting CXX compiler ABI info - done
[3.303s] -- Check for working CXX compiler: /usr/bin/c++ - skipped
[3.304s] -- Detecting CXX compile features
[3.305s] -- Detecting CXX compile features - done
[3.365s] -- Found ament_cmake: 2.5.3 (/opt/ros/jazzy/share/ament_cmake/cmake)
[4.286s] -- Found Python3: /usr/bin/python3 (found version "3.12.3") found components: Interpreter 
[5.310s] -- Found ament_lint_auto: 0.17.1 (/opt/ros/jazzy/share/ament_lint_auto/cmake)
[6.090s] -- Added test 'cppcheck' to perform static code analysis on C / C++ code
[6.090s] -- Configured cppcheck include dirs: $<BUILD_INTERFACE:/home/reptilerover/ReptileRover/NewCode2025/stim300/include>
[6.091s] -- Configured cppcheck exclude dirs and/or files: 
[6.115s] -- Added test 'lint_cmake' to check CMake code style
[6.178s] -- Added test 'uncrustify' to check C / C++ code style
[6.179s] -- Configured uncrustify additional arguments: 
[6.190s] -- Added test 'xmllint' to check XML markup files
[6.203s] -- Configuring done (5.9s)
[6.229s] -- Generating done (0.0s)
[6.239s] -- Build files have been written to: /home/reptilerover/ReptileRover/NewCode2025/stim300/build/stim300
[6.260s] Invoked command in '/home/reptilerover/ReptileRover/NewCode2025/stim300/build/stim300' returned '0': CMAKE_PREFIX_PATH=${CMAKE_PREFIX_PATH}:/opt/ros/jazzy DEBUGINFOD_URLS=https://debuginfod.ubuntu.com /usr/bin/cmake /home/reptilerover/ReptileRover/NewCode2025/stim300 -DCMAKE_INSTALL_PREFIX=/home/reptilerover/ReptileRover/NewCode2025/stim300/install/stim300
[6.265s] Invoking command in '/home/reptilerover/ReptileRover/NewCode2025/stim300/build/stim300': CMAKE_PREFIX_PATH=${CMAKE_PREFIX_PATH}:/opt/ros/jazzy DEBUGINFOD_URLS=https://debuginfod.ubuntu.com /usr/bin/cmake --build /home/reptilerover/ReptileRover/NewCode2025/stim300/build/stim300 -- -j4 -l4
[6.549s] [ 50%] [32mBuilding CXX object CMakeFiles/stim300_node.dir/src/stim300_node.cpp.o[0m
[6.761s] [100%] [32m[1mLinking CXX executable stim300_node[0m
[7.003s] [100%] Built target stim300_node
[7.063s] Invoked command in '/home/reptilerover/ReptileRover/NewCode2025/stim300/build/stim300' returned '0': CMAKE_PREFIX_PATH=${CMAKE_PREFIX_PATH}:/opt/ros/jazzy DEBUGINFOD_URLS=https://debuginfod.ubuntu.com /usr/bin/cmake --build /home/reptilerover/ReptileRover/NewCode2025/stim300/build/stim300 -- -j4 -l4
[7.117s] Invoking command in '/home/reptilerover/ReptileRover/NewCode2025/stim300/build/stim300': CMAKE_PREFIX_PATH=${CMAKE_PREFIX_PATH}:/opt/ros/jazzy DEBUGINFOD_URLS=https://debuginfod.ubuntu.com /usr/bin/cmake --install /home/reptilerover/ReptileRover/NewCode2025/stim300/build/stim300
[7.163s] -- Install configuration: ""
[7.164s] -- Installing: /home/reptilerover/ReptileRover/NewCode2025/stim300/install/stim300/lib/stim300/stim300_node
[7.167s] -- Installing: /home/reptilerover/ReptileRover/NewCode2025/stim300/install/stim300/share/ament_index/resource_index/package_run_dependencies/stim300
[7.169s] -- Installing: /home/reptilerover/ReptileRover/NewCode2025/stim300/install/stim300/share/ament_index/resource_index/parent_prefix_path/stim300
[7.170s] -- Installing: /home/reptilerover/ReptileRover/NewCode2025/stim300/install/stim300/share/stim300/environment/ament_prefix_path.sh
[7.171s] -- Installing: /home/reptilerover/ReptileRover/NewCode2025/stim300/install/stim300/share/stim300/environment/ament_prefix_path.dsv
[7.172s] -- Installing: /home/reptilerover/ReptileRover/NewCode2025/stim300/install/stim300/share/stim300/environment/path.sh
[7.173s] -- Installing: /home/reptilerover/ReptileRover/NewCode2025/stim300/install/stim300/share/stim300/environment/path.dsv
[7.174s] -- Installing: /home/reptilerover/ReptileRover/NewCode2025/stim300/install/stim300/share/stim300/local_setup.bash
[7.176s] -- Installing: /home/reptilerover/ReptileRover/NewCode2025/stim300/install/stim300/share/stim300/local_setup.sh
[7.177s] -- Installing: /home/reptilerover/ReptileRover/NewCode2025/stim300/install/stim300/share/stim300/local_setup.zsh
[7.178s] -- Installing: /home/reptilerover/ReptileRover/NewCode2025/stim300/install/stim300/share/stim300/local_setup.dsv
[7.179s] -- Installing: /home/reptilerover/ReptileRover/NewCode2025/stim300/install/stim300/share/stim300/package.dsv
[7.180s] -- Installing: /home/reptilerover/ReptileRover/NewCode2025/stim300/install/stim300/share/ament_index/resource_index/packages/stim300
[7.182s] -- Installing: /home/reptilerover/ReptileRover/NewCode2025/stim300/install/stim300/share/stim300/cmake/stim300Config.cmake
[7.183s] -- Installing: /home/reptilerover/ReptileRover/NewCode2025/stim300/install/stim300/share/stim300/cmake/stim300Config-version.cmake
[7.184s] -- Installing: /home/reptilerover/ReptileRover/NewCode2025/stim300/install/stim300/share/stim300/package.xml
[7.191s] Invoked command in '/home/reptilerover/ReptileRover/NewCode2025/stim300/build/stim300' returned '0': CMAKE_PREFIX_PATH=${CMAKE_PREFIX_PATH}:/opt/ros/jazzy DEBUGINFOD_URLS=https://debuginfod.ubuntu.com /usr/bin/cmake --install /home/reptilerover/ReptileRover/NewCode2025/stim300/build/stim300
