Removed Member From Class: ClassName=Primary MCU Member=C14
Removed Member From Class: ClassName=Primary MCU Member=D3
Removed Member From Class: ClassName=DC Step-Down Converter Member=P1
Change Component Designator: OldDesignator=C1 NewDesignator=C7
Change Component Designator: OldDesignator=C2 NewDesignator=C15
Change Component Designator: OldDesignator=C3 NewDesignator=C10
Change Component Designator: OldDesignator=C4 NewDesignator=C16
Change Component Designator: OldDesignator=C5 NewDesignator=C9
Change Component Designator: OldDesignator=C6 NewDesignator=C8
Change Component Designator: OldDesignator=C8 NewDesignator=C17
Change Component Designator: OldDesignator=C9 NewDesignator=C11
Change Component Designator: OldDesignator=C10 NewDesignator=C14
Change Component Designator: OldDesignator=C11 NewDesignator=C19
Change Component Designator: OldDesignator=C13 NewDesignator=C18
Change Component Designator: OldDesignator=C14 NewDesignator=C13
Change Component Designator: OldDesignator=C15 NewDesignator=C5
Change Component Designator: OldDesignator=C16 NewDesignator=C6
Change Component Designator: OldDesignator=C17 NewDesignator=C1
Change Component Designator: OldDesignator=C18 NewDesignator=C4
Change Component Designator: OldDesignator=C19 NewDesignator=C3
Change Component Designator: OldDesignator=C20 NewDesignator=C2
Change Component Designator: OldDesignator=C21 NewDesignator=C24
Change Component Designator: OldDesignator=C24 NewDesignator=C21
Change Component Designator: OldDesignator=C25 NewDesignator=C20
Change Component Designator: OldDesignator=D1 NewDesignator=D5
Change Component Designator: OldDesignator=D2 NewDesignator=D6
Change Component Designator: OldDesignator=D3 NewDesignator=D2
Change Component Designator: OldDesignator=D4 NewDesignator=D7
Change Component Designator: OldDesignator=D5 NewDesignator=D8
Change Component Designator: OldDesignator=D6 NewDesignator=D1
Change Component Designator: OldDesignator=D7 NewDesignator=D3
Change Component Designator: OldDesignator=D8 NewDesignator=D9
Change Component Designator: OldDesignator=L1 NewDesignator=L2
Change Component Designator: OldDesignator=L2 NewDesignator=L1
Change Component Designator: OldDesignator=LCD1 NewDesignator=SEG1
Change Component Designator: OldDesignator=O1 NewDesignator=O2
Change Component Designator: OldDesignator=O2 NewDesignator=O1
Change Component Designator: OldDesignator=P1 NewDesignator=P2
Change Component Designator: OldDesignator=P2 NewDesignator=P1
Change Component Designator: OldDesignator=P3 NewDesignator=P4
Change Component Designator: OldDesignator=P4 NewDesignator=P5
Change Component Designator: OldDesignator=R1 NewDesignator=R16
Change Component Designator: OldDesignator=R2 NewDesignator=R10
Change Component Designator: OldDesignator=R3 NewDesignator=R12
Change Component Designator: OldDesignator=R4 NewDesignator=R13
Change Component Designator: OldDesignator=R5 NewDesignator=R17
Change Component Designator: OldDesignator=R6 NewDesignator=R8
Change Component Designator: OldDesignator=R7 NewDesignator=R9
Change Component Designator: OldDesignator=R8 NewDesignator=R11
Change Component Designator: OldDesignator=R9 NewDesignator=R14
Change Component Designator: OldDesignator=R10 NewDesignator=R7
Change Component Designator: OldDesignator=R11 NewDesignator=R15
Change Component Designator: OldDesignator=R12 NewDesignator=R4
Change Component Designator: OldDesignator=R13 NewDesignator=R3
Change Component Designator: OldDesignator=R14 NewDesignator=R2
Change Component Designator: OldDesignator=R15 NewDesignator=R5
Change Component Designator: OldDesignator=R16 NewDesignator=R6
Change Component Designator: OldDesignator=R17 NewDesignator=R1
Change Component Designator: OldDesignator=U1 NewDesignator=U2
Change Component Designator: OldDesignator=U2 NewDesignator=U1
Change Component Designator: OldDesignator=X4 NewDesignator=P3
Change Net Name : Old Net Name=NetC3_2 New Net Name=NetC10_2
Change Net Name : Old Net Name=NetC17_2 New Net Name=NetC1_2
Change Net Name : Old Net Name=NetD1_1 New Net Name=NetD5_1
Change Net Name : Old Net Name=NetD2_1 New Net Name=NetD6_1
Change Net Name : Old Net Name=NetD4_1 New Net Name=NetD7_1
Change Net Name : Old Net Name=NetD5_1 New Net Name=NetD8_1
Change Net Name : Old Net Name=NetL2_1 New Net Name=NetL1_1
Change Net Name : Old Net Name=NetR15_1 New Net Name=NetR5_1
Change Net Name : Old Net Name=NetR16_1 New Net Name=NetR6_1
Added Member To Class: ClassName=Primary MCU Member=Component C18 SMD Cap - Nonpolarized
Added Member To Class: ClassName=Primary MCU Member=Component D6 LED
Added Member To Class: ClassName=DC Step-Down Converter Member=Component P5 Screw Terminal [2pin]
