Removed Pin From Net: NetName=Seg1_F_NR Pin=U8-1
Removed Pin From Net: NetName=Seg1_G_NR Pin=U8-2
Removed Pin From Net: NetName=Seg1_A_NR Pin=U8-3
Removed Pin From Net: NetName=Seg1_B_NR Pin=U8-4
Removed Pin From Net: NetName=Seg1_E_NR Pin=U8-5
Removed Pin From Net: NetName=Seg1_D_NR Pin=U8-6
Removed Pin From Net: NetName=Seg1_C_NR Pin=U8-7
Removed Pin From Net: NetName=Seg1_DP_NR Pin=U8-8
Removed Pin From Net: NetName=Seg1_DP Pin=U8-9
Removed Pin From Net: NetName=Seg1_C Pin=U8-10
Removed Pin From Net: NetName=Seg1_D Pin=U8-11
Removed Pin From Net: NetName=Seg1_E Pin=U8-12
Removed Pin From Net: NetName=Seg1_B Pin=U8-13
Removed Pin From Net: NetName=Seg1_A Pin=U8-14
Removed Pin From Net: NetName=Seg1_G Pin=U8-15
Removed Pin From Net: NetName=Seg1_F Pin=U8-16
Removed Pin From Net: NetName=Seg2_F_NR Pin=U10-1
Removed Pin From Net: NetName=Seg2_A_NR Pin=U10-2
Removed Pin From Net: NetName=Seg2_B_NR Pin=U10-3
Removed Pin From Net: NetName=Seg2_E_NR Pin=U10-4
Removed Pin From Net: NetName=Seg2_D_NR Pin=U10-5
Removed Pin From Net: NetName=Seg2_G_NR Pin=U10-6
Removed Pin From Net: NetName=Seg2_C_NR Pin=U10-7
Removed Pin From Net: NetName=Seg2_DP_NR Pin=U10-8
Removed Pin From Net: NetName=Seg2_DP Pin=U10-9
Removed Pin From Net: NetName=Seg2_C Pin=U10-10
Removed Pin From Net: NetName=Seg2_G Pin=U10-11
Removed Pin From Net: NetName=Seg2_D Pin=U10-12
Removed Pin From Net: NetName=Seg2_E Pin=U10-13
Removed Pin From Net: NetName=Seg2_B Pin=U10-14
Removed Pin From Net: NetName=Seg2_A Pin=U10-15
Removed Pin From Net: NetName=Seg2_F Pin=U10-16
Removed Pin From Net: NetName=Seg3_F_NR Pin=U13-1
Removed Pin From Net: NetName=Seg3_G_NR Pin=U13-2
Removed Pin From Net: NetName=Seg3_A_NR Pin=U13-3
Removed Pin From Net: NetName=Seg3_B_NR Pin=U13-4
Removed Pin From Net: NetName=Seg3_E_NR Pin=U13-5
Removed Pin From Net: NetName=Seg3_D_NR Pin=U13-6
Removed Pin From Net: NetName=Seg3_C_NR Pin=U13-7
Removed Pin From Net: NetName=Seg3_DP_NR Pin=U13-8
Removed Pin From Net: NetName=Seg3_DP Pin=U13-9
Removed Pin From Net: NetName=Seg3_C Pin=U13-10
Removed Pin From Net: NetName=Seg3_D Pin=U13-11
Removed Pin From Net: NetName=Seg3_E Pin=U13-12
Removed Pin From Net: NetName=Seg3_B Pin=U13-13
Removed Pin From Net: NetName=Seg3_A Pin=U13-14
Removed Pin From Net: NetName=Seg3_G Pin=U13-15
Removed Pin From Net: NetName=Seg3_F Pin=U13-16
Removed Pin From Net: NetName=Seg4_F_NR Pin=U15-1
Removed Pin From Net: NetName=Seg4_A_NR Pin=U15-2
Removed Pin From Net: NetName=Seg4_B_NR Pin=U15-3
Removed Pin From Net: NetName=Seg4_E_NR Pin=U15-4
Removed Pin From Net: NetName=Seg4_D_NR Pin=U15-5
Removed Pin From Net: NetName=Seg4_G_NR Pin=U15-6
Removed Pin From Net: NetName=Seg4_C_NR Pin=U15-7
Removed Pin From Net: NetName=Seg4_DP_NR Pin=U15-8
Removed Pin From Net: NetName=Seg4_DP Pin=U15-9
Removed Pin From Net: NetName=Seg4_C Pin=U15-10
Removed Pin From Net: NetName=Seg4_G Pin=U15-11
Removed Pin From Net: NetName=Seg4_D Pin=U15-12
Removed Pin From Net: NetName=Seg4_E Pin=U15-13
Removed Pin From Net: NetName=Seg4_B Pin=U15-14
Removed Pin From Net: NetName=Seg4_A Pin=U15-15
Removed Pin From Net: NetName=Seg4_F Pin=U15-16
Removed Member From Class: ClassName=Seven-Seg Displays Member=U8
Removed Member From Class: ClassName=Seven-Seg Displays Member=U10
Removed Member From Class: ClassName=Seven-Seg Displays Member=U13
Removed Member From Class: ClassName=Seven-Seg Displays Member=U15
Added Component: Designator=R19(SMD Resistor [1210])
Add component (AddParameter): Name = "JLC Part #"; Value = ""; VariantName = "[No Variations]"
Add component (AddParameter): Name = "Mouser Part #"; Value = "71-CRCW1210220RJNEAH"; VariantName = "[No Variations]"
Add component (AddParameter): Name = "Resistance"; Value = "220"; VariantName = "[No Variations]"
Add component (AddParameter): Name = "Size Package"; Value = "1210"; VariantName = "[No Variations]"
Added Component: Designator=R20(SMD Resistor [1210])
Add component (AddParameter): Name = "JLC Part #"; Value = ""; VariantName = "[No Variations]"
Add component (AddParameter): Name = "Mouser Part #"; Value = "71-CRCW1210220RJNEAH"; VariantName = "[No Variations]"
Add component (AddParameter): Name = "Resistance"; Value = "220"; VariantName = "[No Variations]"
Add component (AddParameter): Name = "Size Package"; Value = "1210"; VariantName = "[No Variations]"
Added Component: Designator=R21(SMD Resistor [1210])
Add component (AddParameter): Name = "JLC Part #"; Value = ""; VariantName = "[No Variations]"
Add component (AddParameter): Name = "Mouser Part #"; Value = "71-CRCW1210220RJNEAH"; VariantName = "[No Variations]"
Add component (AddParameter): Name = "Resistance"; Value = "220"; VariantName = "[No Variations]"
Add component (AddParameter): Name = "Size Package"; Value = "1210"; VariantName = "[No Variations]"
Added Component: Designator=R22(SMD Resistor [1210])
Add component (AddParameter): Name = "JLC Part #"; Value = ""; VariantName = "[No Variations]"
Add component (AddParameter): Name = "Mouser Part #"; Value = "71-CRCW1210220RJNEAH"; VariantName = "[No Variations]"
Add component (AddParameter): Name = "Resistance"; Value = "220"; VariantName = "[No Variations]"
Add component (AddParameter): Name = "Size Package"; Value = "1210"; VariantName = "[No Variations]"
Added Component: Designator=R23(SMD Resistor [1210])
Add component (AddParameter): Name = "JLC Part #"; Value = ""; VariantName = "[No Variations]"
Add component (AddParameter): Name = "Mouser Part #"; Value = "71-CRCW1210220RJNEAH"; VariantName = "[No Variations]"
Add component (AddParameter): Name = "Resistance"; Value = "220"; VariantName = "[No Variations]"
Add component (AddParameter): Name = "Size Package"; Value = "1210"; VariantName = "[No Variations]"
Added Component: Designator=R24(SMD Resistor [1210])
Add component (AddParameter): Name = "JLC Part #"; Value = ""; VariantName = "[No Variations]"
Add component (AddParameter): Name = "Mouser Part #"; Value = "71-CRCW1210220RJNEAH"; VariantName = "[No Variations]"
Add component (AddParameter): Name = "Resistance"; Value = "220"; VariantName = "[No Variations]"
Add component (AddParameter): Name = "Size Package"; Value = "1210"; VariantName = "[No Variations]"
Added Component: Designator=R25(SMD Resistor [1210])
Add component (AddParameter): Name = "JLC Part #"; Value = ""; VariantName = "[No Variations]"
Add component (AddParameter): Name = "Mouser Part #"; Value = "71-CRCW1210220RJNEAH"; VariantName = "[No Variations]"
Add component (AddParameter): Name = "Resistance"; Value = "220"; VariantName = "[No Variations]"
Add component (AddParameter): Name = "Size Package"; Value = "1210"; VariantName = "[No Variations]"
Added Component: Designator=R26(SMD Resistor [1210])
Add component (AddParameter): Name = "JLC Part #"; Value = ""; VariantName = "[No Variations]"
Add component (AddParameter): Name = "Mouser Part #"; Value = "71-CRCW1210220RJNEAH"; VariantName = "[No Variations]"
Add component (AddParameter): Name = "Resistance"; Value = "220"; VariantName = "[No Variations]"
Add component (AddParameter): Name = "Size Package"; Value = "1210"; VariantName = "[No Variations]"
Added Component: Designator=R27(SMD Resistor [1210])
Add component (AddParameter): Name = "JLC Part #"; Value = ""; VariantName = "[No Variations]"
Add component (AddParameter): Name = "Mouser Part #"; Value = "71-CRCW1210220RJNEAH"; VariantName = "[No Variations]"
Add component (AddParameter): Name = "Resistance"; Value = "220"; VariantName = "[No Variations]"
Add component (AddParameter): Name = "Size Package"; Value = "1210"; VariantName = "[No Variations]"
Added Component: Designator=R28(SMD Resistor [1210])
Add component (AddParameter): Name = "JLC Part #"; Value = ""; VariantName = "[No Variations]"
Add component (AddParameter): Name = "Mouser Part #"; Value = "71-CRCW1210220RJNEAH"; VariantName = "[No Variations]"
Add component (AddParameter): Name = "Resistance"; Value = "220"; VariantName = "[No Variations]"
Add component (AddParameter): Name = "Size Package"; Value = "1210"; VariantName = "[No Variations]"
Added Component: Designator=R29(SMD Resistor [1210])
Add component (AddParameter): Name = "JLC Part #"; Value = ""; VariantName = "[No Variations]"
Add component (AddParameter): Name = "Mouser Part #"; Value = "71-CRCW1210220RJNEAH"; VariantName = "[No Variations]"
Add component (AddParameter): Name = "Resistance"; Value = "220"; VariantName = "[No Variations]"
Add component (AddParameter): Name = "Size Package"; Value = "1210"; VariantName = "[No Variations]"
Added Component: Designator=R30(SMD Resistor [1210])
Add component (AddParameter): Name = "JLC Part #"; Value = ""; VariantName = "[No Variations]"
Add component (AddParameter): Name = "Mouser Part #"; Value = "71-CRCW1210220RJNEAH"; VariantName = "[No Variations]"
Add component (AddParameter): Name = "Resistance"; Value = "220"; VariantName = "[No Variations]"
Add component (AddParameter): Name = "Size Package"; Value = "1210"; VariantName = "[No Variations]"
Added Component: Designator=R31(SMD Resistor [1210])
Add component (AddParameter): Name = "JLC Part #"; Value = ""; VariantName = "[No Variations]"
Add component (AddParameter): Name = "Mouser Part #"; Value = "71-CRCW1210220RJNEAH"; VariantName = "[No Variations]"
Add component (AddParameter): Name = "Resistance"; Value = "220"; VariantName = "[No Variations]"
Add component (AddParameter): Name = "Size Package"; Value = "1210"; VariantName = "[No Variations]"
Added Component: Designator=R32(SMD Resistor [1210])
Add component (AddParameter): Name = "JLC Part #"; Value = ""; VariantName = "[No Variations]"
Add component (AddParameter): Name = "Mouser Part #"; Value = "71-CRCW1210220RJNEAH"; VariantName = "[No Variations]"
Add component (AddParameter): Name = "Resistance"; Value = "220"; VariantName = "[No Variations]"
Add component (AddParameter): Name = "Size Package"; Value = "1210"; VariantName = "[No Variations]"
Added Component: Designator=R33(SMD Resistor [1210])
Add component (AddParameter): Name = "JLC Part #"; Value = ""; VariantName = "[No Variations]"
Add component (AddParameter): Name = "Mouser Part #"; Value = "71-CRCW1210220RJNEAH"; VariantName = "[No Variations]"
Add component (AddParameter): Name = "Resistance"; Value = "220"; VariantName = "[No Variations]"
Add component (AddParameter): Name = "Size Package"; Value = "1210"; VariantName = "[No Variations]"
Added Component: Designator=R34(SMD Resistor [1210])
Add component (AddParameter): Name = "JLC Part #"; Value = ""; VariantName = "[No Variations]"
Add component (AddParameter): Name = "Mouser Part #"; Value = "71-CRCW1210220RJNEAH"; VariantName = "[No Variations]"
Add component (AddParameter): Name = "Resistance"; Value = "220"; VariantName = "[No Variations]"
Add component (AddParameter): Name = "Size Package"; Value = "1210"; VariantName = "[No Variations]"
Added Component: Designator=R35(SMD Resistor [1210])
Add component (AddParameter): Name = "JLC Part #"; Value = ""; VariantName = "[No Variations]"
Add component (AddParameter): Name = "Mouser Part #"; Value = "71-CRCW1210220RJNEAH"; VariantName = "[No Variations]"
Add component (AddParameter): Name = "Resistance"; Value = "220"; VariantName = "[No Variations]"
Add component (AddParameter): Name = "Size Package"; Value = "1210"; VariantName = "[No Variations]"
Added Component: Designator=R36(SMD Resistor [1210])
Add component (AddParameter): Name = "JLC Part #"; Value = ""; VariantName = "[No Variations]"
Add component (AddParameter): Name = "Mouser Part #"; Value = "71-CRCW1210220RJNEAH"; VariantName = "[No Variations]"
Add component (AddParameter): Name = "Resistance"; Value = "220"; VariantName = "[No Variations]"
Add component (AddParameter): Name = "Size Package"; Value = "1210"; VariantName = "[No Variations]"
Added Component: Designator=R37(SMD Resistor [1210])
Add component (AddParameter): Name = "JLC Part #"; Value = ""; VariantName = "[No Variations]"
Add component (AddParameter): Name = "Mouser Part #"; Value = "71-CRCW1210220RJNEAH"; VariantName = "[No Variations]"
Add component (AddParameter): Name = "Resistance"; Value = "220"; VariantName = "[No Variations]"
Add component (AddParameter): Name = "Size Package"; Value = "1210"; VariantName = "[No Variations]"
Added Component: Designator=R38(SMD Resistor [1210])
Add component (AddParameter): Name = "JLC Part #"; Value = ""; VariantName = "[No Variations]"
Add component (AddParameter): Name = "Mouser Part #"; Value = "71-CRCW1210220RJNEAH"; VariantName = "[No Variations]"
Add component (AddParameter): Name = "Resistance"; Value = "220"; VariantName = "[No Variations]"
Add component (AddParameter): Name = "Size Package"; Value = "1210"; VariantName = "[No Variations]"
Added Component: Designator=R39(SMD Resistor [1210])
Add component (AddParameter): Name = "JLC Part #"; Value = ""; VariantName = "[No Variations]"
Add component (AddParameter): Name = "Mouser Part #"; Value = "71-CRCW1210220RJNEAH"; VariantName = "[No Variations]"
Add component (AddParameter): Name = "Resistance"; Value = "220"; VariantName = "[No Variations]"
Add component (AddParameter): Name = "Size Package"; Value = "1210"; VariantName = "[No Variations]"
Added Component: Designator=R40(SMD Resistor [1210])
Add component (AddParameter): Name = "JLC Part #"; Value = ""; VariantName = "[No Variations]"
Add component (AddParameter): Name = "Mouser Part #"; Value = "71-CRCW1210220RJNEAH"; VariantName = "[No Variations]"
Add component (AddParameter): Name = "Resistance"; Value = "220"; VariantName = "[No Variations]"
Add component (AddParameter): Name = "Size Package"; Value = "1210"; VariantName = "[No Variations]"
Added Component: Designator=R41(SMD Resistor [1210])
Add component (AddParameter): Name = "JLC Part #"; Value = ""; VariantName = "[No Variations]"
Add component (AddParameter): Name = "Mouser Part #"; Value = "71-CRCW1210220RJNEAH"; VariantName = "[No Variations]"
Add component (AddParameter): Name = "Resistance"; Value = "220"; VariantName = "[No Variations]"
Add component (AddParameter): Name = "Size Package"; Value = "1210"; VariantName = "[No Variations]"
Added Component: Designator=R42(SMD Resistor [1210])
Add component (AddParameter): Name = "JLC Part #"; Value = ""; VariantName = "[No Variations]"
Add component (AddParameter): Name = "Mouser Part #"; Value = "71-CRCW1210220RJNEAH"; VariantName = "[No Variations]"
Add component (AddParameter): Name = "Resistance"; Value = "220"; VariantName = "[No Variations]"
Add component (AddParameter): Name = "Size Package"; Value = "1210"; VariantName = "[No Variations]"
Added Component: Designator=R43(SMD Resistor [1210])
Add component (AddParameter): Name = "JLC Part #"; Value = ""; VariantName = "[No Variations]"
Add component (AddParameter): Name = "Mouser Part #"; Value = "71-CRCW1210220RJNEAH"; VariantName = "[No Variations]"
Add component (AddParameter): Name = "Resistance"; Value = "220"; VariantName = "[No Variations]"
Add component (AddParameter): Name = "Size Package"; Value = "1210"; VariantName = "[No Variations]"
Added Component: Designator=R44(SMD Resistor [1210])
Add component (AddParameter): Name = "JLC Part #"; Value = ""; VariantName = "[No Variations]"
Add component (AddParameter): Name = "Mouser Part #"; Value = "71-CRCW1210220RJNEAH"; VariantName = "[No Variations]"
Add component (AddParameter): Name = "Resistance"; Value = "220"; VariantName = "[No Variations]"
Add component (AddParameter): Name = "Size Package"; Value = "1210"; VariantName = "[No Variations]"
Added Component: Designator=R45(SMD Resistor [1210])
Add component (AddParameter): Name = "JLC Part #"; Value = ""; VariantName = "[No Variations]"
Add component (AddParameter): Name = "Mouser Part #"; Value = "71-CRCW1210220RJNEAH"; VariantName = "[No Variations]"
Add component (AddParameter): Name = "Resistance"; Value = "220"; VariantName = "[No Variations]"
Add component (AddParameter): Name = "Size Package"; Value = "1210"; VariantName = "[No Variations]"
Added Component: Designator=R46(SMD Resistor [1210])
Add component (AddParameter): Name = "JLC Part #"; Value = ""; VariantName = "[No Variations]"
Add component (AddParameter): Name = "Mouser Part #"; Value = "71-CRCW1210220RJNEAH"; VariantName = "[No Variations]"
Add component (AddParameter): Name = "Resistance"; Value = "220"; VariantName = "[No Variations]"
Add component (AddParameter): Name = "Size Package"; Value = "1210"; VariantName = "[No Variations]"
Added Component: Designator=R47(SMD Resistor [1210])
Add component (AddParameter): Name = "JLC Part #"; Value = ""; VariantName = "[No Variations]"
Add component (AddParameter): Name = "Mouser Part #"; Value = "71-CRCW1210220RJNEAH"; VariantName = "[No Variations]"
Add component (AddParameter): Name = "Resistance"; Value = "220"; VariantName = "[No Variations]"
Add component (AddParameter): Name = "Size Package"; Value = "1210"; VariantName = "[No Variations]"
Added Component: Designator=R48(SMD Resistor [1210])
Add component (AddParameter): Name = "JLC Part #"; Value = ""; VariantName = "[No Variations]"
Add component (AddParameter): Name = "Mouser Part #"; Value = "71-CRCW1210220RJNEAH"; VariantName = "[No Variations]"
Add component (AddParameter): Name = "Resistance"; Value = "220"; VariantName = "[No Variations]"
Add component (AddParameter): Name = "Size Package"; Value = "1210"; VariantName = "[No Variations]"
Added Component: Designator=R49(SMD Resistor [1210])
Add component (AddParameter): Name = "JLC Part #"; Value = ""; VariantName = "[No Variations]"
Add component (AddParameter): Name = "Mouser Part #"; Value = "71-CRCW1210220RJNEAH"; VariantName = "[No Variations]"
Add component (AddParameter): Name = "Resistance"; Value = "220"; VariantName = "[No Variations]"
Add component (AddParameter): Name = "Size Package"; Value = "1210"; VariantName = "[No Variations]"
Added Component: Designator=R50(SMD Resistor [1210])
Add component (AddParameter): Name = "JLC Part #"; Value = ""; VariantName = "[No Variations]"
Add component (AddParameter): Name = "Mouser Part #"; Value = "71-CRCW1210220RJNEAH"; VariantName = "[No Variations]"
Add component (AddParameter): Name = "Resistance"; Value = "220"; VariantName = "[No Variations]"
Add component (AddParameter): Name = "Size Package"; Value = "1210"; VariantName = "[No Variations]"
Added Pin To Net: NetName=Seg1_F Pin=R19-1
Added Pin To Net: NetName=Seg1_F_NR Pin=R19-2
Added Pin To Net: NetName=Seg2_F Pin=R20-1
Added Pin To Net: NetName=Seg2_F_NR Pin=R20-2
Added Pin To Net: NetName=Seg1_G Pin=R21-1
Added Pin To Net: NetName=Seg1_G_NR Pin=R21-2
Added Pin To Net: NetName=Seg2_A Pin=R22-1
Added Pin To Net: NetName=Seg2_A_NR Pin=R22-2
Added Pin To Net: NetName=Seg1_A Pin=R23-1
Added Pin To Net: NetName=Seg1_A_NR Pin=R23-2
Added Pin To Net: NetName=Seg2_B Pin=R24-1
Added Pin To Net: NetName=Seg2_B_NR Pin=R24-2
Added Pin To Net: NetName=Seg1_B Pin=R25-1
Added Pin To Net: NetName=Seg1_B_NR Pin=R25-2
Added Pin To Net: NetName=Seg2_E Pin=R26-1
Added Pin To Net: NetName=Seg2_E_NR Pin=R26-2
Added Pin To Net: NetName=Seg1_E Pin=R27-1
Added Pin To Net: NetName=Seg1_E_NR Pin=R27-2
Added Pin To Net: NetName=Seg2_D Pin=R28-1
Added Pin To Net: NetName=Seg2_D_NR Pin=R28-2
Added Pin To Net: NetName=Seg1_D Pin=R29-1
Added Pin To Net: NetName=Seg1_D_NR Pin=R29-2
Added Pin To Net: NetName=Seg2_G Pin=R30-1
Added Pin To Net: NetName=Seg2_G_NR Pin=R30-2
Added Pin To Net: NetName=Seg1_C Pin=R31-1
Added Pin To Net: NetName=Seg1_C_NR Pin=R31-2
Added Pin To Net: NetName=Seg2_C Pin=R32-1
Added Pin To Net: NetName=Seg2_C_NR Pin=R32-2
Added Pin To Net: NetName=Seg1_DP Pin=R33-1
Added Pin To Net: NetName=Seg1_DP_NR Pin=R33-2
Added Pin To Net: NetName=Seg2_DP Pin=R34-1
Added Pin To Net: NetName=Seg2_DP_NR Pin=R34-2
Added Pin To Net: NetName=Seg3_F Pin=R35-1
Added Pin To Net: NetName=Seg3_F_NR Pin=R35-2
Added Pin To Net: NetName=Seg4_F Pin=R36-1
Added Pin To Net: NetName=Seg4_F_NR Pin=R36-2
Added Pin To Net: NetName=Seg3_G Pin=R37-1
Added Pin To Net: NetName=Seg3_G_NR Pin=R37-2
Added Pin To Net: NetName=Seg4_A Pin=R38-1
Added Pin To Net: NetName=Seg4_A_NR Pin=R38-2
Added Pin To Net: NetName=Seg3_A Pin=R39-1
Added Pin To Net: NetName=Seg3_A_NR Pin=R39-2
Added Pin To Net: NetName=Seg4_B Pin=R40-1
Added Pin To Net: NetName=Seg4_B_NR Pin=R40-2
Added Pin To Net: NetName=Seg3_B Pin=R41-1
Added Pin To Net: NetName=Seg3_B_NR Pin=R41-2
Added Pin To Net: NetName=Seg4_E Pin=R42-1
Added Pin To Net: NetName=Seg4_E_NR Pin=R42-2
Added Pin To Net: NetName=Seg3_E Pin=R43-1
Added Pin To Net: NetName=Seg3_E_NR Pin=R43-2
Added Pin To Net: NetName=Seg4_D Pin=R44-1
Added Pin To Net: NetName=Seg4_D_NR Pin=R44-2
Added Pin To Net: NetName=Seg3_D Pin=R45-1
Added Pin To Net: NetName=Seg3_D_NR Pin=R45-2
Added Pin To Net: NetName=Seg4_G Pin=R46-1
Added Pin To Net: NetName=Seg4_G_NR Pin=R46-2
Added Pin To Net: NetName=Seg3_C Pin=R47-1
Added Pin To Net: NetName=Seg3_C_NR Pin=R47-2
Added Pin To Net: NetName=Seg4_C Pin=R48-1
Added Pin To Net: NetName=Seg4_C_NR Pin=R48-2
Added Pin To Net: NetName=Seg3_DP Pin=R49-1
Added Pin To Net: NetName=Seg3_DP_NR Pin=R49-2
Added Pin To Net: NetName=Seg4_DP Pin=R50-1
Added Pin To Net: NetName=Seg4_DP_NR Pin=R50-2
Added Member To Class: ClassName=Seven-Seg Displays Member=Component R19 SMD Resistor
Added Member To Class: ClassName=Seven-Seg Displays Member=Component R20 SMD Resistor
Added Member To Class: ClassName=Seven-Seg Displays Member=Component R21 SMD Resistor
Added Member To Class: ClassName=Seven-Seg Displays Member=Component R22 SMD Resistor
Added Member To Class: ClassName=Seven-Seg Displays Member=Component R23 SMD Resistor
Added Member To Class: ClassName=Seven-Seg Displays Member=Component R24 SMD Resistor
Added Member To Class: ClassName=Seven-Seg Displays Member=Component R25 SMD Resistor
Added Member To Class: ClassName=Seven-Seg Displays Member=Component R26 SMD Resistor
Added Member To Class: ClassName=Seven-Seg Displays Member=Component R27 SMD Resistor
Added Member To Class: ClassName=Seven-Seg Displays Member=Component R28 SMD Resistor
Added Member To Class: ClassName=Seven-Seg Displays Member=Component R29 SMD Resistor
Added Member To Class: ClassName=Seven-Seg Displays Member=Component R30 SMD Resistor
Added Member To Class: ClassName=Seven-Seg Displays Member=Component R31 SMD Resistor
Added Member To Class: ClassName=Seven-Seg Displays Member=Component R32 SMD Resistor
Added Member To Class: ClassName=Seven-Seg Displays Member=Component R33 SMD Resistor
Added Member To Class: ClassName=Seven-Seg Displays Member=Component R34 SMD Resistor
Added Member To Class: ClassName=Seven-Seg Displays Member=Component R35 SMD Resistor
Added Member To Class: ClassName=Seven-Seg Displays Member=Component R36 SMD Resistor
Added Member To Class: ClassName=Seven-Seg Displays Member=Component R37 SMD Resistor
Added Member To Class: ClassName=Seven-Seg Displays Member=Component R38 SMD Resistor
Added Member To Class: ClassName=Seven-Seg Displays Member=Component R39 SMD Resistor
Added Member To Class: ClassName=Seven-Seg Displays Member=Component R40 SMD Resistor
Added Member To Class: ClassName=Seven-Seg Displays Member=Component R41 SMD Resistor
Added Member To Class: ClassName=Seven-Seg Displays Member=Component R42 SMD Resistor
Added Member To Class: ClassName=Seven-Seg Displays Member=Component R43 SMD Resistor
Added Member To Class: ClassName=Seven-Seg Displays Member=Component R44 SMD Resistor
Added Member To Class: ClassName=Seven-Seg Displays Member=Component R45 SMD Resistor
Added Member To Class: ClassName=Seven-Seg Displays Member=Component R46 SMD Resistor
Added Member To Class: ClassName=Seven-Seg Displays Member=Component R47 SMD Resistor
Added Member To Class: ClassName=Seven-Seg Displays Member=Component R48 SMD Resistor
Added Member To Class: ClassName=Seven-Seg Displays Member=Component R49 SMD Resistor
Added Member To Class: ClassName=Seven-Seg Displays Member=Component R50 SMD Resistor
