Added Component: Designator=LCD1(7seg Display [4 Digit])
Add component (AddParameter): Name = "Color"; Value = "Red"; VariantName = "[No Variations]"
Add component (AddParameter): Name = "Mouser Part #"; Value = "474-COM-11405"; VariantName = "[No Variations]"
Added Component: Designator=R19(SMD Resistor [1210])
Add component (AddParameter): Name = "JLC Part #"; Value = "C728401"; VariantName = "[No Variations]"
Add component (AddParameter): Name = "Mouser Part #"; Value = "ERJ-14NF9531U"; VariantName = "[No Variations]"
Add component (AddParameter): Name = "Resistance"; Value = "9.53k"; VariantName = "[No Variations]"
Add component (AddParameter): Name = "Size Package"; Value = "1210"; VariantName = "[No Variations]"
Added Component: Designator=U7(DIP IC [24pin, IC])
Add component (AddParameter): Name = "Mouser Part #"; Value = "700-MAX7219ENG"; VariantName = "[No Variations]"
Added Pin To Net: NetName=16U2_AVCC Pin=R19-1
Added Pin To Net: NetName=U3 GND Pin=U7-4
Added Pin To Net: NetName=U3 GND Pin=U7-9
Added Pin To Net: NetName=16U2_AVCC Pin=U7-19
Change Net Name : Old Net Name=PB3 New Net Name=MISO1
Added Pin To Net: NetName=D_DIG_0 Pin=LCD1-12
Added Pin To Net: NetName=D_DIG_0 Pin=U7-2
Added Net: Name=D_DIG_0
Added Pin To Net: NetName=D_DIG_1 Pin=LCD1-9
Added Pin To Net: NetName=D_DIG_1 Pin=U7-11
Added Net: Name=D_DIG_1
Added Pin To Net: NetName=D_DIG_2 Pin=LCD1-8
Added Pin To Net: NetName=D_DIG_2 Pin=U7-6
Added Net: Name=D_DIG_2
Added Pin To Net: NetName=D_DIG_3 Pin=LCD1-6
Added Pin To Net: NetName=D_DIG_3 Pin=U7-7
Added Net: Name=D_DIG_3
Added Pin To Net: NetName=D_ISET Pin=R19-2
Added Pin To Net: NetName=D_ISET Pin=U7-18
Added Net: Name=D_ISET
Added Pin To Net: NetName=D_LOAD (C\S\\) Pin=U1-78
Added Pin To Net: NetName=D_LOAD (C\S\\) Pin=U7-12
Added Net: Name=D_LOAD (C\S\\)
Added Pin To Net: NetName=D_Seg_A Pin=LCD1-11
Added Pin To Net: NetName=D_Seg_A Pin=U7-14
Added Net: Name=D_Seg_A
Added Pin To Net: NetName=D_Seg_B Pin=LCD1-7
Added Pin To Net: NetName=D_Seg_B Pin=U7-16
Added Net: Name=D_Seg_B
Added Pin To Net: NetName=D_Seg_C Pin=LCD1-4
Added Pin To Net: NetName=D_Seg_C Pin=U7-20
Added Net: Name=D_Seg_C
Added Pin To Net: NetName=D_Seg_DP Pin=LCD1-3
Added Pin To Net: NetName=D_Seg_DP Pin=U7-22
Added Net: Name=D_Seg_DP
Added Pin To Net: NetName=D_Seg_D Pin=LCD1-2
Added Pin To Net: NetName=D_Seg_D Pin=U7-23
Added Net: Name=D_Seg_D
Added Pin To Net: NetName=D_Seg_E Pin=LCD1-1
Added Pin To Net: NetName=D_Seg_E Pin=U7-21
Added Net: Name=D_Seg_E
Added Pin To Net: NetName=D_Seg_F Pin=LCD1-10
Added Pin To Net: NetName=D_Seg_F Pin=U7-15
Added Net: Name=D_Seg_F
Added Pin To Net: NetName=D_Seg_G Pin=LCD1-5
Added Pin To Net: NetName=D_Seg_G Pin=U7-17
Added Net: Name=D_Seg_G
Added Pin To Net: NetName=MOSI1 Pin=P4-4
Added Pin To Net: NetName=MOSI1 Pin=U1-21
Added Pin To Net: NetName=MOSI1 Pin=U7-1
Added Net: Name=MOSI1
Added Pin To Net: NetName=SCK1 Pin=P4-3
Added Pin To Net: NetName=SCK1 Pin=U1-20
Added Pin To Net: NetName=SCK1 Pin=U7-13
Added Net: Name=SCK1
Added Class: Name=Seven-Seg Displays
