[0.470s] DEBUG:colcon:Command line arguments: ['/usr/bin/colcon', 'build']
[0.470s] DEBUG:colcon:Parsed command line arguments: Namespace(log_base=None, log_level=None, verb_name='build', build_base='build', install_base='install', merge_install=False, symlink_install=False, test_result_base=None, continue_on_error=False, executor='parallel', parallel_workers=4, event_handlers=None, ignore_user_meta=False, metas=['./colcon.meta'], base_paths=['.'], packages_ignore=None, packages_ignore_regex=None, paths=None, packages_up_to=None, packages_up_to_regex=None, packages_above=None, packages_above_and_dependencies=None, packages_above_depth=None, packages_select_by_dep=None, packages_skip_by_dep=None, packages_skip_up_to=None, packages_select_build_failed=False, packages_skip_build_finished=False, packages_select_test_failures=False, packages_skip_test_passed=False, packages_select=None, packages_skip=None, packages_select_regex=None, packages_skip_regex=None, packages_start=None, packages_end=None, allow_overriding=[], cmake_args=None, cmake_target=None, cmake_target_skip_unavailable=False, cmake_clean_cache=False, cmake_clean_first=False, cmake_force_configure=False, ament_cmake_args=None, catkin_cmake_args=None, catkin_skip_building_tests=False, mixin_files=None, mixin=None, verb_parser=<colcon_mixin.mixin.mixin_argument.MixinArgumentDecorator object at 0xffff86b5e7e0>, verb_extension=<colcon_core.verb.build.BuildVerb object at 0xffff86cbeb70>, main=<bound method BuildVerb.main of <colcon_core.verb.build.BuildVerb object at 0xffff86cbeb70>>, mixin_verb=('build',))
[0.633s] Level 1:colcon.colcon_core.package_discovery:discover_packages(colcon_meta) check parameters
[0.634s] Level 1:colcon.colcon_core.package_discovery:discover_packages(recursive) check parameters
[0.634s] Level 1:colcon.colcon_core.package_discovery:discover_packages(ignore) check parameters
[0.634s] Level 1:colcon.colcon_core.package_discovery:discover_packages(path) check parameters
[0.634s] Level 1:colcon.colcon_core.package_discovery:discover_packages(colcon_meta) discover
[0.634s] Level 1:colcon.colcon_core.package_discovery:discover_packages(recursive) discover
[0.634s] INFO:colcon.colcon_core.package_discovery:Crawling recursively for packages in '/home/reptilerover/ReptileRover/NewCode2025/stim300'
[0.635s] Level 1:colcon.colcon_core.package_identification:_identify(.) by extensions ['ignore', 'ignore_ament_install']
[0.635s] Level 1:colcon.colcon_core.package_identification:_identify(.) by extension 'ignore'
[0.635s] Level 1:colcon.colcon_core.package_identification:_identify(.) by extension 'ignore_ament_install'
[0.636s] Level 1:colcon.colcon_core.package_identification:_identify(.) by extensions ['colcon_pkg']
[0.636s] Level 1:colcon.colcon_core.package_identification:_identify(.) by extension 'colcon_pkg'
[0.636s] Level 1:colcon.colcon_core.package_identification:_identify(.) by extensions ['colcon_meta']
[0.636s] Level 1:colcon.colcon_core.package_identification:_identify(.) by extension 'colcon_meta'
[0.636s] Level 1:colcon.colcon_core.package_identification:_identify(.) by extensions ['ros']
[0.636s] Level 1:colcon.colcon_core.package_identification:_identify(.) by extension 'ros'
[0.747s] DEBUG:colcon.colcon_core.package_identification:Package '.' with type 'ros.ament_cmake' and name 'stim300'
[0.747s] Level 1:colcon.colcon_core.package_discovery:discover_packages(recursive) using defaults
[0.747s] Level 1:colcon.colcon_core.package_discovery:discover_packages(ignore) discover
[0.748s] Level 1:colcon.colcon_core.package_discovery:discover_packages(ignore) using defaults
[0.748s] Level 1:colcon.colcon_core.package_discovery:discover_packages(path) discover
[0.748s] Level 1:colcon.colcon_core.package_discovery:discover_packages(path) using defaults
[0.813s] Level 1:colcon.colcon_core.package_discovery:discover_packages(prefix_path) check parameters
[0.813s] Level 1:colcon.colcon_core.package_discovery:discover_packages(prefix_path) discover
[0.821s] DEBUG:colcon.colcon_installed_package_information.package_discovery:Found 1 installed packages in /home/reptilerover/ReptileRover/NewCode2025/stim300/install
[0.833s] DEBUG:colcon.colcon_installed_package_information.package_discovery:Found 343 installed packages in /opt/ros/jazzy
[0.841s] Level 1:colcon.colcon_core.package_discovery:discover_packages(prefix_path) using defaults
[1.056s] Level 5:colcon.colcon_core.verb:set package 'stim300' build argument 'cmake_args' from command line to 'None'
[1.056s] Level 5:colcon.colcon_core.verb:set package 'stim300' build argument 'cmake_target' from command line to 'None'
[1.056s] Level 5:colcon.colcon_core.verb:set package 'stim300' build argument 'cmake_target_skip_unavailable' from command line to 'False'
[1.056s] Level 5:colcon.colcon_core.verb:set package 'stim300' build argument 'cmake_clean_cache' from command line to 'False'
[1.056s] Level 5:colcon.colcon_core.verb:set package 'stim300' build argument 'cmake_clean_first' from command line to 'False'
[1.056s] Level 5:colcon.colcon_core.verb:set package 'stim300' build argument 'cmake_force_configure' from command line to 'False'
[1.056s] Level 5:colcon.colcon_core.verb:set package 'stim300' build argument 'ament_cmake_args' from command line to 'None'
[1.056s] Level 5:colcon.colcon_core.verb:set package 'stim300' build argument 'catkin_cmake_args' from command line to 'None'
[1.056s] Level 5:colcon.colcon_core.verb:set package 'stim300' build argument 'catkin_skip_building_tests' from command line to 'False'
[1.057s] DEBUG:colcon.colcon_core.verb:Building package 'stim300' with the following arguments: {'ament_cmake_args': None, 'build_base': '/home/reptilerover/ReptileRover/NewCode2025/stim300/build/stim300', 'catkin_cmake_args': None, 'catkin_skip_building_tests': False, 'cmake_args': None, 'cmake_clean_cache': False, 'cmake_clean_first': False, 'cmake_force_configure': False, 'cmake_target': None, 'cmake_target_skip_unavailable': False, 'install_base': '/home/reptilerover/ReptileRover/NewCode2025/stim300/install/stim300', 'merge_install': False, 'path': '/home/reptilerover/ReptileRover/NewCode2025/stim300', 'symlink_install': False, 'test_result_base': None}
[1.057s] INFO:colcon.colcon_core.executor:Executing jobs using 'parallel' executor
[1.060s] DEBUG:colcon.colcon_parallel_executor.executor.parallel:run_until_complete
[1.061s] INFO:colcon.colcon_ros.task.ament_cmake.build:Building ROS package in '/home/reptilerover/ReptileRover/NewCode2025/stim300' with build type 'ament_cmake'
[1.062s] INFO:colcon.colcon_cmake.task.cmake.build:Building CMake package in '/home/reptilerover/ReptileRover/NewCode2025/stim300'
[1.069s] INFO:colcon.colcon_core.plugin_system:Skipping extension 'colcon_core.shell.bat': Not used on non-Windows systems
[1.070s] INFO:colcon.colcon_core.shell:Skip shell extension 'powershell' for command environment: Not usable outside of PowerShell
[1.070s] DEBUG:colcon.colcon_core.shell:Skip shell extension 'dsv' for command environment
[1.113s] DEBUG:colcon.colcon_core.event_handler.log_command:Invoking command in '/home/reptilerover/ReptileRover/NewCode2025/stim300/build/stim300': CMAKE_PREFIX_PATH=${CMAKE_PREFIX_PATH}:/opt/ros/jazzy DEBUGINFOD_URLS=https://debuginfod.ubuntu.com /usr/bin/cmake --build /home/reptilerover/ReptileRover/NewCode2025/stim300/build/stim300 -- -j4 -l4
[1.438s] DEBUG:colcon.colcon_core.event_handler.log_command:Invoked command in '/home/reptilerover/ReptileRover/NewCode2025/stim300/build/stim300' returned '2': CMAKE_PREFIX_PATH=${CMAKE_PREFIX_PATH}:/opt/ros/jazzy DEBUGINFOD_URLS=https://debuginfod.ubuntu.com /usr/bin/cmake --build /home/reptilerover/ReptileRover/NewCode2025/stim300/build/stim300 -- -j4 -l4
[1.440s] Level 1:colcon.colcon_core.environment:create_environment_scripts_only(stim300)
[1.448s] Level 1:colcon.colcon_core.environment:checking '/home/reptilerover/ReptileRover/NewCode2025/stim300/install/stim300' for CMake module files
[1.451s] Level 1:colcon.colcon_core.environment:checking '/home/reptilerover/ReptileRover/NewCode2025/stim300/install/stim300' for CMake config files
[1.452s] Level 1:colcon.colcon_core.shell:create_environment_hook('stim300', 'cmake_prefix_path')
[1.453s] INFO:colcon.colcon_core.shell:Creating environment hook '/home/reptilerover/ReptileRover/NewCode2025/stim300/install/stim300/share/stim300/hook/cmake_prefix_path.ps1'
[1.455s] INFO:colcon.colcon_core.shell:Creating environment descriptor '/home/reptilerover/ReptileRover/NewCode2025/stim300/install/stim300/share/stim300/hook/cmake_prefix_path.dsv'
[1.457s] INFO:colcon.colcon_core.shell:Creating environment hook '/home/reptilerover/ReptileRover/NewCode2025/stim300/install/stim300/share/stim300/hook/cmake_prefix_path.sh'
[1.460s] Level 1:colcon.colcon_core.environment:checking '/home/reptilerover/ReptileRover/NewCode2025/stim300/install/stim300/lib'
[1.461s] Level 1:colcon.colcon_core.environment:checking '/home/reptilerover/ReptileRover/NewCode2025/stim300/install/stim300/bin'
[1.461s] Level 1:colcon.colcon_core.environment:checking '/home/reptilerover/ReptileRover/NewCode2025/stim300/install/stim300/lib/pkgconfig/stim300.pc'
[1.463s] Level 1:colcon.colcon_core.environment:checking '/home/reptilerover/ReptileRover/NewCode2025/stim300/install/stim300/lib/python3.12/site-packages'
[1.463s] Level 1:colcon.colcon_core.environment:checking '/home/reptilerover/ReptileRover/NewCode2025/stim300/install/stim300/bin'
[1.464s] INFO:colcon.colcon_core.shell:Creating package script '/home/reptilerover/ReptileRover/NewCode2025/stim300/install/stim300/share/stim300/package.ps1'
[1.467s] INFO:colcon.colcon_core.shell:Creating package descriptor '/home/reptilerover/ReptileRover/NewCode2025/stim300/install/stim300/share/stim300/package.dsv'
[1.470s] INFO:colcon.colcon_core.shell:Creating package script '/home/reptilerover/ReptileRover/NewCode2025/stim300/install/stim300/share/stim300/package.sh'
[1.472s] INFO:colcon.colcon_core.shell:Creating package script '/home/reptilerover/ReptileRover/NewCode2025/stim300/install/stim300/share/stim300/package.bash'
[1.475s] INFO:colcon.colcon_core.shell:Creating package script '/home/reptilerover/ReptileRover/NewCode2025/stim300/install/stim300/share/stim300/package.zsh'
[1.477s] Level 1:colcon.colcon_core.environment:create_file_with_runtime_dependencies(/home/reptilerover/ReptileRover/NewCode2025/stim300/install/stim300/share/colcon-core/packages/stim300)
[1.479s] DEBUG:colcon.colcon_parallel_executor.executor.parallel:closing loop
[1.480s] DEBUG:colcon.colcon_parallel_executor.executor.parallel:loop closed
[1.481s] DEBUG:colcon.colcon_parallel_executor.executor.parallel:run_until_complete finished with '2'
[1.481s] DEBUG:colcon.colcon_core.event_reactor:joining thread
[1.503s] INFO:colcon.colcon_core.plugin_system:Skipping extension 'colcon_notification.desktop_notification.terminal_notifier': Not used on non-Darwin systems
[1.503s] INFO:colcon.colcon_core.plugin_system:Skipping extension 'colcon_notification.desktop_notification.win32': Not used on non-Windows systems
[1.503s] INFO:colcon.colcon_notification.desktop_notification:Sending desktop notification using 'notify2'
[1.557s] DEBUG:colcon.colcon_core.event_reactor:joined thread
[1.558s] INFO:colcon.colcon_core.shell:Creating prefix script '/home/reptilerover/ReptileRover/NewCode2025/stim300/install/local_setup.ps1'
[1.562s] INFO:colcon.colcon_core.shell:Creating prefix util module '/home/reptilerover/ReptileRover/NewCode2025/stim300/install/_local_setup_util_ps1.py'
[1.570s] INFO:colcon.colcon_core.shell:Creating prefix chain script '/home/reptilerover/ReptileRover/NewCode2025/stim300/install/setup.ps1'
[1.574s] INFO:colcon.colcon_core.shell:Creating prefix script '/home/reptilerover/ReptileRover/NewCode2025/stim300/install/local_setup.sh'
[1.577s] INFO:colcon.colcon_core.shell:Creating prefix util module '/home/reptilerover/ReptileRover/NewCode2025/stim300/install/_local_setup_util_sh.py'
[1.579s] INFO:colcon.colcon_core.shell:Creating prefix chain script '/home/reptilerover/ReptileRover/NewCode2025/stim300/install/setup.sh'
[1.584s] INFO:colcon.colcon_core.shell:Creating prefix script '/home/reptilerover/ReptileRover/NewCode2025/stim300/install/local_setup.bash'
[1.586s] INFO:colcon.colcon_core.shell:Creating prefix chain script '/home/reptilerover/ReptileRover/NewCode2025/stim300/install/setup.bash'
[1.590s] INFO:colcon.colcon_core.shell:Creating prefix script '/home/reptilerover/ReptileRover/NewCode2025/stim300/install/local_setup.zsh'
[1.592s] INFO:colcon.colcon_core.shell:Creating prefix chain script '/home/reptilerover/ReptileRover/NewCode2025/stim300/install/setup.zsh'
