[3.344s] Invoking command in '/home/ros/workspace/src/rover_camera': PYTHONPATH=/home/ros/workspace/build/rover_camera/prefix_override:/usr/lib/python3/dist-packages/colcon_core/task/python/colcon_distutils_commands:/home/ros/workspace/install/rover_camera/lib/python3.10/site-packages:${PYTHONPATH} /usr/bin/python3 -W ignore:setup.py install is deprecated setup.py egg_info --egg-base ../../build/rover_camera build --build-base /home/ros/workspace/build/rover_camera/build install --record /home/ros/workspace/build/rover_camera/install.log --single-version-externally-managed install_data
[4.299s] running egg_info
[4.303s] writing ../../build/rover_camera/rover_camera.egg-info/PKG-INFO
[4.305s] writing dependency_links to ../../build/rover_camera/rover_camera.egg-info/dependency_links.txt
[4.307s] writing entry points to ../../build/rover_camera/rover_camera.egg-info/entry_points.txt
[4.308s] writing requirements to ../../build/rover_camera/rover_camera.egg-info/requires.txt
[4.308s] writing top-level names to ../../build/rover_camera/rover_camera.egg-info/top_level.txt
[4.319s] reading manifest file '../../build/rover_camera/rover_camera.egg-info/SOURCES.txt'
[4.320s] writing manifest file '../../build/rover_camera/rover_camera.egg-info/SOURCES.txt'
[4.321s] running build
[4.326s] running build_py
[4.329s] running install
[4.332s] running install_lib
[4.335s] running install_data
[4.336s] running install_egg_info
[4.342s] removing '/home/ros/workspace/install/rover_camera/lib/python3.10/site-packages/rover_camera-0.0.0-py3.10.egg-info' (and everything under it)
[4.342s] Copying ../../build/rover_camera/rover_camera.egg-info to /home/ros/workspace/install/rover_camera/lib/python3.10/site-packages/rover_camera-0.0.0-py3.10.egg-info
[4.344s] running install_scripts
[4.426s] writing list of installed files to '/home/ros/workspace/build/rover_camera/install.log'
[4.606s] Invoked command in '/home/ros/workspace/src/rover_camera' returned '0': PYTHONPATH=/home/ros/workspace/build/rover_camera/prefix_override:/usr/lib/python3/dist-packages/colcon_core/task/python/colcon_distutils_commands:/home/ros/workspace/install/rover_camera/lib/python3.10/site-packages:${PYTHONPATH} /usr/bin/python3 -W ignore:setup.py install is deprecated setup.py egg_info --egg-base ../../build/rover_camera build --build-base /home/ros/workspace/build/rover_camera/build install --record /home/ros/workspace/build/rover_camera/install.log --single-version-externally-managed install_data
