[5.155s] Invoking command in '/home/reptilerover/ReptileRover/NewCode2025/my_joy_listener': DEBUGINFOD_URLS=https://debuginfod.ubuntu.com PYTHONPATH=/home/reptilerover/ReptileRover/NewCode2025/my_joy_listener/build/my_joy_listener/prefix_override:/usr/lib/python3/dist-packages/colcon_core/task/python/colcon_distutils_commands:/home/reptilerover/ReptileRover/NewCode2025/my_joy_listener/install/my_joy_listener/lib/python3.12/site-packages:${PYTHONPATH} /usr/bin/python3 -W ignore:setup.py install is deprecated -W ignore:easy_install command is deprecated setup.py egg_info --egg-base build/my_joy_listener build --build-base /home/reptilerover/ReptileRover/NewCode2025/my_joy_listener/build/my_joy_listener/build install --record /home/reptilerover/ReptileRover/NewCode2025/my_joy_listener/build/my_joy_listener/install.log --single-version-externally-managed install_data
[6.644s] running egg_info
[6.768s] writing build/my_joy_listener/my_joy_listener.egg-info/PKG-INFO
[6.773s] writing dependency_links to build/my_joy_listener/my_joy_listener.egg-info/dependency_links.txt
[6.775s] writing entry points to build/my_joy_listener/my_joy_listener.egg-info/entry_points.txt
[6.776s] writing requirements to build/my_joy_listener/my_joy_listener.egg-info/requires.txt
[6.777s] writing top-level names to build/my_joy_listener/my_joy_listener.egg-info/top_level.txt
[7.069s] reading manifest file 'build/my_joy_listener/my_joy_listener.egg-info/SOURCES.txt'
[7.075s] writing manifest file 'build/my_joy_listener/my_joy_listener.egg-info/SOURCES.txt'
[7.076s] running build
[7.077s] running build_py
[7.081s] running install
[7.110s] running install_lib
[7.244s] running install_data
[7.247s] running install_egg_info
[7.358s] removing '/home/reptilerover/ReptileRover/NewCode2025/my_joy_listener/install/my_joy_listener/lib/python3.12/site-packages/my_joy_listener-0.0.0-py3.12.egg-info' (and everything under it)
[7.360s] Copying build/my_joy_listener/my_joy_listener.egg-info to /home/reptilerover/ReptileRover/NewCode2025/my_joy_listener/install/my_joy_listener/lib/python3.12/site-packages/my_joy_listener-0.0.0-py3.12.egg-info
[7.367s] running install_scripts
[8.167s] Installing joy_handsome script to /home/reptilerover/ReptileRover/NewCode2025/my_joy_listener/install/my_joy_listener/lib/my_joy_listener
[8.173s] writing list of installed files to '/home/reptilerover/ReptileRover/NewCode2025/my_joy_listener/build/my_joy_listener/install.log'
[8.334s] Invoked command in '/home/reptilerover/ReptileRover/NewCode2025/my_joy_listener' returned '0': DEBUGINFOD_URLS=https://debuginfod.ubuntu.com PYTHONPATH=/home/reptilerover/ReptileRover/NewCode2025/my_joy_listener/build/my_joy_listener/prefix_override:/usr/lib/python3/dist-packages/colcon_core/task/python/colcon_distutils_commands:/home/reptilerover/ReptileRover/NewCode2025/my_joy_listener/install/my_joy_listener/lib/python3.12/site-packages:${PYTHONPATH} /usr/bin/python3 -W ignore:setup.py install is deprecated -W ignore:easy_install command is deprecated setup.py egg_info --egg-base build/my_joy_listener build --build-base /home/reptilerover/ReptileRover/NewCode2025/my_joy_listener/build/my_joy_listener/build install --record /home/reptilerover/ReptileRover/NewCode2025/my_joy_listener/build/my_joy_listener/install.log --single-version-externally-managed install_data
