running egg_info
writing ../../build/rover_controller/rover_controller.egg-info/PKG-INFO
writing dependency_links to ../../build/rover_controller/rover_controller.egg-info/dependency_links.txt
writing entry points to ../../build/rover_controller/rover_controller.egg-info/entry_points.txt
writing requirements to ../../build/rover_controller/rover_controller.egg-info/requires.txt
writing top-level names to ../../build/rover_controller/rover_controller.egg-info/top_level.txt
reading manifest file '../../build/rover_controller/rover_controller.egg-info/SOURCES.txt'
writing manifest file '../../build/rover_controller/rover_controller.egg-info/SOURCES.txt'
running build
running build_py
copying rover_controller/rover_controller.py -> /home/ros/workspace/build/rover_controller/build/lib/rover_controller
running install
running install_lib
copying /home/ros/workspace/build/rover_controller/build/lib/rover_controller/rover_controller.py -> /home/ros/workspace/install/rover_controller/lib/python3.10/site-packages/rover_controller
byte-compiling /home/ros/workspace/install/rover_controller/lib/python3.10/site-packages/rover_controller/rover_controller.py to rover_controller.cpython-310.pyc
running install_data
running install_egg_info
removing '/home/ros/workspace/install/rover_controller/lib/python3.10/site-packages/rover_controller-0.0.0-py3.10.egg-info' (and everything under it)
Copying ../../build/rover_controller/rover_controller.egg-info to /home/ros/workspace/install/rover_controller/lib/python3.10/site-packages/rover_controller-0.0.0-py3.10.egg-info
running install_scripts
writing list of installed files to '/home/ros/workspace/build/rover_controller/install.log'
