[3.273s] Invoking command in '/home/ros/workspace/src/rover_controller': PYTHONPATH=/home/ros/workspace/build/rover_controller/prefix_override:/usr/lib/python3/dist-packages/colcon_core/task/python/colcon_distutils_commands:/home/ros/workspace/install/rover_controller/lib/python3.10/site-packages:${PYTHONPATH} /usr/bin/python3 -W ignore:setup.py install is deprecated setup.py egg_info --egg-base ../../build/rover_controller build --build-base /home/ros/workspace/build/rover_controller/build install --record /home/ros/workspace/build/rover_controller/install.log --single-version-externally-managed install_data
[4.241s] running egg_info
[4.244s] writing ../../build/rover_controller/rover_controller.egg-info/PKG-INFO
[4.246s] writing dependency_links to ../../build/rover_controller/rover_controller.egg-info/dependency_links.txt
[4.246s] writing entry points to ../../build/rover_controller/rover_controller.egg-info/entry_points.txt
[4.247s] writing requirements to ../../build/rover_controller/rover_controller.egg-info/requires.txt
[4.248s] writing top-level names to ../../build/rover_controller/rover_controller.egg-info/top_level.txt
[4.256s] reading manifest file '../../build/rover_controller/rover_controller.egg-info/SOURCES.txt'
[4.261s] writing manifest file '../../build/rover_controller/rover_controller.egg-info/SOURCES.txt'
[4.261s] running build
[4.262s] running build_py
[4.262s] copying rover_controller/rover_controller.py -> /home/ros/workspace/build/rover_controller/build/lib/rover_controller
[4.263s] running install
[4.263s] running install_lib
[4.267s] copying /home/ros/workspace/build/rover_controller/build/lib/rover_controller/rover_controller.py -> /home/ros/workspace/install/rover_controller/lib/python3.10/site-packages/rover_controller
[4.270s] byte-compiling /home/ros/workspace/install/rover_controller/lib/python3.10/site-packages/rover_controller/rover_controller.py to rover_controller.cpython-310.pyc
[4.274s] running install_data
[4.275s] running install_egg_info
[4.284s] removing '/home/ros/workspace/install/rover_controller/lib/python3.10/site-packages/rover_controller-0.0.0-py3.10.egg-info' (and everything under it)
[4.284s] Copying ../../build/rover_controller/rover_controller.egg-info to /home/ros/workspace/install/rover_controller/lib/python3.10/site-packages/rover_controller-0.0.0-py3.10.egg-info
[4.288s] running install_scripts
[4.369s] writing list of installed files to '/home/ros/workspace/build/rover_controller/install.log'
[4.545s] Invoked command in '/home/ros/workspace/src/rover_controller' returned '0': PYTHONPATH=/home/ros/workspace/build/rover_controller/prefix_override:/usr/lib/python3/dist-packages/colcon_core/task/python/colcon_distutils_commands:/home/ros/workspace/install/rover_controller/lib/python3.10/site-packages:${PYTHONPATH} /usr/bin/python3 -W ignore:setup.py install is deprecated setup.py egg_info --egg-base ../../build/rover_controller build --build-base /home/ros/workspace/build/rover_controller/build install --record /home/ros/workspace/build/rover_controller/install.log --single-version-externally-managed install_data
