Change Component Footprint: Designator=C11 Old Footprint=[Cap] SMD 1210 New Footprint=[Cap] SMD 0805
Change Component Footprint: Designator=C12 Old Footprint=[Cap] SMD 1210 New Footprint=[Cap] SMD 0805
Change Component Footprint: Designator=C13 Old Footprint=[Cap] SMD 1210 New Footprint=[Cap] SMD 0805
Change component parameters: Designator = "C11" ("C11"); Footprint = "[Cap] SMD 1210"; UniqueID = "\LYVFKPKD" ("\LYVFKPKD")
Change component parameters (AddParameter): Name = "Capacitance"; Value = "100nF"; VariantName = "[No Variations]"
Change component parameters (AddParameter): Name = "JLC Part #"; Value = ""; VariantName = "[No Variations]"
Change component parameters (AddParameter): Name = "Mouser Part #"; Value = ""; VariantName = "[No Variations]"
Change component parameters (AddParameter): Name = "Size Package"; Value = "0805"; VariantName = "[No Variations]"
Change component parameters: Designator = "C12" ("C12"); Footprint = "[Cap] SMD 1210"; UniqueID = "\BDFNMBOU" ("\BDFNMBOU")
Change component parameters (AddParameter): Name = "Capacitance"; Value = "4.7uF"; VariantName = "[No Variations]"
Change component parameters (AddParameter): Name = "JLC Part #"; Value = ""; VariantName = "[No Variations]"
Change component parameters (AddParameter): Name = "Mouser Part #"; Value = ""; VariantName = "[No Variations]"
Change component parameters (AddParameter): Name = "Size Package"; Value = "0805"; VariantName = "[No Variations]"
Change component parameters: Designator = "C13" ("C13"); Footprint = "[Cap] SMD 1210"; UniqueID = "\LTAQQVRO" ("\LTAQQVRO")
Change component parameters (AddParameter): Name = "Capacitance"; Value = "100nF"; VariantName = "[No Variations]"
Change component parameters (AddParameter): Name = "JLC Part #"; Value = ""; VariantName = "[No Variations]"
Change component parameters (AddParameter): Name = "Mouser Part #"; Value = ""; VariantName = "[No Variations]"
Change component parameters (AddParameter): Name = "Size Package"; Value = "0805"; VariantName = "[No Variations]"
Change component parameters: Designator = "C15" ("C15"); Footprint = "[Cap] SMD 0805"; UniqueID = "\VIGFELJY" ("\VIGFELJY")
Change component parameters (AddParameter): Name = "Capacitance"; Value = "100nF"; VariantName = "[No Variations]"
Change component parameters (AddParameter): Name = "JLC Part #"; Value = ""; VariantName = "[No Variations]"
Change component parameters (AddParameter): Name = "Mouser Part #"; Value = ""; VariantName = "[No Variations]"
Change component parameters (AddParameter): Name = "Size Package"; Value = "0805"; VariantName = "[No Variations]"
Change component parameters: Designator = "C16" ("C16"); Footprint = "[Cap] SMD 0805"; UniqueID = "\IFCYIFHZ" ("\IFCYIFHZ")
Change component parameters (AddParameter): Name = "Capacitance"; Value = "100nF"; VariantName = "[No Variations]"
Change component parameters (AddParameter): Name = "JLC Part #"; Value = ""; VariantName = "[No Variations]"
Change component parameters (AddParameter): Name = "Mouser Part #"; Value = ""; VariantName = "[No Variations]"
Change component parameters (AddParameter): Name = "Size Package"; Value = "0805"; VariantName = "[No Variations]"
Change component parameters: Designator = "C17" ("C17"); Footprint = "[Cap] SMD 0805"; UniqueID = "\VSBDUIBD" ("\VSBDUIBD")
Change component parameters (AddParameter): Name = "Capacitance"; Value = "100nF"; VariantName = "[No Variations]"
Change component parameters (AddParameter): Name = "JLC Part #"; Value = ""; VariantName = "[No Variations]"
Change component parameters (AddParameter): Name = "Mouser Part #"; Value = ""; VariantName = "[No Variations]"
Change component parameters (AddParameter): Name = "Size Package"; Value = "0805"; VariantName = "[No Variations]"
Change component parameters: Designator = "C18" ("C18"); Footprint = "[Cap] SMD 0805"; UniqueID = "\ZLRGBPIT" ("\ZLRGBPIT")
Change component parameters (AddParameter): Name = "Capacitance"; Value = "100nF"; VariantName = "[No Variations]"
Change component parameters (AddParameter): Name = "JLC Part #"; Value = ""; VariantName = "[No Variations]"
Change component parameters (AddParameter): Name = "Mouser Part #"; Value = ""; VariantName = "[No Variations]"
Change component parameters (AddParameter): Name = "Size Package"; Value = "0805"; VariantName = "[No Variations]"
Change component parameters: Designator = "C19" ("C19"); Footprint = "[Cap] SMD 0805"; UniqueID = "\VEDCKOEP" ("\VEDCKOEP")
Change component parameters (AddParameter): Name = "Capacitance"; Value = "100nF"; VariantName = "[No Variations]"
Change component parameters (AddParameter): Name = "JLC Part #"; Value = ""; VariantName = "[No Variations]"
Change component parameters (AddParameter): Name = "Mouser Part #"; Value = ""; VariantName = "[No Variations]"
Change component parameters (AddParameter): Name = "Size Package"; Value = "0805"; VariantName = "[No Variations]"
Change component parameters: Designator = "C20" ("C20"); Footprint = "[Cap] SMD 0805"; UniqueID = "\IWDLOKAE" ("\IWDLOKAE")
Change component parameters (AddParameter): Name = "Capacitance"; Value = "100nF"; VariantName = "[No Variations]"
Change component parameters (AddParameter): Name = "JLC Part #"; Value = ""; VariantName = "[No Variations]"
Change component parameters (AddParameter): Name = "Mouser Part #"; Value = ""; VariantName = "[No Variations]"
Change component parameters (AddParameter): Name = "Size Package"; Value = "0805"; VariantName = "[No Variations]"
Change component parameters: Designator = "C21" ("C21"); Footprint = "[Cap] SMD 0805"; UniqueID = "\QDLLGJJS" ("\QDLLGJJS")
Change component parameters (AddParameter): Name = "Capacitance"; Value = "100nF"; VariantName = "[No Variations]"
Change component parameters (AddParameter): Name = "JLC Part #"; Value = ""; VariantName = "[No Variations]"
Change component parameters (AddParameter): Name = "Mouser Part #"; Value = ""; VariantName = "[No Variations]"
Change component parameters (AddParameter): Name = "Size Package"; Value = "0805"; VariantName = "[No Variations]"
Change component parameters: Designator = "C22" ("C22"); Footprint = "[Cap] SMD 0805"; UniqueID = "\PROHRKXT" ("\PROHRKXT")
Change component parameters (AddParameter): Name = "Capacitance"; Value = "100nF"; VariantName = "[No Variations]"
Change component parameters (AddParameter): Name = "JLC Part #"; Value = ""; VariantName = "[No Variations]"
Change component parameters (AddParameter): Name = "Mouser Part #"; Value = ""; VariantName = "[No Variations]"
Change component parameters (AddParameter): Name = "Size Package"; Value = "0805"; VariantName = "[No Variations]"
Change component parameters: Designator = "C23" ("C23"); Footprint = "[Cap] SMD 0805"; UniqueID = "\TOEDCSGT" ("\TOEDCSGT")
Change component parameters (AddParameter): Name = "Capacitance"; Value = "100nF"; VariantName = "[No Variations]"
Change component parameters (AddParameter): Name = "JLC Part #"; Value = ""; VariantName = "[No Variations]"
Change component parameters (AddParameter): Name = "Mouser Part #"; Value = ""; VariantName = "[No Variations]"
Change component parameters (AddParameter): Name = "Size Package"; Value = "0805"; VariantName = "[No Variations]"
