Removed Member From Class: ClassName=Battery Monitoring Member=C2
Removed Member From Class: ClassName=Battery Monitoring Member=C6
Removed Member From Class: ClassName=Battery Monitoring Member=C17
Removed Member From Class: ClassName=Seven-Seg Displays Member=R7
Removed Member From Class: ClassName=Battery Monitoring Member=R9
Removed Member From Class: ClassName=Battery Monitoring Member=U4
Removed Member From Class: ClassName=Seven-Seg Displays Member=U6
Change Component Designator: OldDesignator=R3 NewDesignator=R17
Change Component Designator: OldDesignator=R10 NewDesignator=R15
Change Component Designator: OldDesignator=R12 NewDesignator=R16
Added Member To Class: ClassName=Primary MCU Member=Component C1 [Cap] SMD Nonpolarized
Added Member To Class: ClassName=Primary MCU Member=Component C2 [Cap] SMD Nonpolarized
Added Member To Class: ClassName=Primary MCU Member=Component C3 [Cap] SMD Nonpolarized
Added Member To Class: ClassName=Primary MCU Member=Component C4 [Cap] SMD Nonpolarized
Added Member To Class: ClassName=Primary MCU Member=Component C6 [Cap] SMD Nonpolarized
Added Member To Class: ClassName=Primary MCU Member=Component C7 [Cap] SMD Nonpolarized
Added Member To Class: ClassName=Primary MCU Member=Component C9 [Cap] SMD Nonpolarized
Added Member To Class: ClassName=Primary MCU Member=Component C11 [Cap] SMD Nonpolarized
Added Member To Class: ClassName=Primary MCU Member=Component C13 [Cap] SMD Nonpolarized
Added Member To Class: ClassName=Battery Monitoring Member=Component C19 [Cap] SMD Nonpolarized
Added Member To Class: ClassName=Battery Monitoring Member=Component C20 [Cap] SMD Nonpolarized
Added Member To Class: ClassName=Battery Monitoring Member=Component C21 [Cap] SMD Nonpolarized
Added Member To Class: ClassName=DC Step-Down Converter Member=Component D? Rectifier
Added Member To Class: ClassName=Battery Monitoring Member=Component F? Thru-Hole
Added Member To Class: ClassName=Primary MCU Member=Component R1 [Res] SMD Resistor
Added Member To Class: ClassName=Primary MCU Member=Component R2 [Res] SMD Resistor
Added Member To Class: ClassName=Primary MCU Member=Component R4 [Res] SMD Resistor
Added Member To Class: ClassName=Battery Monitoring Member=Component R5 [Res] SMD Resistor
Added Member To Class: ClassName=Primary MCU Member=Component R6 [Res] SMD Resistor
Added Member To Class: ClassName=Primary MCU Member=Component R8 [Res] SMD Resistor
Added Member To Class: ClassName=Seven-Seg Displays Member=Component R14 [Res] SMD Resistor
Added Member To Class: ClassName=Primary MCU Member=Component R15 [Res] SMD Resistor
Added Member To Class: ClassName=Primary MCU Member=Component R16 [Res] SMD Resistor
Added Member To Class: ClassName=Primary MCU Member=Component R17 [Res] SMD Resistor
Added Member To Class: ClassName=DC Step-Down Converter Member=Component T? [Screw Terminal] 2pin
Added Member To Class: ClassName=Battery Monitoring Member=Component U3 LTC2959
Added Member To Class: ClassName=Primary MCU Member=Component U4 RT6150B-33GQW
Added Member To Class: ClassName=Seven-Seg Displays Member=Component U? 474-COM-11405
Added Member To Class: ClassName=Battery Monitoring Member=Component X? 1996236
