Removed Pin From Net: NetName=NetF2_2 Pin=X4-1
Removed Pin From Net: NetName=Load+ Pin=X5-1
Removed Pin From Net: NetName=Load+ Pin=X6-1
Removed Pin From Net: NetName=GND Pin=X8-1
Removed Pin From Net: NetName=GND Pin=X9-1
Removed Pin From Net: NetName=GND Pin=X10-1
Removed Pin From Net: NetName=GND Pin=X11-1
Removed Member From Class: ClassName=Battery Monitoring Member=X7
Removed Member From Class: ClassName=Battery Monitoring Member=X8
Removed Member From Class: ClassName=Battery Monitoring Member=X9
Removed Member From Class: ClassName=Battery Monitoring Member=X10
Removed Member From Class: ClassName=Battery Monitoring Member=X11
Change Component Footprint: Designator=X3 Old Footprint=[Port] Lug, 10awg, 60A New Footprint=[Port] Shank Connector (100A)
Change Component Footprint: Designator=X4 Old Footprint=[Port] Lug, 10awg, 60A New Footprint=[Port] Shank Connector (100A)
Change Component Footprint: Designator=X5 Old Footprint=[Port] Lug, 10awg, 60A New Footprint=[Port] Shank Connector (100A)
Change Component Footprint: Designator=X6 Old Footprint=[Port] Lug, 10awg, 60A New Footprint=[Port] Shank Connector (100A)
Change Component Comment : Designator=X3 Old Comment=B6A-PCB New Comment=7461057
Change Component Comment : Designator=X4 Old Comment=B6A-PCB New Comment=7461057
Change Component Comment : Designator=X5 Old Comment=B6A-PCB New Comment=7461057
Change Component Comment : Designator=X6 Old Comment=B6A-PCB New Comment=7461057
Added Pin To Net: NetName=Load+ Pin=X4-1
Added Pin To Net: NetName=Load+ Pin=X4-1
Added Pin To Net: NetName=Load+ Pin=X4-1
Added Pin To Net: NetName=Load+ Pin=X4-1
Added Pin To Net: NetName=Load+ Pin=X4-1
Added Pin To Net: NetName=Load+ Pin=X4-1
Added Pin To Net: NetName=GND Pin=X5-1
Added Pin To Net: NetName=GND Pin=X5-1
Added Pin To Net: NetName=GND Pin=X5-1
Added Pin To Net: NetName=GND Pin=X5-1
Added Pin To Net: NetName=GND Pin=X5-1
Added Pin To Net: NetName=GND Pin=X5-1
Added Pin To Net: NetName=GND Pin=X6-1
Added Pin To Net: NetName=GND Pin=X6-1
Added Pin To Net: NetName=GND Pin=X6-1
Added Pin To Net: NetName=GND Pin=X6-1
Added Pin To Net: NetName=GND Pin=X6-1
Added Pin To Net: NetName=GND Pin=X6-1
