Removed Member From Class: ClassName=Battery Monitoring Member=C2
Removed Member From Class: ClassName=DC Step-Down Converter Member=C2
Removed Member From Class: ClassName=Battery Monitoring Member=C6
Removed Member From Class: ClassName=Battery Monitoring Member=U4
Removed Member From Class: ClassName=DC Step-Down Converter Member=U4
Removed Member From Class: ClassName=Seven-Seg Displays Member=U4
Change Component Designator: OldDesignator=C1 NewDesignator=C27
Change Component Designator: OldDesignator=C2 NewDesignator=C25
Change Component Designator: OldDesignator=C3 NewDesignator=C26
Change Component Designator: OldDesignator=U? NewDesignator=U6
Added Member To Class: ClassName=Primary MCU Member=Component C4 [Cap] SMD Nonpolarized
Added Member To Class: ClassName=Primary MCU Member=Component C6 [Cap] SMD Nonpolarized
Added Member To Class: ClassName=Primary MCU Member=Component C7 [Cap] SMD Nonpolarized
Added Member To Class: ClassName=Primary MCU Member=Component C9 [Cap] SMD Nonpolarized
Added Member To Class: ClassName=Primary MCU Member=Component C11 [Cap] SMD Nonpolarized
Added Member To Class: ClassName=Primary MCU Member=Component C13 [Cap] SMD Nonpolarized
Added Member To Class: ClassName=Battery Monitoring Member=Component C19 [Cap] SMD Nonpolarized
Added Member To Class: ClassName=Battery Monitoring Member=Component C20 [Cap] SMD Nonpolarized
Added Member To Class: ClassName=Battery Monitoring Member=Component C21 [Cap] SMD Nonpolarized
Added Member To Class: ClassName=Primary MCU Member=Component C25 [Cap] SMD Nonpolarized
Added Member To Class: ClassName=Primary MCU Member=Component C26 [Cap] SMD Nonpolarized
Added Member To Class: ClassName=Primary MCU Member=Component C27 [Cap] SMD Nonpolarized
Added Member To Class: ClassName=DC Step-Down Converter Member=Component C? Thru-Hole Polarized
Added Member To Class: ClassName=DC Step-Down Converter Member=Component C? SMD Polarized
Added Member To Class: ClassName=DC Step-Down Converter Member=Component D? Rectifier
Added Member To Class: ClassName=Battery Monitoring Member=Component F? Thru-Hole
Added Member To Class: ClassName=DC Step-Down Converter Member=Component T? [Screw Terminal] 2pin
Added Member To Class: ClassName=Battery Monitoring Member=Component U3 LTC2959
Added Member To Class: ClassName=Primary MCU Member=Component U4 RT6150B-33GQW
Added Member To Class: ClassName=DC Step-Down Converter Member=Component U6 LM2576
Added Member To Class: ClassName=Seven-Seg Displays Member=Component U? 474-COM-11405
Added Member To Class: ClassName=Battery Monitoring Member=Component X? 1996236
