Change Component Designator: OldDesignator=C7 NewDesignator=C17
Change Component Designator: OldDesignator=C8 NewDesignator=C18
Change Component Designator: OldDesignator=C13 NewDesignator=C16
Added Member To Class: ClassName=Primary MCU Member=Component C1 [Cap] SMD Nonpolarized
Added Member To Class: ClassName=Primary MCU Member=Component C2 [Cap] SMD Nonpolarized
Added Member To Class: ClassName=Primary MCU Member=Component C3 [Cap] SMD Nonpolarized
Added Member To Class: ClassName=Primary MCU Member=Component C4 [Cap] SMD Nonpolarized
Added Member To Class: ClassName=Primary MCU Member=Component C6 [Cap] SMD Nonpolarized
Added Member To Class: ClassName=Primary MCU Member=Component C9 [Cap] SMD Nonpolarized
Added Member To Class: ClassName=Primary MCU Member=Component C10 [Cap] SMD Nonpolarized
Added Member To Class: ClassName=Primary MCU Member=Component C11 [Cap] SMD Nonpolarized
Added Member To Class: ClassName=Primary MCU Member=Component C12 [Cap] SMD Nonpolarized
Added Member To Class: ClassName=Primary MCU Member=Component C16 [Cap] SMD Nonpolarized
Added Member To Class: ClassName=Primary MCU Member=Component C17 [Cap] SMD Nonpolarized
Added Member To Class: ClassName=Primary MCU Member=Component C18 [Cap] SMD Nonpolarized
Added Member To Class: ClassName=Battery Monitoring Member=Component C? [Cap] SMD Nonpolarized
Added Member To Class: ClassName=Battery Monitoring Member=Component C? [Cap] SMD Nonpolarized
Added Member To Class: ClassName=DC Step-Down Converter Member=Component C? Thru-Hole Polarized
Added Member To Class: ClassName=DC Step-Down Converter Member=Component D? Rectifier
Added Member To Class: ClassName=Battery Monitoring Member=Component F? Thru-Hole
Added Member To Class: ClassName=DC Step-Down Converter Member=Component T? [Screw Terminal] 2pin
Added Member To Class: ClassName=Battery Monitoring Member=Component X? 1996236
