Removed Pin From Net: NetName=GND Pin=C19-1
Removed Pin From Net: NetName=GND Pin=C21-1
Removed Pin From Net: NetName=Load+ Pin=C21-2
Removed Pin From Net: NetName=+3V3 Pin=R5-1
Removed Pin From Net: NetName=Battery+ Pin=SR1-1
Removed Pin From Net: NetName=Load+ Pin=SR1-2
Removed Pin From Net: NetName=Load+ Pin=U3-1
Removed Pin From Net: NetName=Load+ Pin=U3-2
Removed Pin From Net: NetName=Battery+ Pin=U3-5
Removed Pin From Net: NetName=SCL Pin=U3-6
Removed Pin From Net: NetName=SDA Pin=U3-7
Removed Pin From Net: NetName=GND Pin=U3-10
Removed Member From Class: ClassName=Battery Monitoring Member=C20
Removed Member From Class: ClassName=Battery Monitoring Member=C21
Removed Member From Class: ClassName=Battery Monitoring Member=SR1
Removed Member From Class: ClassName=Battery Monitoring Member=U3
Change Component Footprint: Designator=R5 Old Footprint=[Res] SMD 0805 New Footprint=[Res] SMD 1210
Change Component Designator: OldDesignator=U4 NewDesignator=U3
Change Component Designator: OldDesignator=U5 NewDesignator=U4
Change Component Designator: OldDesignator=U6 NewDesignator=U8
Change component parameters: Designator = "C19" ("C19"); Footprint = "[Cap] SMD 0805"; UniqueID = "\SFLDDBZT" ("\SFLDDBZT")
Change component parameters (AddParameter): Name = "Capacitance"; Value = "100nF"; VariantName = "[No Variations]"
Change component parameters (AddParameter): Name = "JLC Part #"; Value = ""; VariantName = "[No Variations]"
Change component parameters (AddParameter): Name = "Mouser Part #"; Value = ""; VariantName = "[No Variations]"
Change component parameters (AddParameter): Name = "Size Package"; Value = "0805"; VariantName = "[No Variations]"
Change component parameters: Designator = "R5" ("R5"); Footprint = "[Res] SMD 0805"; UniqueID = "\RSIGYCZP" ("\RSIGYCZP")
Change component parameters (AddParameter): Name = "JLC Part #"; Value = ""; VariantName = "[No Variations]"
Change component parameters (AddParameter): Name = "Mouser Part #"; Value = ""; VariantName = "[No Variations]"
Change component parameters (AddParameter): Name = "Resistance"; Value = "2k"; VariantName = "[No Variations]"
Change component parameters (AddParameter): Name = "Size Package"; Value = "1210"; VariantName = "[No Variations]"
Added Component: Designator=R21([Res] SMD 1210)
Add component (AddParameter): Name = "JLC Part #"; Value = ""; VariantName = "[No Variations]"
Add component (AddParameter): Name = "Mouser Part #"; Value = ""; VariantName = "[No Variations]"
Add component (AddParameter): Name = "Resistance"; Value = "100k"; VariantName = "[No Variations]"
Add component (AddParameter): Name = "Size Package"; Value = "0805"; VariantName = "[No Variations]"
Added Component: Designator=R22([Res] SMD 1210)
Add component (AddParameter): Name = "JLC Part #"; Value = ""; VariantName = "[No Variations]"
Add component (AddParameter): Name = "Mouser Part #"; Value = ""; VariantName = "[No Variations]"
Add component (AddParameter): Name = "Resistance"; Value = "100k"; VariantName = "[No Variations]"
Add component (AddParameter): Name = "Size Package"; Value = "0805"; VariantName = "[No Variations]"
Added Component: Designator=U5([IC] Battery Voltage Monitor (36V))
Added Component: Designator=U6([IC] Hall Effect Current Sensor)
Added Pin To Net: NetName=+3V3 Pin=C19-1
Added Pin To Net: NetName=GND Pin=C19-2
Added Pin To Net: NetName=+3V3 Pin=R5-2
Added Pin To Net: NetName=+5V Pin=R21-2
Added Pin To Net: NetName=GND Pin=R22-1
Added Pin To Net: NetName=GND Pin=U5-1
Added Pin To Net: NetName=GND Pin=U5-2
Added Pin To Net: NetName=SDA Pin=U5-4
Added Pin To Net: NetName=SCL Pin=U5-5
Added Pin To Net: NetName=+3V3 Pin=U5-6
Added Pin To Net: NetName=GND Pin=U5-7
Added Pin To Net: NetName=Battery+ Pin=U5-8
Added Pin To Net: NetName=Battery+ Pin=U5-9
Added Pin To Net: NetName=Battery+ Pin=U5-10
Added Pin To Net: NetName=Battery+ Pin=U6-1
Added Pin To Net: NetName=Battery+ Pin=U6-2
Added Pin To Net: NetName=Load+ Pin=U6-3
Added Pin To Net: NetName=Load+ Pin=U6-4
Added Pin To Net: NetName=GND Pin=U6-5
Added Pin To Net: NetName=+5V Pin=U6-8
Added Pin To Net: NetName=Current Sense Pin=U1-41
Added Pin To Net: NetName=Current Sense Pin=U6-7
Added Net: Name=Current Sense
Added Pin To Net: NetName=NetR21_1 Pin=R21-1
Added Pin To Net: NetName=NetR21_1 Pin=R22-2
Added Pin To Net: NetName=NetR21_1 Pin=U6-6
Added Net: Name=NetR21_1
Added Pin To Net: NetName=Voltage_Alert Pin=R5-1
Added Pin To Net: NetName=Voltage_Alert Pin=U1-13
Added Pin To Net: NetName=Voltage_Alert Pin=U5-3
Added Net: Name=Voltage_Alert
Added Member To Class: ClassName=Battery Monitoring Member=Component R21 [Res] SMD Resistor
Added Member To Class: ClassName=Battery Monitoring Member=Component R22 [Res] SMD Resistor
Added Member To Class: ClassName=Battery Monitoring Member=Component U5 INA226
Added Member To Class: ClassName=Battery Monitoring Member=Component U6 TMCS1100A3QDR
Added Rule: Name=Schematic Supply Nets_19
Added Rule: Name=Schematic Supply Nets_20
Added Rule: Name=Schematic Supply Nets_21
Added Rule: Name=Schematic Supply Nets_22
Added Rule: Name=Schematic Supply Nets_23
Added Rule: Name=Schematic Supply Nets_24
