Removed Member From Class: ClassName=Primary MCU Member=U4
Change Component Designator: OldDesignator=U2 NewDesignator=U5
Change Component Designator: OldDesignator=U3 NewDesignator=U4
Change Component Designator: OldDesignator=U4 NewDesignator=U2
Added Member To Class: ClassName=Primary MCU Member=Component C1 [Cap] SMD Nonpolarized
Added Member To Class: ClassName=Primary MCU Member=Component C2 [Cap] SMD Nonpolarized
Added Member To Class: ClassName=Primary MCU Member=Component C3 [Cap] SMD Nonpolarized
Added Member To Class: ClassName=Primary MCU Member=Component C4 [Cap] SMD Nonpolarized
Added Member To Class: ClassName=Primary MCU Member=Component C6 [Cap] SMD Nonpolarized
Added Member To Class: ClassName=Primary MCU Member=Component C7 [Cap] SMD Nonpolarized
Added Member To Class: ClassName=Primary MCU Member=Component C9 [Cap] SMD Nonpolarized
Added Member To Class: ClassName=Primary MCU Member=Component C11 [Cap] SMD Nonpolarized
Added Member To Class: ClassName=Primary MCU Member=Component C13 [Cap] SMD Nonpolarized
Added Member To Class: ClassName=Battery Monitoring Member=Component C? [Cap] SMD Nonpolarized
Added Member To Class: ClassName=Battery Monitoring Member=Component C? [Cap] SMD Nonpolarized
Added Member To Class: ClassName=DC Step-Down Converter Member=Component C? Thru-Hole Polarized
Added Member To Class: ClassName=DC Step-Down Converter Member=Component D? Rectifier
Added Member To Class: ClassName=Battery Monitoring Member=Component F? Thru-Hole
Added Member To Class: ClassName=DC Step-Down Converter Member=Component T? [Screw Terminal] 2pin
Added Member To Class: ClassName=Primary MCU Member=Component U5 LMV358IDGKR
Added Member To Class: ClassName=Battery Monitoring Member=Component X? 1996236
