Removed Member From Class: ClassName=Battery Monitoring Member=C2
Removed Member From Class: ClassName=Battery Monitoring Member=C6
Removed Member From Class: ClassName=Battery Monitoring Member=C17
Removed Member From Class: ClassName=Primary MCU Member=R11
Removed Member From Class: ClassName=Primary MCU Member=R14
Removed Member From Class: ClassName=Primary MCU Member=R15
Removed Member From Class: ClassName=Battery Monitoring Member=R?
Removed Member From Class: ClassName=Battery Monitoring Member=U4
Removed Member From Class: ClassName=Seven-Seg Displays Member=U6
Change Component Designator: OldDesignator=R11 NewDesignator=R1
Change Component Designator: OldDesignator=R13 NewDesignator=R3
Change Component Designator: OldDesignator=R14 NewDesignator=R2
Change Component Designator: OldDesignator=R15 NewDesignator=R4
Change Component Designator: OldDesignator=R? NewDesignator=R5
Change Component Designator: OldDesignator=SR? NewDesignator=SR1
Added Member To Class: ClassName=Primary MCU Member=Component C1 [Cap] SMD Nonpolarized
Added Member To Class: ClassName=Primary MCU Member=Component C2 [Cap] SMD Nonpolarized
Added Member To Class: ClassName=Primary MCU Member=Component C3 [Cap] SMD Nonpolarized
Added Member To Class: ClassName=Primary MCU Member=Component C4 [Cap] SMD Nonpolarized
Added Member To Class: ClassName=Primary MCU Member=Component C6 [Cap] SMD Nonpolarized
Added Member To Class: ClassName=Primary MCU Member=Component C7 [Cap] SMD Nonpolarized
Added Member To Class: ClassName=Primary MCU Member=Component C9 [Cap] SMD Nonpolarized
Added Member To Class: ClassName=Primary MCU Member=Component C11 [Cap] SMD Nonpolarized
Added Member To Class: ClassName=Primary MCU Member=Component C13 [Cap] SMD Nonpolarized
Added Member To Class: ClassName=Battery Monitoring Member=Component C19 [Cap] SMD Nonpolarized
Added Member To Class: ClassName=Battery Monitoring Member=Component C20 [Cap] SMD Nonpolarized
Added Member To Class: ClassName=Battery Monitoring Member=Component C21 [Cap] SMD Nonpolarized
Added Member To Class: ClassName=DC Step-Down Converter Member=Component D? Rectifier
Added Member To Class: ClassName=Battery Monitoring Member=Component F? Thru-Hole
Added Member To Class: ClassName=Primary MCU Member=Component R1 [Res] SMD Resistor
Added Member To Class: ClassName=Primary MCU Member=Component R2 [Res] SMD Resistor
Added Member To Class: ClassName=Primary MCU Member=Component R4 [Res] SMD Resistor
Added Member To Class: ClassName=Battery Monitoring Member=Component R5 [Res] SMD Resistor
Added Member To Class: ClassName=DC Step-Down Converter Member=Component T? [Screw Terminal] 2pin
Added Member To Class: ClassName=Battery Monitoring Member=Component U3 LTC2959
Added Member To Class: ClassName=Primary MCU Member=Component U4 RT6150B-33GQW
Added Member To Class: ClassName=Seven-Seg Displays Member=Component U? 474-COM-11405
Added Member To Class: ClassName=Battery Monitoring Member=Component X? 1996236
