Removed Pin From Net: NetName=NetD2_1 Pin=R3-1
Removed Pin From Net: NetName=LM2576_FEEDBACK Pin=R3-2
Removed Member From Class: ClassName=DC Step-Down Converter Member=C20
Removed Member From Class: ClassName=DC Step-Down Converter Member=C21
Removed Member From Class: ClassName=Battery Monitoring Member=C22
Removed Member From Class: ClassName=Battery Monitoring Member=C23
Removed Member From Class: ClassName=Primary MCU Member=C25
Removed Member From Class: ClassName=Primary MCU Member=C26
Removed Member From Class: ClassName=Primary MCU Member=C27
Removed Member From Class: ClassName=Primary MCU Member=C28
Removed Member From Class: ClassName=DC Step-Down Converter Member=L3
Removed Member From Class: ClassName=Primary MCU Member=R17
Removed Member From Class: ClassName=DC Step-Down Converter Member=U6
Removed Member From Class: ClassName=Seven-Seg Displays Member=U7
Removed Member From Class: ClassName=Battery Monitoring Member=X2
Change Component Footprint: Designator=D2 Old Footprint=[LED] Thru-Hole, 3mm, Green New Footprint=[LED] Thru-Hole, 3mm, Blue
Change component parameters: Designator = "D2" ("D2"); Footprint = "[LED] Thru-Hole, 3mm, Green"; UniqueID = "\MFUUAVWA" ("\MFUUAVWA")
Change component parameters (AddParameter): Name = "Color"; Value = "White"; VariantName = "[No Variations]"
Added Component: Designator=D5([LED] Thru-Hole, 3mm, Blue)
Add component (AddParameter): Name = "Color"; Value = "Green"; VariantName = "[No Variations]"
Added Component: Designator=D6([LED] Thru-Hole, 3mm, Blue)
Add component (AddParameter): Name = "Color"; Value = "Yellow"; VariantName = "[No Variations]"
Added Component: Designator=D7([LED] Thru-Hole, 3mm, Blue)
Add component (AddParameter): Name = "Color"; Value = "Red"; VariantName = "[No Variations]"
Added Component: Designator=R18([Res] SMD 1210)
Add component (AddParameter): Name = "JLC Part #"; Value = ""; VariantName = "[No Variations]"
Add component (AddParameter): Name = "Mouser Part #"; Value = ""; VariantName = "[No Variations]"
Add component (AddParameter): Name = "Resistance"; Value = "220"; VariantName = "[No Variations]"
Add component (AddParameter): Name = "Size Package"; Value = "1210"; VariantName = "[No Variations]"
Added Component: Designator=R19([Res] SMD 1210)
Add component (AddParameter): Name = "JLC Part #"; Value = ""; VariantName = "[No Variations]"
Add component (AddParameter): Name = "Mouser Part #"; Value = ""; VariantName = "[No Variations]"
Add component (AddParameter): Name = "Resistance"; Value = "220"; VariantName = "[No Variations]"
Add component (AddParameter): Name = "Size Package"; Value = "1210"; VariantName = "[No Variations]"
Added Component: Designator=R20([Res] SMD 1210)
Add component (AddParameter): Name = "JLC Part #"; Value = ""; VariantName = "[No Variations]"
Add component (AddParameter): Name = "Mouser Part #"; Value = ""; VariantName = "[No Variations]"
Add component (AddParameter): Name = "Resistance"; Value = "220"; VariantName = "[No Variations]"
Add component (AddParameter): Name = "Size Package"; Value = "1210"; VariantName = "[No Variations]"
Added Pin To Net: NetName=LX1 Pin=D5-2
Added Pin To Net: NetName=LX1 Pin=D6-2
Added Pin To Net: NetName=LX1 Pin=D7-2
Added Pin To Net: NetName=+3V3 Pin=R3-1
Added Pin To Net: NetName=NetD2_1 Pin=R3-2
Added Pin To Net: NetName=Green LED Pin=R18-1
Added Pin To Net: NetName=Green LED Pin=U1-31
Added Net: Name=Green LED
Added Pin To Net: NetName=NetD5_1 Pin=D5-1
Added Pin To Net: NetName=NetD5_1 Pin=R18-2
Added Net: Name=NetD5_1
Added Pin To Net: NetName=NetD6_1 Pin=D6-1
Added Pin To Net: NetName=NetD6_1 Pin=R19-2
Added Net: Name=NetD6_1
Added Pin To Net: NetName=NetD7_1 Pin=D7-1
Added Pin To Net: NetName=NetD7_1 Pin=R20-2
Added Net: Name=NetD7_1
Added Pin To Net: NetName=Red LED Pin=R20-1
Added Pin To Net: NetName=Red LED Pin=U1-33
Added Net: Name=Red LED
Added Pin To Net: NetName=Yellow LED Pin=R19-1
Added Pin To Net: NetName=Yellow LED Pin=U1-32
Added Net: Name=Yellow LED
Added Member To Class: ClassName=Primary MCU Member=Component D5 LED
Added Member To Class: ClassName=Primary MCU Member=Component D6 LED
Added Member To Class: ClassName=Primary MCU Member=Component D7 LED
Added Member To Class: ClassName=Primary MCU Member=Component R18 [Res] SMD Resistor
Added Member To Class: ClassName=Primary MCU Member=Component R19 [Res] SMD Resistor
Added Member To Class: ClassName=Primary MCU Member=Component R20 [Res] SMD Resistor
