Change Component Footprint: Designator=C1 Old Footprint=[Cap] SMD 1210 New Footprint=[Cap] SMD 0805
Change Component Footprint: Designator=C10 Old Footprint=[Cap] SMD 1210 New Footprint=[Cap] SMD 0805
Change Component Footprint: Designator=R1 Old Footprint=[Res] SMD 1210 New Footprint=[Res] SMD 0805
Change Component Footprint: Designator=R2 Old Footprint=[Res] SMD 1210 New Footprint=[Res] SMD 0805
Change Component Footprint: Designator=R3 Old Footprint=[Res] SMD 1210 New Footprint=[Res] SMD 0805
Change Component Footprint: Designator=R10 Old Footprint=[Res] SMD 1210 New Footprint=[Res] SMD 0805
Change Component Footprint: Designator=R12 Old Footprint=[Res] SMD 1210 New Footprint=[Res] SMD 0805
Change Component Footprint: Designator=R18 Old Footprint=[Res] SMD 1210 New Footprint=[Res] SMD 0805
Change Component Footprint: Designator=R19 Old Footprint=[Res] SMD 1210 New Footprint=[Res] SMD 0805
Change Component Footprint: Designator=R20 Old Footprint=[Res] SMD 1210 New Footprint=[Res] SMD 0805
Change component parameters: Designator = "C1" ("C1"); Footprint = "[Cap] SMD 1210"; UniqueID = "\ALPBOBVZ" ("\ALPBOBVZ")
Change component parameters (AddParameter): Name = "Capacitance"; Value = "100nF"; VariantName = "[No Variations]"
Change component parameters (AddParameter): Name = "JLC Part #"; Value = ""; VariantName = "[No Variations]"
Change component parameters (AddParameter): Name = "Mouser Part #"; Value = ""; VariantName = "[No Variations]"
Change component parameters (AddParameter): Name = "Size Package"; Value = "0805"; VariantName = "[No Variations]"
Change component parameters: Designator = "C10" ("C10"); Footprint = "[Cap] SMD 1210"; UniqueID = "\EFTWKNAM" ("\EFTWKNAM")
Change component parameters (AddParameter): Name = "Capacitance"; Value = "4.7uF"; VariantName = "[No Variations]"
Change component parameters (AddParameter): Name = "JLC Part #"; Value = ""; VariantName = "[No Variations]"
Change component parameters (AddParameter): Name = "Mouser Part #"; Value = ""; VariantName = "[No Variations]"
Change component parameters (AddParameter): Name = "Size Package"; Value = "0805"; VariantName = "[No Variations]"
Change component parameters: Designator = "R1" ("R1"); Footprint = "[Res] SMD 1210"; UniqueID = "\FLGRIJCO" ("\FLGRIJCO")
Change component parameters (AddParameter): Name = "JLC Part #"; Value = ""; VariantName = "[No Variations]"
Change component parameters (AddParameter): Name = "Mouser Part #"; Value = ""; VariantName = "[No Variations]"
Change component parameters (AddParameter): Name = "Resistance"; Value = "2k"; VariantName = "[No Variations]"
Change component parameters (AddParameter): Name = "Size Package"; Value = "0805"; VariantName = "[No Variations]"
Change component parameters: Designator = "R2" ("R2"); Footprint = "[Res] SMD 1210"; UniqueID = "\LQEYDVSS" ("\LQEYDVSS")
Change component parameters (AddParameter): Name = "JLC Part #"; Value = ""; VariantName = "[No Variations]"
Change component parameters (AddParameter): Name = "Mouser Part #"; Value = ""; VariantName = "[No Variations]"
Change component parameters (AddParameter): Name = "Resistance"; Value = "2k"; VariantName = "[No Variations]"
Change component parameters (AddParameter): Name = "Size Package"; Value = "0805"; VariantName = "[No Variations]"
Change component parameters: Designator = "R3" ("R3"); Footprint = "[Res] SMD 1210"; UniqueID = "\WYZUHKQL" ("\WYZUHKQL")
Change component parameters (AddParameter): Name = "JLC Part #"; Value = ""; VariantName = "[No Variations]"
Change component parameters (AddParameter): Name = "Mouser Part #"; Value = ""; VariantName = "[No Variations]"
Change component parameters (AddParameter): Name = "Resistance"; Value = "220"; VariantName = "[No Variations]"
Change component parameters (AddParameter): Name = "Size Package"; Value = "0805"; VariantName = "[No Variations]"
Change component parameters: Designator = "R10" ("R10"); Footprint = "[Res] SMD 1210"; UniqueID = "\KVMYNNGM" ("\KVMYNNGM")
Change component parameters (AddParameter): Name = "JLC Part #"; Value = ""; VariantName = "[No Variations]"
Change component parameters (AddParameter): Name = "Mouser Part #"; Value = ""; VariantName = "[No Variations]"
Change component parameters (AddParameter): Name = "Resistance"; Value = "1k"; VariantName = "[No Variations]"
Change component parameters (AddParameter): Name = "Size Package"; Value = "0805"; VariantName = "[No Variations]"
Change component parameters: Designator = "R12" ("R12"); Footprint = "[Res] SMD 1210"; UniqueID = "\SVHTWYTX" ("\SVHTWYTX")
Change component parameters (AddParameter): Name = "JLC Part #"; Value = ""; VariantName = "[No Variations]"
Change component parameters (AddParameter): Name = "Mouser Part #"; Value = ""; VariantName = "[No Variations]"
Change component parameters (AddParameter): Name = "Resistance"; Value = "1k"; VariantName = "[No Variations]"
Change component parameters (AddParameter): Name = "Size Package"; Value = "0805"; VariantName = "[No Variations]"
Change component parameters: Designator = "R18" ("R18"); Footprint = "[Res] SMD 1210"; UniqueID = "\RXLJZRME" ("\RXLJZRME")
Change component parameters (AddParameter): Name = "JLC Part #"; Value = ""; VariantName = "[No Variations]"
Change component parameters (AddParameter): Name = "Mouser Part #"; Value = ""; VariantName = "[No Variations]"
Change component parameters (AddParameter): Name = "Resistance"; Value = "220"; VariantName = "[No Variations]"
Change component parameters (AddParameter): Name = "Size Package"; Value = "0805"; VariantName = "[No Variations]"
Change component parameters: Designator = "R19" ("R19"); Footprint = "[Res] SMD 1210"; UniqueID = "\BJYJXUIN" ("\BJYJXUIN")
Change component parameters (AddParameter): Name = "JLC Part #"; Value = ""; VariantName = "[No Variations]"
Change component parameters (AddParameter): Name = "Mouser Part #"; Value = ""; VariantName = "[No Variations]"
Change component parameters (AddParameter): Name = "Resistance"; Value = "220"; VariantName = "[No Variations]"
Change component parameters (AddParameter): Name = "Size Package"; Value = "0805"; VariantName = "[No Variations]"
Change component parameters: Designator = "R20" ("R20"); Footprint = "[Res] SMD 1210"; UniqueID = "\BRQOCRKO" ("\BRQOCRKO")
Change component parameters (AddParameter): Name = "JLC Part #"; Value = ""; VariantName = "[No Variations]"
Change component parameters (AddParameter): Name = "Mouser Part #"; Value = ""; VariantName = "[No Variations]"
Change component parameters (AddParameter): Name = "Resistance"; Value = "220"; VariantName = "[No Variations]"
Change component parameters (AddParameter): Name = "Size Package"; Value = "0805"; VariantName = "[No Variations]"
