Removed Pin From Net: NetName=+3V3 Pin=R14-1
Removed Pin From Net: NetName=MOSI1 Pin=U7-1
Removed Pin From Net: NetName=D_LOAD (C\S\\) Pin=U7-12
Removed Pin From Net: NetName=SCK1 Pin=U7-13
Removed Pin From Net: NetName=+3V3 Pin=U7-19
Added Component: Designator=C27([Cap] SMD 0805)
Add component (AddParameter): Name = "Capacitance"; Value = "100nF"; VariantName = "[No Variations]"
Add component (AddParameter): Name = "JLC Part #"; Value = ""; VariantName = "[No Variations]"
Add component (AddParameter): Name = "Mouser Part #"; Value = ""; VariantName = "[No Variations]"
Add component (AddParameter): Name = "Size Package"; Value = "0805"; VariantName = "[No Variations]"
Added Component: Designator=C28([Cap] SMD 0805)
Add component (AddParameter): Name = "Capacitance"; Value = "1uF"; VariantName = "[No Variations]"
Add component (AddParameter): Name = "JLC Part #"; Value = ""; VariantName = "[No Variations]"
Add component (AddParameter): Name = "Mouser Part #"; Value = ""; VariantName = "[No Variations]"
Add component (AddParameter): Name = "Size Package"; Value = "0805"; VariantName = "[No Variations]"
Added Component: Designator=R8([Res] SMD 0805)
Add component (AddParameter): Name = "JLC Part #"; Value = ""; VariantName = "[No Variations]"
Add component (AddParameter): Name = "Mouser Part #"; Value = ""; VariantName = "[No Variations]"
Add component (AddParameter): Name = "Resistance"; Value = "100k"; VariantName = "[No Variations]"
Add component (AddParameter): Name = "Size Package"; Value = "0805"; VariantName = "[No Variations]"
Added Component: Designator=U9([IC] Level Shifter)
Added Pin To Net: NetName=+3V3 Pin=C27-1
Added Pin To Net: NetName=GND Pin=C27-2
Added Pin To Net: NetName=+5V Pin=C28-1
Added Pin To Net: NetName=GND Pin=C28-2
Added Pin To Net: NetName=+3V3 Pin=R8-1
Added Pin To Net: NetName=+5V Pin=R14-1
Added Pin To Net: NetName=+5V Pin=U7-19
Added Pin To Net: NetName=D_LOAD (C\S\\) Pin=U9-1
Added Pin To Net: NetName=MOSI1 Pin=U9-2
Added Pin To Net: NetName=SCK1 Pin=U9-3
Added Pin To Net: NetName=+3V3 Pin=U9-5
Added Pin To Net: NetName=GND Pin=U9-15
Added Pin To Net: NetName=+5V Pin=U9-16
Added Pin To Net: NetName=D_LOAD (C\S\\) 5V Pin=U7-12
Added Pin To Net: NetName=D_LOAD (C\S\\) 5V Pin=U9-20
Added Net: Name=D_LOAD (C\S\\) 5V
Added Pin To Net: NetName=MOSI1 5V Pin=U7-1
Added Pin To Net: NetName=MOSI1 5V Pin=U9-19
Added Net: Name=MOSI1 5V
Added Pin To Net: NetName=NetR8_2 Pin=R8-2
Added Pin To Net: NetName=NetR8_2 Pin=U9-6
Added Net: Name=NetR8_2
Added Pin To Net: NetName=SCK1 5V Pin=U7-13
Added Pin To Net: NetName=SCK1 5V Pin=U9-18
Added Net: Name=SCK1 5V
Added Member To Class: ClassName=Seven-Seg Displays Member=Component C27 [Cap] SMD Nonpolarized
Added Member To Class: ClassName=Seven-Seg Displays Member=Component C28 [Cap] SMD Nonpolarized
Added Member To Class: ClassName=Seven-Seg Displays Member=Component R8 [Res] SMD Resistor
Added Member To Class: ClassName=Seven-Seg Displays Member=Component U9 TXB0108DQSR
Added Rule: Name=Schematic Supply Nets_12
Added Rule: Name=Schematic Supply Nets_26
Added Rule: Name=Schematic Supply Nets_27
Added Rule: Name=Schematic Supply Nets_28
Added Rule: Name=Schematic Supply Nets_29
Added Rule: Name=Schematic Supply Nets_30
