Add Component: Footprint Not Found SMD Capacitor [1210]
Add Component: Footprint Not Found SMD Capacitor [1210]
Add Component: Footprint Not Found SMD Capacitor [1210]
Add Component: Footprint Not Found SMD Capacitor [1210]
Add Component: Footprint Not Found SMD Capacitor [1210]
Add Component: Footprint Not Found SMD Capacitor [1210]
Add Component: Footprint Not Found SMD Capacitor [1210]
Add Component: Footprint Not Found SMD Capacitor [1210]
Add Component: Footprint Not Found SMD Capacitor [1210]
Add Component: Footprint Not Found SMD Capacitor [1210]
Add Component: Footprint Not Found SMD Capacitor [1210]
Add Component: Footprint Not Found SMD Capacitor [1210]
Add Component: Footprint Not Found SMD Capacitor [1210]
Add Component: Footprint Not Found SMD Capacitor [1210]
Add Component: Footprint Not Found SMD Capacitor [1210]
Add Component: Footprint Not Found SMD Capacitor [1210]
Add Component: Footprint Not Found SMD Capacitor [1210]
Add Component: Footprint Not Found SMD Capacitor [1210]
Add Component: Footprint Not Found SMD Capacitor [1210]
Add Component: Footprint Not Found Thru-Hole Polarized Cap [3.5mm]
Add Component: Footprint Not Found SMD Cap - Polarized, 4mm
Add Component: Footprint Not Found SMD Capacitor [1210]
Add Component: Footprint Not Found SMD Capacitor [1210]
Add Component: Footprint Not Found SMD Capacitor [1210]
Add Component: Footprint Not Found SMD Capacitor [1210]
Add Component: Footprint Not Found SMD Capacitor [1210]
Add Component: Footprint Not Found SMD Capacitor [1210]
Add Component: Footprint Not Found SMD Capacitor [1210]
Added Component: Designator=D1([Diode] SMD SOD-123W)
Add component (AddParameter): Name = "Size Package"; Value = "SOD-123W"; VariantName = "[No Variations]"
Add Component: Footprint Not Found SMD M7 Rectifier
Add Component: Footprint Not Found Small Green LED
Add Component: Footprint Not Found 1N5822 Schottky Diode
Add Component: Footprint Not Found SMD 500mA Resetable Fuse
Add Component: Footprint Not Found Blade Fuse [2]
Add Component: Footprint Not Found Blade Fuse [2]
Added Component: Designator=J1([Jumper] Solderable Jumper)
Add component (AddParameter): Name = "NO/NC"; Value = "NO"; VariantName = "[No Variations]"
Added Component: Designator=J2([Jumper] Solderable Jumper)
Add component (AddParameter): Name = "NO/NC"; Value = "NO"; VariantName = "[No Variations]"
Added Component: Designator=J3([Jumper] Solderable Jumper)
Add component (AddParameter): Name = "NO/NC"; Value = "NC"; VariantName = "[No Variations]"
Add Component: Footprint Not Found Solderable Jumper
Add Component: Footprint Not Found SMD Inductor [0603]
Add Component: Footprint Not Found SMD Ferrite Bead [0805]
Add Component: Footprint Not Found SMD Inductor [1812]
Added Component: Designator=L4([Inductor] SMD 0603)
Add component (AddParameter): Name = "Inductance"; Value = "3.3uH"; VariantName = "[No Variations]"
Add component (AddParameter): Name = "JLC Part #"; Value = ""; VariantName = "[No Variations]"
Add component (AddParameter): Name = "Mouser Part #"; Value = ""; VariantName = "[No Variations]"
Add component (AddParameter): Name = "Size Package"; Value = "0603"; VariantName = "[No Variations]"
Added Component: Designator=O1([XTAL] SMD 12MHz)
Add Component: Footprint Not Found Screw Terminal [4pin]
Add Component: Footprint Not Found Screw Terminal [2pin]
Add Component: Footprint Not Found SMD Mosfet (Part #: PMV48XP)
Add Component: Footprint Not Found SMD Resistor [1210]
Add Component: Footprint Not Found SMD Resistor [1210]
Add Component: Footprint Not Found SMD Resistor [1210]
Add Component: Footprint Not Found SMD Resistor [1210]
Add Component: Footprint Not Found SMD Resistor [1210]
Add Component: Footprint Not Found SMD Resistor [1210]
Add Component: Footprint Not Found SMD Resistor [1210]
Add Component: Footprint Not Found SMD Resistor [1210]
Add Component: Footprint Not Found SMD Resistor [1210]
Add Component: Footprint Not Found SMD Resistor [1210]
Add Component: Footprint Not Found SMD Resistor [1210]
Add Component: Footprint Not Found SMD Resistor [1210]
Add Component: Footprint Not Found SMD Resistor [1210]
Add Component: Footprint Not Found SMD Resistor [1210]
Add Component: Footprint Not Found SMD Resistor [1210]
Add Component: Footprint Not Found SMD Resistor [1210]
Add Component: Footprint Not Found SMD Resistor [1210]
Added Component: Designator=S1([Switch] Pushbutton)
Added Component: Designator=S2([Switch] Pushbutton)
Add Component: Footprint Not Found 7seg Display [4 Digit]
Add Component: Footprint Not Found SMD Resistor [3921]
Added Component: Designator=U1([MCU] RP2350A)
Add Component: Footprint Not Found [IC] 3V3 Regulator RT6150B-33GQW
Add Component: Footprint Not Found SMD Dual Op-Ap (LMV358IDGKR)
Added Component: Designator=U4([IC] 16Mb Flash Memory)
Add Component: Footprint Not Found Battery Monitor IC
Add Component: Footprint Not Found LM2576 Step Down Converter
Add Component: Footprint Not Found DIP IC [24pin, IC]
Add Component: Footprint Not Found USB Type-B Female (Thru-Hole)
Add Component: Footprint Not Found Screw Terminal [1996236]
Add Component: Footprint Not Found Screw Terminal [1996236]
Added Component: Designator=X4([JST] 3PIN)
Add Component: Footprint Not Found SMD Varistor [0603]
Add Component: Footprint Not Found SMD Varistor [0603]
Added Pin To Net: NetName=+1V1 Pin=L4-1
Added Pin To Net: NetName=+1V1 Pin=U1-6
Added Pin To Net: NetName=+1V1 Pin=U1-23
Added Pin To Net: NetName=+1V1 Pin=U1-39
Added Pin To Net: NetName=+1V1 Pin=U1-50
Added Net: Name=+1V1
Added Pin To Net: NetName=+3V3 Pin=J1-1
Added Pin To Net: NetName=+3V3 Pin=U1-1
Added Pin To Net: NetName=+3V3 Pin=U1-11
Added Pin To Net: NetName=+3V3 Pin=U1-20
Added Pin To Net: NetName=+3V3 Pin=U1-30
Added Pin To Net: NetName=+3V3 Pin=U1-38
Added Pin To Net: NetName=+3V3 Pin=U1-44
Added Pin To Net: NetName=+3V3 Pin=U1-45
Added Pin To Net: NetName=+3V3 Pin=U1-49
Added Pin To Net: NetName=+3V3 Pin=U1-53
Added Pin To Net: NetName=+3V3 Pin=U1-54
Added Pin To Net: NetName=+3V3 Pin=U4-8
Added Net: Name=+3V3
Added Net: Name=3V3 En
Added Pin To Net: NetName=2959_GPIO Pin=U1-13
Added Net: Name=2959_GPIO
Added Net: Name=Battery+
Added Net: Name=CF+
Added Net: Name=CF-
Added Net: Name=D_DIG_0
Added Net: Name=D_DIG_1
Added Net: Name=D_DIG_2
Added Net: Name=D_DIG_3
Added Net: Name=D_ISET
Added Pin To Net: NetName=D_LOAD (C\S\\) Pin=U1-8
Added Net: Name=D_LOAD (C\S\\)
Added Net: Name=D_N
Added Net: Name=D_P
Added Net: Name=D_Seg_A
Added Net: Name=D_Seg_B
Added Net: Name=D_Seg_C
Added Net: Name=D_Seg_DP
Added Net: Name=D_Seg_D
Added Net: Name=D_Seg_E
Added Net: Name=D_Seg_F
Added Net: Name=D_Seg_G
Added Pin To Net: NetName=DX_N Pin=U1-51
Added Net: Name=DX_N
Added Pin To Net: NetName=DX_P Pin=U1-52
Added Net: Name=DX_P
Added Pin To Net: NetName=Flash SS Pin=J1-2
Added Pin To Net: NetName=Flash SS Pin=J2-2
Added Pin To Net: NetName=Flash SS Pin=J3-2
Added Pin To Net: NetName=Flash SS Pin=U4-1
Added Net: Name=Flash SS
Added Pin To Net: NetName=GPIO0 Pin=J2-1
Added Pin To Net: NetName=GPIO0 Pin=U1-2
Added Net: Name=GPIO0
Added Pin To Net: NetName=GPIO23 Pin=U1-35
Added Net: Name=GPIO23
Added Net: Name=GPIO24
Added Pin To Net: NetName=LM2576_FEEDBACK Pin=D1-2
Added Net: Name=LM2576_FEEDBACK
Added Net: Name=LM2576_OUTPUT
Added Net: Name=LM2576_VIN
Added Net: Name=Load+
Added Pin To Net: NetName=LX1 Pin=O1-2
Added Pin To Net: NetName=LX1 Pin=O1-4
Added Pin To Net: NetName=LX1 Pin=S1-3
Added Pin To Net: NetName=LX1 Pin=S1-4
Added Pin To Net: NetName=LX1 Pin=U1-47
Added Pin To Net: NetName=LX1 Pin=U1-61
Added Pin To Net: NetName=LX1 Pin=U4-4
Added Pin To Net: NetName=LX1 Pin=X4-3
Added Net: Name=LX1
Added Net: Name=LX2
Added Pin To Net: NetName=MOSI1 Pin=U1-5
Added Net: Name=MOSI1
Added Pin To Net: NetName=NetC1_2 Pin=D1-1
Added Net: Name=NetC1_2
Added Pin To Net: NetName=NetC5_1 Pin=O1-3
Added Net: Name=NetC5_1
Added Net: Name=NetD6_1
Added Net: Name=NetF1_1
Added Net: Name=NetF2_2
Added Net: Name=NetL2_1
Added Pin To Net: NetName=NetR11_2 Pin=S2-3
Added Pin To Net: NetName=NetR11_2 Pin=S2-4
Added Net: Name=NetR11_2
Added Net: Name=Op B (+) Input
Added Net: Name=Op B Output
Added Pin To Net: NetName=QSPI_SCLK Pin=U1-56
Added Pin To Net: NetName=QSPI_SCLK Pin=U4-6
Added Net: Name=QSPI_SCLK
Added Pin To Net: NetName=QSPI_SD0 Pin=U1-57
Added Pin To Net: NetName=QSPI_SD0 Pin=U4-5
Added Net: Name=QSPI_SD0
Added Pin To Net: NetName=QSPI_SD1 Pin=U1-59
Added Pin To Net: NetName=QSPI_SD1 Pin=U4-2
Added Net: Name=QSPI_SD1
Added Pin To Net: NetName=QSPI_SD2 Pin=U1-58
Added Pin To Net: NetName=QSPI_SD2 Pin=U4-7
Added Net: Name=QSPI_SD2
Added Pin To Net: NetName=QSPI_SD3 Pin=U1-55
Added Pin To Net: NetName=QSPI_SD3 Pin=U4-3
Added Net: Name=QSPI_SD3
Added Pin To Net: NetName=QSPI_SS Pin=J3-1
Added Pin To Net: NetName=QSPI_SS Pin=U1-60
Added Net: Name=QSPI_SS
Added Pin To Net: NetName=RUN Pin=S2-1
Added Pin To Net: NetName=RUN Pin=S2-2
Added Pin To Net: NetName=RUN Pin=U1-26
Added Net: Name=RUN
Added Pin To Net: NetName=RXD1 Pin=U1-17
Added Pin To Net: NetName=RXD1 Pin=X4-2
Added Net: Name=RXD1
Added Pin To Net: NetName=SCK1 Pin=U1-4
Added Net: Name=SCK1
Added Pin To Net: NetName=SCL Pin=U1-15
Added Net: Name=SCL
Added Pin To Net: NetName=SDA Pin=U1-14
Added Net: Name=SDA
Added Pin To Net: NetName=TXD1 Pin=U1-16
Added Pin To Net: NetName=TXD1 Pin=X4-1
Added Net: Name=TXD1
Added Pin To Net: NetName=U\S\B\_\B\O\O\T\ Pin=S1-1
Added Pin To Net: NetName=U\S\B\_\B\O\O\T\ Pin=S1-2
Added Net: Name=U\S\B\_\B\O\O\T\
Added Net: Name=USBGND
Added Net: Name=USBVCC
Added Pin To Net: NetName=VREG_AVDD Pin=U1-46
Added Net: Name=VREG_AVDD
Added Pin To Net: NetName=VREG_LX Pin=L4-2
Added Pin To Net: NetName=VREG_LX Pin=U1-48
Added Net: Name=VREG_LX
Added Net: Name=VREG
Added Pin To Net: NetName=XIN Pin=O1-1
Added Pin To Net: NetName=XIN Pin=U1-21
Added Net: Name=XIN
Added Pin To Net: NetName=XOUT Pin=U1-22
Added Net: Name=XOUT
Added Class: Name=Battery Monitoring
Added Class: Name=DC Step-Down Converter
Added Class: Name=Primary MCU
Added Class: Name=Seven-Seg Displays
Added Differential Pair: Name=D
Added Differential Pair: Name=DX
Added Rule: Name=Schematic Supply Nets
Added Rule: Name=Schematic Supply Nets_1
Added Rule: Name=Schematic Supply Nets_2
Added Rule: Name=Schematic Supply Nets_3
Added Rule: Name=Schematic Supply Nets_4
Added Rule: Name=Schematic Supply Nets_5
Added Rule: Name=Schematic Supply Nets_6
Added Rule: Name=Schematic Supply Nets_7
Added Rule: Name=Schematic Supply Nets_8
Added Rule: Name=Schematic Supply Nets_9
Added Rule: Name=Schematic Supply Nets_10
Added Rule: Name=Schematic Supply Nets_11
Added Rule: Name=Schematic Supply Nets_12
Added Rule: Name=Schematic Supply Nets_13
Added Rule: Name=Schematic Supply Nets_14
Added Rule: Name=Schematic Supply Nets_15
Added Rule: Name=Schematic Supply Nets_16
Added Rule: Name=Schematic Supply Nets_17
Added Rule: Name=Schematic Supply Nets_18
