Removed Member From Class: ClassName=Battery Monitoring Member=C2
Removed Member From Class: ClassName=Battery Monitoring Member=C6
Removed Member From Class: ClassName=Battery Monitoring Member=C17
Removed Member From Class: ClassName=Seven-Seg Displays Member=R7
Removed Member From Class: ClassName=Battery Monitoring Member=R9
Removed Member From Class: ClassName=Battery Monitoring Member=U4
Removed Member From Class: ClassName=Seven-Seg Displays Member=U6
Change Component Designator: OldDesignator=C6 NewDesignator=C22
Change Component Designator: OldDesignator=D? NewDesignator=D3
Change Component Designator: OldDesignator=D? NewDesignator=D4
Change Component Designator: OldDesignator=F? NewDesignator=F2
Change Component Designator: OldDesignator=F? NewDesignator=F3
Change Component Designator: OldDesignator=L? NewDesignator=L4
Change Component Designator: OldDesignator=SEG? NewDesignator=SEG1
Change Component Designator: OldDesignator=T? NewDesignator=T1
Change Component Designator: OldDesignator=T? NewDesignator=T2
Change Component Designator: OldDesignator=U? NewDesignator=U7
Change Component Designator: OldDesignator=X? NewDesignator=X3
Change Component Designator: OldDesignator=X? NewDesignator=X4
Change Net Name : Old Net Name=NetR12_1 New Net Name=NetR16_1
Added Member To Class: ClassName=Primary MCU Member=Component C1 [Cap] SMD Nonpolarized
Added Member To Class: ClassName=Primary MCU Member=Component C2 [Cap] SMD Nonpolarized
Added Member To Class: ClassName=Primary MCU Member=Component C3 [Cap] SMD Nonpolarized
Added Member To Class: ClassName=Primary MCU Member=Component C4 [Cap] SMD Nonpolarized
Added Member To Class: ClassName=Primary MCU Member=Component C7 [Cap] SMD Nonpolarized
Added Member To Class: ClassName=Primary MCU Member=Component C9 [Cap] SMD Nonpolarized
Added Member To Class: ClassName=Primary MCU Member=Component C11 [Cap] SMD Nonpolarized
Added Member To Class: ClassName=Primary MCU Member=Component C13 [Cap] SMD Nonpolarized
Added Member To Class: ClassName=Battery Monitoring Member=Component C19 [Cap] SMD Nonpolarized
Added Member To Class: ClassName=Battery Monitoring Member=Component C20 [Cap] SMD Nonpolarized
Added Member To Class: ClassName=Battery Monitoring Member=Component C21 [Cap] SMD Nonpolarized
Added Member To Class: ClassName=Primary MCU Member=Component C22 [Cap] SMD Nonpolarized
Added Member To Class: ClassName=DC Step-Down Converter Member=Component D3 Rectifier
Added Member To Class: ClassName=Battery Monitoring Member=Component F2 Thru-Hole
Added Member To Class: ClassName=Primary MCU Member=Component R1 [Res] SMD Resistor
Added Member To Class: ClassName=Primary MCU Member=Component R2 [Res] SMD Resistor
Added Member To Class: ClassName=Primary MCU Member=Component R3 [Res] SMD Resistor
Added Member To Class: ClassName=Primary MCU Member=Component R4 [Res] SMD Resistor
Added Member To Class: ClassName=Battery Monitoring Member=Component R5 [Res] SMD Resistor
Added Member To Class: ClassName=Primary MCU Member=Component R6 [Res] SMD Resistor
Added Member To Class: ClassName=Primary MCU Member=Component R8 [Res] SMD Resistor
Added Member To Class: ClassName=Primary MCU Member=Component R10 [Res] SMD Resistor
Added Member To Class: ClassName=Primary MCU Member=Component R12 [Res] SMD Resistor
Added Member To Class: ClassName=Seven-Seg Displays Member=Component R14 [Res] SMD Resistor
Added Member To Class: ClassName=DC Step-Down Converter Member=Component T1 [Screw Terminal] 2pin
Added Member To Class: ClassName=Battery Monitoring Member=Component U3 LTC2959
Added Member To Class: ClassName=Primary MCU Member=Component U4 RT6150B-33GQW
Added Member To Class: ClassName=Seven-Seg Displays Member=Component U7 474-COM-11405
Added Member To Class: ClassName=Battery Monitoring Member=Component X3 1996236
