Removed Pin From Net: NetName=NetD2_1 Pin=R3-1
Removed Pin From Net: NetName=LM2576_FEEDBACK Pin=R3-2
Change Component Footprint: Designator=D2 Old Footprint=[LED] Thru-Hole, 3mm, Green New Footprint=[LED] Thru-Hole, 3mm, Blue
Added Component: Designator=D5([LED] Thru-Hole, 3mm, Blue)
Add component (AddParameter): Name = "Color"; Value = "Green"; VariantName = "[No Variations]"
Added Component: Designator=D6([LED] Thru-Hole, 3mm, Blue)
Add component (AddParameter): Name = "Color"; Value = "Yellow"; VariantName = "[No Variations]"
Added Component: Designator=D7([LED] Thru-Hole, 3mm, Blue)
Add component (AddParameter): Name = "Color"; Value = "Red"; VariantName = "[No Variations]"
Added Component: Designator=R18([Res] SMD 1210)
Add component (AddParameter): Name = "JLC Part #"; Value = ""; VariantName = "[No Variations]"
Add component (AddParameter): Name = "Mouser Part #"; Value = ""; VariantName = "[No Variations]"
Add component (AddParameter): Name = "Resistance"; Value = "220"; VariantName = "[No Variations]"
Add component (AddParameter): Name = "Size Package"; Value = "1210"; VariantName = "[No Variations]"
Added Component: Designator=R19([Res] SMD 1210)
Add component (AddParameter): Name = "JLC Part #"; Value = ""; VariantName = "[No Variations]"
Add component (AddParameter): Name = "Mouser Part #"; Value = ""; VariantName = "[No Variations]"
Add component (AddParameter): Name = "Resistance"; Value = "220"; VariantName = "[No Variations]"
Add component (AddParameter): Name = "Size Package"; Value = "1210"; VariantName = "[No Variations]"
Added Component: Designator=R20([Res] SMD 1210)
Add component (AddParameter): Name = "JLC Part #"; Value = ""; VariantName = "[No Variations]"
Add component (AddParameter): Name = "Mouser Part #"; Value = ""; VariantName = "[No Variations]"
Add component (AddParameter): Name = "Resistance"; Value = "220"; VariantName = "[No Variations]"
Add component (AddParameter): Name = "Size Package"; Value = "1210"; VariantName = "[No Variations]"
Added Pin To Net: NetName=LX1 Pin=D5-2
Added Pin To Net: NetName=LX1 Pin=D6-2
Added Pin To Net: NetName=LX1 Pin=D7-2
Added Pin To Net: NetName=+3V3 Pin=R3-1
Added Pin To Net: NetName=NetD2_1 Pin=R3-2
Added Pin To Net: NetName=Green LED Pin=R18-1
Added Pin To Net: NetName=Green LED Pin=U1-31
Added Net: Name=Green LED
Added Pin To Net: NetName=NetD5_1 Pin=D5-1
Added Pin To Net: NetName=NetD5_1 Pin=R18-2
Added Net: Name=NetD5_1
Added Pin To Net: NetName=NetD6_1 Pin=D6-1
Added Pin To Net: NetName=NetD6_1 Pin=R19-2
Added Net: Name=NetD6_1
Added Pin To Net: NetName=NetD7_1 Pin=D7-1
Added Pin To Net: NetName=NetD7_1 Pin=R20-2
Added Net: Name=NetD7_1
Added Pin To Net: NetName=Red LED Pin=R20-1
Added Pin To Net: NetName=Red LED Pin=U1-33
Added Net: Name=Red LED
Added Pin To Net: NetName=Yellow LED Pin=R19-1
Added Pin To Net: NetName=Yellow LED Pin=U1-32
Added Net: Name=Yellow LED
Added Member To Class: ClassName=Primary MCU Member=Component D5 LED
Added Member To Class: ClassName=Primary MCU Member=Component D6 LED
Added Member To Class: ClassName=Primary MCU Member=Component D7 LED
Added Member To Class: ClassName=Primary MCU Member=Component R18 [Res] SMD Resistor
Added Member To Class: ClassName=Primary MCU Member=Component R19 [Res] SMD Resistor
Added Member To Class: ClassName=Primary MCU Member=Component R20 [Res] SMD Resistor
Added Rule: Name=Schematic Supply Nets
Added Rule: Name=Schematic Supply Nets_1
Added Rule: Name=Schematic Supply Nets_2
Added Rule: Name=Schematic Supply Nets_3
Added Rule: Name=Schematic Supply Nets_4
Added Rule: Name=Schematic Supply Nets_5
Added Rule: Name=Schematic Supply Nets_6
Added Rule: Name=Schematic Supply Nets_7
Added Rule: Name=Schematic Supply Nets_8
Added Rule: Name=Schematic Supply Nets_9
Added Rule: Name=Schematic Supply Nets_10
Added Rule: Name=Schematic Supply Nets_11
Added Rule: Name=Schematic Supply Nets_12
Added Rule: Name=Schematic Supply Nets_13
Added Rule: Name=Schematic Supply Nets_14
Added Rule: Name=Schematic Supply Nets_15
Added Rule: Name=Schematic Supply Nets_16
Added Rule: Name=Schematic Supply Nets_17
Added Rule: Name=Schematic Supply Nets_18
