running egg_info
writing ../build/rover_camera/rover_camera.egg-info/PKG-INFO
writing dependency_links to ../build/rover_camera/rover_camera.egg-info/dependency_links.txt
writing entry points to ../build/rover_camera/rover_camera.egg-info/entry_points.txt
writing requirements to ../build/rover_camera/rover_camera.egg-info/requires.txt
writing top-level names to ../build/rover_camera/rover_camera.egg-info/top_level.txt
reading manifest file '../build/rover_camera/rover_camera.egg-info/SOURCES.txt'
writing manifest file '../build/rover_camera/rover_camera.egg-info/SOURCES.txt'
running build
running build_py
copying rover_camera/rover_camera.py -> /home/ros/workspace/src/build/rover_camera/build/lib/rover_camera
running install
running install_lib
copying /home/ros/workspace/src/build/rover_camera/build/lib/rover_camera/rover_camera.py -> /home/ros/workspace/src/install/rover_camera/lib/python3.10/site-packages/rover_camera
byte-compiling /home/ros/workspace/src/install/rover_camera/lib/python3.10/site-packages/rover_camera/rover_camera.py to rover_camera.cpython-310.pyc
running install_data
running install_egg_info
removing '/home/ros/workspace/src/install/rover_camera/lib/python3.10/site-packages/rover_camera-0.0.0-py3.10.egg-info' (and everything under it)
Copying ../build/rover_camera/rover_camera.egg-info to /home/ros/workspace/src/install/rover_camera/lib/python3.10/site-packages/rover_camera-0.0.0-py3.10.egg-info
running install_scripts
writing list of installed files to '/home/ros/workspace/src/build/rover_camera/install.log'
