Added Component: Designator=P1(MOLEX-HDR-1X3-SHERLOCK-RA)
Add component (AddParameter): Name = "Manufacturer"; Value = "Molex Connector Corporation"; VariantName = "[No Variations]"
Add component (AddParameter): Name = "Manufacturer Part Number"; Value = "35363-0360"; VariantName = "[No Variations]"
Add component (AddParameter): Name = "Supplier 1"; Value = "Digi-Key"; VariantName = "[No Variations]"
Add component (AddParameter): Name = "Supplier Part Number 1"; Value = "WM18932-ND"; VariantName = "[No Variations]"
Added Component: Designator=P2(MOLEX-HDR-1X4-SHERLOCK-RA)
Add component (AddParameter): Name = "Manufacturer"; Value = "Molex"; VariantName = "[No Variations]"
Add component (AddParameter): Name = "Manufacturer Part Number"; Value = "0353630460"; VariantName = "[No Variations]"
Add component (AddParameter): Name = "Supplier 1"; Value = "Digikey"; VariantName = "[No Variations]"
Add component (AddParameter): Name = "Supplier Part Number 1"; Value = "WM18933-ND"; VariantName = "[No Variations]"
Added Component: Designator=P3(MOLEX-HDR-1X5-SHERLOCK- RA)
Add component (AddParameter): Name = "Manufacturer"; Value = "Molex"; VariantName = "[No Variations]"
Add component (AddParameter): Name = "Manufacturer Part Number"; Value = "0353630560"; VariantName = "[No Variations]"
Add component (AddParameter): Name = "Supplier 1"; Value = "Digikey"; VariantName = "[No Variations]"
Add component (AddParameter): Name = "Supplier Part Number 1"; Value = "WM18934-ND"; VariantName = "[No Variations]"
Added Component: Designator=P4(MOLEX-HDR-1X2-SHERLOCK-VERT)
Add component (AddParameter): Name = "Manufacturer Part Number"; Value = ""; VariantName = "[No Variations]"
Add component (AddParameter): Name = "Order Part Number"; Value = ""; VariantName = "[No Variations]"
Added Component: Designator=P5(MOLEX-HDR-1X6-SHERLOCK- RA)
Add component (AddParameter): Name = "Supplier 1"; Value = "Digi-Key"; VariantName = "[No Variations]"
Add component (AddParameter): Name = "Supplier Part Number 1"; Value = "WM18935-ND"; VariantName = "[No Variations]"
Add Component: Footprint Not Found MOLEX-HDR-1X8-SHERLOCK- RA
Add Component: Footprint Not Found MODULE_RASPBERRY_PI_4B_4GB
Added Class: Name=PiHat
