[3.458s] Invoking command in '/home/ros/workspace/src/rover_camera': PYTHONPATH=/home/ros/workspace/build/rover_camera/prefix_override:/usr/lib/python3/dist-packages/colcon_core/task/python/colcon_distutils_commands:/home/ros/workspace/install/rover_camera/lib/python3.10/site-packages:${PYTHONPATH} /usr/bin/python3 -W ignore:setup.py install is deprecated setup.py egg_info --egg-base ../../build/rover_camera build --build-base /home/ros/workspace/build/rover_camera/build install --record /home/ros/workspace/build/rover_camera/install.log --single-version-externally-managed install_data
[4.452s] running egg_info
[4.452s] creating ../../build/rover_camera/rover_camera.egg-info
[4.454s] writing ../../build/rover_camera/rover_camera.egg-info/PKG-INFO
[4.454s] writing dependency_links to ../../build/rover_camera/rover_camera.egg-info/dependency_links.txt
[4.455s] writing entry points to ../../build/rover_camera/rover_camera.egg-info/entry_points.txt
[4.455s] writing requirements to ../../build/rover_camera/rover_camera.egg-info/requires.txt
[4.456s] writing top-level names to ../../build/rover_camera/rover_camera.egg-info/top_level.txt
[4.458s] writing manifest file '../../build/rover_camera/rover_camera.egg-info/SOURCES.txt'
[4.459s] reading manifest file '../../build/rover_camera/rover_camera.egg-info/SOURCES.txt'
[4.465s] writing manifest file '../../build/rover_camera/rover_camera.egg-info/SOURCES.txt'
[4.466s] running build
[4.466s] running build_py
[4.467s] creating /home/ros/workspace/build/rover_camera/build
[4.467s] creating /home/ros/workspace/build/rover_camera/build/lib
[4.468s] creating /home/ros/workspace/build/rover_camera/build/lib/rover_camera
[4.468s] copying rover_camera/rover_camera.py -> /home/ros/workspace/build/rover_camera/build/lib/rover_camera
[4.469s] copying rover_camera/__init__.py -> /home/ros/workspace/build/rover_camera/build/lib/rover_camera
[4.470s] running install
[4.470s] running install_lib
[4.471s] creating /home/ros/workspace/install/rover_camera/lib/python3.10/site-packages/rover_camera
[4.471s] copying /home/ros/workspace/build/rover_camera/build/lib/rover_camera/rover_camera.py -> /home/ros/workspace/install/rover_camera/lib/python3.10/site-packages/rover_camera
[4.471s] copying /home/ros/workspace/build/rover_camera/build/lib/rover_camera/__init__.py -> /home/ros/workspace/install/rover_camera/lib/python3.10/site-packages/rover_camera
[4.472s] byte-compiling /home/ros/workspace/install/rover_camera/lib/python3.10/site-packages/rover_camera/rover_camera.py to rover_camera.cpython-310.pyc
[4.472s] byte-compiling /home/ros/workspace/install/rover_camera/lib/python3.10/site-packages/rover_camera/__init__.py to __init__.cpython-310.pyc
[4.473s] running install_data
[4.474s] creating /home/ros/workspace/install/rover_camera/share/ament_index
[4.475s] creating /home/ros/workspace/install/rover_camera/share/ament_index/resource_index
[4.475s] creating /home/ros/workspace/install/rover_camera/share/ament_index/resource_index/packages
[4.476s] copying resource/rover_camera -> /home/ros/workspace/install/rover_camera/share/ament_index/resource_index/packages
[4.477s] copying package.xml -> /home/ros/workspace/install/rover_camera/share/rover_camera
[4.477s] running install_egg_info
[4.479s] Copying ../../build/rover_camera/rover_camera.egg-info to /home/ros/workspace/install/rover_camera/lib/python3.10/site-packages/rover_camera-0.0.0-py3.10.egg-info
[4.483s] running install_scripts
[4.587s] writing list of installed files to '/home/ros/workspace/build/rover_camera/install.log'
[4.763s] Invoked command in '/home/ros/workspace/src/rover_camera' returned '0': PYTHONPATH=/home/ros/workspace/build/rover_camera/prefix_override:/usr/lib/python3/dist-packages/colcon_core/task/python/colcon_distutils_commands:/home/ros/workspace/install/rover_camera/lib/python3.10/site-packages:${PYTHONPATH} /usr/bin/python3 -W ignore:setup.py install is deprecated setup.py egg_info --egg-base ../../build/rover_camera build --build-base /home/ros/workspace/build/rover_camera/build install --record /home/ros/workspace/build/rover_camera/install.log --single-version-externally-managed install_data
